<?xml version="1.0" encoding="UTF-8"?>
<coverage generated="1774224914361" clover="3.2.0">
  <project timestamp="1774224914361" name="All files">
    <metrics statements="944" coveredstatements="570" conditionals="1040" coveredconditionals="469" methods="358" coveredmethods="186" elements="2342" coveredelements="1225" complexity="0" loc="944" ncloc="944" packages="3" files="6" classes="6"/>
    <package name="src">
      <metrics statements="146" coveredstatements="102" conditionals="170" coveredconditionals="91" methods="55" coveredmethods="32"/>
      <file name="App.tsx" path="D:\work\sentiment-analyzer\frontend\src\App.tsx">
        <metrics statements="146" coveredstatements="102" conditionals="170" coveredconditionals="91" methods="55" coveredmethods="32"/>
        <line num="18" count="2" type="stmt"/>
        <line num="125" count="16" type="stmt"/>
        <line num="126" count="16" type="stmt"/>
        <line num="127" count="16" type="stmt"/>
        <line num="128" count="16" type="stmt"/>
        <line num="130" count="16" type="stmt"/>
        <line num="131" count="4" type="stmt"/>
        <line num="132" count="4" type="stmt"/>
        <line num="133" count="4" type="stmt"/>
        <line num="134" count="4" type="cond" truecount="1" falsecount="1"/>
        <line num="135" count="4" type="stmt"/>
        <line num="136" count="4" type="stmt"/>
        <line num="137" count="4" type="stmt"/>
        <line num="138" count="4" type="stmt"/>
        <line num="140" count="0" type="cond" truecount="0" falsecount="2"/>
        <line num="142" count="4" type="stmt"/>
        <line num="146" count="16" type="stmt"/>
        <line num="147" count="4" type="stmt"/>
        <line num="148" count="4" type="stmt"/>
        <line num="149" count="4" type="stmt"/>
        <line num="152" count="16" type="stmt"/>
        <line num="156" count="13" type="stmt"/>
        <line num="157" count="13" type="stmt"/>
        <line num="158" count="13" type="stmt"/>
        <line num="160" count="13" type="stmt"/>
        <line num="161" count="6" type="cond" truecount="2" falsecount="0"/>
        <line num="163" count="2" type="stmt"/>
        <line num="164" count="2" type="stmt"/>
        <line num="165" count="2" type="stmt"/>
        <line num="166" count="2" type="stmt"/>
        <line num="167" count="2" type="cond" truecount="1" falsecount="1"/>
        <line num="168" count="2" type="stmt"/>
        <line num="169" count="2" type="stmt"/>
        <line num="176" count="2" type="stmt"/>
        <line num="178" count="0" type="cond" truecount="0" falsecount="2"/>
        <line num="180" count="2" type="stmt"/>
        <line num="184" count="2" type="stmt"/>
        <line num="187" count="13" type="stmt"/>
        <line num="200" count="7" type="stmt"/>
        <line num="206" count="7" type="stmt"/>
        <line num="208" count="7" type="stmt"/>
        <line num="240" count="10" type="stmt"/>
        <line num="241" count="10" type="cond" truecount="1" falsecount="1"/>
        <line num="242" count="10" type="cond" truecount="1" falsecount="1"/>
        <line num="244" count="10" type="stmt"/>
        <line num="264" count="2" type="stmt"/>
        <line num="272" count="5" type="stmt"/>
        <line num="273" count="5" type="stmt"/>
        <line num="274" count="5" type="stmt"/>
        <line num="275" count="5" type="stmt"/>
        <line num="277" count="5" type="stmt"/>
        <line num="279" count="1" type="stmt"/>
        <line num="290" count="0" type="stmt"/>
        <line num="291" count="0" type="stmt"/>
        <line num="292" count="0" type="stmt"/>
        <line num="295" count="0" type="stmt"/>
        <line num="296" count="0" type="stmt"/>
        <line num="297" count="0" type="stmt"/>
        <line num="438" count="9" type="stmt"/>
        <line num="440" count="9" type="cond" truecount="1" falsecount="1"/>
        <line num="441" count="0" type="stmt"/>
        <line num="457" count="9" type="stmt"/>
        <line num="458" count="9" type="cond" truecount="0" falsecount="4"/>
        <line num="460" count="9" type="stmt"/>
        <line num="461" count="9" type="stmt"/>
        <line num="462" count="9" type="cond" truecount="1" falsecount="1"/>
        <line num="463" count="0" type="stmt"/>
        <line num="464" count="9" type="cond" truecount="1" falsecount="1"/>
        <line num="465" count="0" type="stmt"/>
        <line num="466" count="0" type="stmt"/>
        <line num="467" count="0" type="cond" truecount="0" falsecount="2"/>
        <line num="469" count="9" type="cond" truecount="1" falsecount="1"/>
        <line num="470" count="0" type="stmt"/>
        <line num="472" count="9" type="stmt"/>
        <line num="475" count="9" type="stmt"/>
        <line num="491" count="0" type="stmt"/>
        <line num="547" count="5" type="stmt"/>
        <line num="564" count="13" type="stmt"/>
        <line num="566" count="13" type="stmt"/>
        <line num="567" count="9" type="cond" truecount="0" falsecount="2"/>
        <line num="568" count="9" type="stmt"/>
        <line num="569" count="9" type="stmt"/>
        <line num="572" count="13" type="cond" truecount="2" falsecount="0"/>
        <line num="574" count="6" type="stmt"/>
        <line num="575" count="10" type="cond" truecount="1" falsecount="1"/>
        <line num="576" count="0" type="cond" truecount="0" falsecount="2"/>
        <line num="577" count="0" type="stmt"/>
        <line num="580" count="6" type="stmt"/>
        <line num="581" count="2" type="cond" truecount="1" falsecount="1"/>
        <line num="582" count="0" type="cond" truecount="0" falsecount="2"/>
        <line num="583" count="0" type="stmt"/>
        <line num="586" count="6" type="stmt"/>
        <line num="601" count="0" type="stmt"/>
        <line num="685" count="0" type="stmt"/>
        <line num="686" count="0" type="stmt"/>
        <line num="687" count="0" type="stmt"/>
        <line num="688" count="0" type="stmt"/>
        <line num="693" count="0" type="cond" truecount="0" falsecount="2"/>
        <line num="694" count="0" type="cond" truecount="0" falsecount="2"/>
        <line num="695" count="0" type="stmt"/>
        <line num="696" count="0" type="stmt"/>
        <line num="717" count="0" type="stmt"/>
        <line num="718" count="0" type="cond" truecount="0" falsecount="4"/>
        <line num="719" count="0" type="stmt"/>
        <line num="725" count="0" type="stmt"/>
        <line num="736" count="0" type="stmt"/>
        <line num="809" count="2" type="stmt"/>
        <line num="842" count="2" type="stmt"/>
        <line num="913" count="2" type="stmt"/>
        <line num="917" count="2" type="stmt"/>
        <line num="930" count="0" type="stmt"/>
        <line num="945" count="2" type="stmt"/>
        <line num="984" count="16" type="stmt"/>
        <line num="985" count="16" type="stmt"/>
        <line num="986" count="16" type="stmt"/>
        <line num="987" count="16" type="stmt"/>
        <line num="988" count="16" type="stmt"/>
        <line num="989" count="16" type="stmt"/>
        <line num="991" count="16" type="stmt"/>
        <line num="992" count="4" type="cond" truecount="1" falsecount="1"/>
        <line num="993" count="4" type="cond" truecount="1" falsecount="1"/>
        <line num="996" count="16" type="stmt"/>
        <line num="997" count="1" type="stmt"/>
        <line num="999" count="1" type="stmt"/>
        <line num="1000" count="1" type="cond" truecount="1" falsecount="1"/>
        <line num="1001" count="0" type="stmt"/>
        <line num="1002" count="0" type="stmt"/>
        <line num="1005" count="1" type="cond" truecount="1" falsecount="1"/>
        <line num="1006" count="0" type="stmt"/>
        <line num="1008" count="1" type="cond" truecount="1" falsecount="1"/>
        <line num="1009" count="0" type="stmt"/>
        <line num="1010" count="0" type="stmt"/>
        <line num="1013" count="1" type="stmt"/>
        <line num="1014" count="1" type="stmt"/>
        <line num="1015" count="1" type="stmt"/>
        <line num="1016" count="1" type="stmt"/>
        <line num="1019" count="64" type="stmt"/>
        <line num="1031" count="16" type="stmt"/>
        <line num="1079" count="0" type="stmt"/>
        <line num="1082" count="2" type="stmt"/>
        <line num="1085" count="0" type="stmt"/>
        <line num="1088" count="0" type="stmt"/>
        <line num="1104" count="1" type="stmt"/>
        <line num="1105" count="1" type="cond" truecount="1" falsecount="1"/>
        <line num="1144" count="0" type="stmt"/>
        <line num="1186" count="0" type="stmt"/>
      </file>
    </package>
    <package name="src.components">
      <metrics statements="641" coveredstatements="409" conditionals="811" coveredconditionals="367" methods="277" coveredmethods="148"/>
      <file name="AgentManagementDashboard.tsx" path="D:\work\sentiment-analyzer\frontend\src\components\AgentManagementDashboard.tsx">
        <metrics statements="400" coveredstatements="324" conditionals="497" coveredconditionals="294" methods="152" coveredmethods="117"/>
        <line num="245" count="2" type="stmt"/>
        <line num="246" count="2" type="stmt"/>
        <line num="248" count="2" type="stmt"/>
        <line num="256" count="175" type="cond" truecount="3" falsecount="1"/>
        <line num="260" count="126" type="cond" truecount="3" falsecount="1"/>
        <line num="264" count="14" type="stmt"/>
        <line num="288" count="7" type="cond" truecount="3" falsecount="1"/>
        <line num="290" count="7" type="stmt"/>
        <line num="320" count="866" type="stmt"/>
        <line num="328" count="1051" type="stmt"/>
        <line num="332" count="587" type="cond" truecount="1" falsecount="1"/>
        <line num="334" count="587" type="stmt"/>
        <line num="335" count="587" type="cond" truecount="1" falsecount="1"/>
        <line num="339" count="375" type="cond" truecount="2" falsecount="2"/>
        <line num="340" count="0" type="cond" truecount="0" falsecount="4"/>
        <line num="341" count="0" type="cond" truecount="0" falsecount="2"/>
        <line num="345" count="96" type="stmt"/>
        <line num="363" count="84" type="stmt"/>
        <line num="365" count="84" type="stmt"/>
        <line num="366" count="155" type="cond" truecount="1" falsecount="1"/>
        <line num="367" count="155" type="stmt"/>
        <line num="368" count="155" type="cond" truecount="2" falsecount="0"/>
        <line num="369" count="81" type="stmt"/>
        <line num="372" count="84" type="stmt"/>
        <line num="373" count="7" type="stmt"/>
        <line num="374" count="81" type="stmt"/>
        <line num="377" count="155" type="stmt"/>
        <line num="378" count="155" type="stmt"/>
        <line num="379" count="155" type="stmt"/>
        <line num="384" count="312" type="cond" truecount="2" falsecount="0"/>
        <line num="385" count="302" type="cond" truecount="2" falsecount="0"/>
        <line num="387" count="235" type="stmt"/>
        <line num="388" count="235" type="stmt"/>
        <line num="389" count="235" type="cond" truecount="1" falsecount="1"/>
        <line num="391" count="312" type="stmt"/>
        <line num="393" count="470" type="stmt"/>
        <line num="394" count="470" type="stmt"/>
        <line num="395" count="470" type="cond" truecount="2" falsecount="0"/>
        <line num="401" count="375" type="cond" truecount="1" falsecount="1"/>
        <line num="405" count="42" type="cond" truecount="1" falsecount="1"/>
        <line num="409" count="42" type="cond" truecount="3" falsecount="1"/>
        <line num="410" count="0" type="stmt"/>
        <line num="413" count="42" type="stmt"/>
        <line num="414" count="42" type="cond" truecount="1" falsecount="1"/>
        <line num="415" count="0" type="cond" truecount="0" falsecount="4"/>
        <line num="416" count="0" type="stmt"/>
        <line num="417" count="0" type="stmt"/>
        <line num="418" count="0" type="cond" truecount="0" falsecount="2"/>
        <line num="420" count="0" type="stmt"/>
        <line num="424" count="0" type="stmt"/>
        <line num="427" count="42" type="stmt"/>
        <line num="431" count="170" type="stmt"/>
        <line num="439" count="386" type="cond" truecount="2" falsecount="0"/>
        <line num="440" count="386" type="cond" truecount="2" falsecount="0"/>
        <line num="441" count="386" type="cond" truecount="2" falsecount="0"/>
        <line num="462" count="7" type="stmt"/>
        <line num="498" count="1" type="stmt"/>
        <line num="507" count="1" type="stmt"/>
        <line num="517" count="1" type="stmt"/>
        <line num="521" count="70" type="stmt"/>
        <line num="530" count="1" type="stmt"/>
        <line num="534" count="56" type="stmt"/>
        <line num="545" count="1" type="stmt"/>
        <line num="586" count="2" type="stmt"/>
        <line num="646" count="2" type="stmt"/>
        <line num="668" count="0" type="cond" truecount="0" falsecount="2"/>
        <line num="670" count="0" type="stmt"/>
        <line num="671" count="0" type="cond" truecount="0" falsecount="2"/>
        <line num="674" count="0" type="stmt"/>
        <line num="718" count="0" type="cond" truecount="0" falsecount="2"/>
        <line num="729" count="0" type="cond" truecount="0" falsecount="2"/>
        <line num="739" count="0" type="stmt"/>
        <line num="742" count="0" type="stmt"/>
        <line num="777" count="0" type="stmt"/>
        <line num="828" count="84" type="stmt"/>
        <line num="829" count="84" type="stmt"/>
        <line num="830" count="84" type="stmt"/>
        <line num="831" count="84" type="stmt"/>
        <line num="833" count="84" type="stmt"/>
        <line num="856" count="81" type="stmt"/>
        <line num="858" count="81" type="stmt"/>
        <line num="925" count="84" type="cond" truecount="2" falsecount="0"/>
        <line num="926" count="8" type="stmt"/>
        <line num="934" count="76" type="cond" truecount="1" falsecount="1"/>
        <line num="935" count="84" type="stmt"/>
        <line num="936" count="152" type="stmt"/>
        <line num="937" count="152" type="stmt"/>
        <line num="938" count="152" type="stmt"/>
        <line num="939" count="152" type="stmt"/>
        <line num="940" count="152" type="stmt"/>
        <line num="941" count="152" type="stmt"/>
        <line num="943" count="84" type="stmt"/>
        <line num="960" count="304" type="stmt"/>
        <line num="972" count="2" type="stmt"/>
        <line num="977" count="228" type="cond" truecount="2" falsecount="0"/>
        <line num="985" count="1" type="stmt"/>
        <line num="990" count="228" type="cond" truecount="2" falsecount="0"/>
        <line num="1024" count="228" type="stmt"/>
        <line num="1040" count="116" type="stmt"/>
        <line num="1042" count="1" type="stmt"/>
        <line num="1077" count="152" type="stmt"/>
        <line num="1140" count="138" type="cond" truecount="2" falsecount="0"/>
        <line num="1141" count="84" type="stmt"/>
        <line num="1142" count="84" type="stmt"/>
        <line num="1143" count="84" type="cond" truecount="2" falsecount="0"/>
        <line num="1146" count="84" type="cond" truecount="2" falsecount="0"/>
        <line num="1147" count="138" type="cond" truecount="2" falsecount="0"/>
        <line num="1150" count="84" type="stmt"/>
        <line num="1188" count="2" type="cond" truecount="1" falsecount="1"/>
        <line num="1189" count="2" type="stmt"/>
        <line num="1203" count="0" type="cond" truecount="0" falsecount="2"/>
        <line num="1204" count="0" type="stmt"/>
        <line num="1213" count="117" type="stmt"/>
        <line num="1227" count="702" type="stmt"/>
        <line num="1256" count="68" type="stmt"/>
        <line num="1258" count="68" type="stmt"/>
        <line num="1259" count="13" type="cond" truecount="2" falsecount="0"/>
        <line num="1262" count="68" type="cond" truecount="3" falsecount="0"/>
        <line num="1263" count="68" type="stmt"/>
        <line num="1264" count="68" type="stmt"/>
        <line num="1266" count="68" type="stmt"/>
        <line num="1278" count="42" type="stmt"/>
        <line num="1279" count="42" type="stmt"/>
        <line num="1280" count="42" type="stmt"/>
        <line num="1281" count="42" type="stmt"/>
        <line num="1282" count="42" type="stmt"/>
        <line num="1283" count="42" type="cond" truecount="2" falsecount="0"/>
        <line num="1284" count="42" type="stmt"/>
        <line num="1285" count="42" type="stmt"/>
        <line num="1287" count="42" type="stmt"/>
        <line num="1290" count="84" type="cond" truecount="2" falsecount="0"/>
        <line num="1292" count="84" type="stmt"/>
        <line num="1298" count="1" type="cond" truecount="2" falsecount="0"/>
        <line num="1300" count="0" type="cond" truecount="0" falsecount="5"/>
        <line num="1301" count="0" type="stmt"/>
        <line num="1302" count="0" type="stmt"/>
        <line num="1316" count="0" type="stmt"/>
        <line num="1317" count="0" type="cond" truecount="0" falsecount="4"/>
        <line num="1318" count="0" type="stmt"/>
        <line num="1319" count="0" type="stmt"/>
        <line num="1351" count="84" type="stmt"/>
        <line num="1353" count="0" type="cond" truecount="0" falsecount="2"/>
        <line num="1383" count="42" type="stmt"/>
        <line num="1385" count="0" type="stmt"/>
        <line num="1419" count="89" type="stmt"/>
        <line num="1420" count="89" type="stmt"/>
        <line num="1421" count="89" type="stmt"/>
        <line num="1422" count="89" type="stmt"/>
        <line num="1423" count="89" type="stmt"/>
        <line num="1424" count="89" type="stmt"/>
        <line num="1425" count="89" type="stmt"/>
        <line num="1426" count="89" type="stmt"/>
        <line num="1427" count="89" type="stmt"/>
        <line num="1428" count="89" type="stmt"/>
        <line num="1429" count="89" type="stmt"/>
        <line num="1430" count="89" type="stmt"/>
        <line num="1431" count="89" type="stmt"/>
        <line num="1432" count="89" type="stmt"/>
        <line num="1433" count="89" type="stmt"/>
        <line num="1434" count="89" type="stmt"/>
        <line num="1435" count="89" type="stmt"/>
        <line num="1436" count="89" type="stmt"/>
        <line num="1437" count="89" type="stmt"/>
        <line num="1438" count="89" type="stmt"/>
        <line num="1439" count="89" type="stmt"/>
        <line num="1440" count="89" type="stmt"/>
        <line num="1441" count="89" type="stmt"/>
        <line num="1442" count="89" type="stmt"/>
        <line num="1443" count="89" type="stmt"/>
        <line num="1444" count="89" type="stmt"/>
        <line num="1445" count="89" type="stmt"/>
        <line num="1446" count="89" type="stmt"/>
        <line num="1447" count="89" type="stmt"/>
        <line num="1448" count="89" type="stmt"/>
        <line num="1449" count="89" type="stmt"/>
        <line num="1450" count="89" type="stmt"/>
        <line num="1451" count="89" type="stmt"/>
        <line num="1452" count="89" type="stmt"/>
        <line num="1453" count="89" type="stmt"/>
        <line num="1454" count="89" type="stmt"/>
        <line num="1455" count="89" type="stmt"/>
        <line num="1456" count="89" type="stmt"/>
        <line num="1457" count="89" type="stmt"/>
        <line num="1458" count="89" type="stmt"/>
        <line num="1459" count="89" type="stmt"/>
        <line num="1460" count="89" type="stmt"/>
        <line num="1461" count="89" type="stmt"/>
        <line num="1462" count="89" type="stmt"/>
        <line num="1465" count="89" type="stmt"/>
        <line num="1466" count="2" type="stmt"/>
        <line num="1467" count="0" type="stmt"/>
        <line num="1470" count="2" type="stmt"/>
        <line num="1473" count="89" type="stmt"/>
        <line num="1474" count="5" type="stmt"/>
        <line num="1475" count="5" type="stmt"/>
        <line num="1479" count="5" type="cond" truecount="2" falsecount="0"/>
        <line num="1480" count="5" type="stmt"/>
        <line num="1482" count="5" type="stmt"/>
        <line num="1489" count="5" type="cond" truecount="1" falsecount="1"/>
        <line num="1490" count="5" type="cond" truecount="1" falsecount="1"/>
        <line num="1492" count="5" type="stmt"/>
        <line num="1493" count="5" type="stmt"/>
        <line num="1495" count="5" type="cond" truecount="1" falsecount="1"/>
        <line num="1496" count="5" type="stmt"/>
        <line num="1498" count="5" type="stmt"/>
        <line num="1499" count="5" type="stmt"/>
        <line num="1500" count="5" type="cond" truecount="1" falsecount="1"/>
        <line num="1501" count="5" type="stmt"/>
        <line num="1502" count="5" type="stmt"/>
        <line num="1503" count="5" type="cond" truecount="2" falsecount="1"/>
        <line num="1505" count="0" type="stmt"/>
        <line num="1507" count="5" type="cond" truecount="1" falsecount="1"/>
        <line num="1508" count="5" type="stmt"/>
        <line num="1510" count="0" type="stmt"/>
        <line num="1512" count="5" type="cond" truecount="3" falsecount="0"/>
        <line num="1514" count="0" type="cond" truecount="0" falsecount="2"/>
        <line num="1516" count="5" type="stmt"/>
        <line num="1520" count="5" type="stmt"/>
        <line num="1523" count="89" type="stmt"/>
        <line num="1524" count="10" type="cond" truecount="2" falsecount="0"/>
        <line num="1525" count="3" type="stmt"/>
        <line num="1526" count="3" type="stmt"/>
        <line num="1527" count="3" type="stmt"/>
        <line num="1528" count="3" type="stmt"/>
        <line num="1529" count="3" type="stmt"/>
        <line num="1532" count="7" type="stmt"/>
        <line num="1533" count="7" type="stmt"/>
        <line num="1536" count="7" type="cond" truecount="2" falsecount="0"/>
        <line num="1537" count="7" type="stmt"/>
        <line num="1539" count="7" type="stmt"/>
        <line num="1546" count="7" type="cond" truecount="1" falsecount="1"/>
        <line num="1548" count="7" type="stmt"/>
        <line num="1549" count="7" type="stmt"/>
        <line num="1550" count="7" type="stmt"/>
        <line num="1551" count="7" type="cond" truecount="2" falsecount="0"/>
        <line num="1552" count="6" type="stmt"/>
        <line num="1553" count="6" type="stmt"/>
        <line num="1556" count="7" type="cond" truecount="1" falsecount="1"/>
        <line num="1557" count="7" type="stmt"/>
        <line num="1559" count="0" type="stmt"/>
        <line num="1562" count="7" type="cond" truecount="1" falsecount="1"/>
        <line num="1563" count="7" type="stmt"/>
        <line num="1565" count="0" type="stmt"/>
        <line num="1568" count="7" type="cond" truecount="1" falsecount="1"/>
        <line num="1569" count="7" type="stmt"/>
        <line num="1570" count="7" type="cond" truecount="1" falsecount="1"/>
        <line num="1572" count="0" type="stmt"/>
        <line num="1575" count="0" type="cond" truecount="0" falsecount="2"/>
        <line num="1577" count="7" type="stmt"/>
        <line num="1581" count="7" type="stmt"/>
        <line num="1584" count="89" type="stmt"/>
        <line num="1585" count="9" type="cond" truecount="2" falsecount="0"/>
        <line num="1586" count="2" type="stmt"/>
        <line num="1587" count="2" type="stmt"/>
        <line num="1590" count="7" type="stmt"/>
        <line num="1591" count="7" type="stmt"/>
        <line num="1594" count="7" type="cond" truecount="2" falsecount="0"/>
        <line num="1595" count="7" type="stmt"/>
        <line num="1596" count="7" type="cond" truecount="1" falsecount="1"/>
        <line num="1597" count="7" type="stmt"/>
        <line num="1599" count="0" type="stmt"/>
        <line num="1601" count="7" type="stmt"/>
        <line num="1605" count="7" type="stmt"/>
        <line num="1608" count="89" type="stmt"/>
        <line num="1609" count="6" type="cond" truecount="2" falsecount="0"/>
        <line num="1611" count="7" type="stmt"/>
        <line num="1612" count="4" type="stmt"/>
        <line num="1615" count="89" type="stmt"/>
        <line num="1616" count="10" type="cond" truecount="4" falsecount="0"/>
        <line num="1617" count="4" type="stmt"/>
        <line num="1621" count="89" type="stmt"/>
        <line num="1623" count="164" type="stmt"/>
        <line num="1624" count="164" type="cond" truecount="1" falsecount="1"/>
        <line num="1626" count="0" type="stmt"/>
        <line num="1634" count="164" type="stmt"/>
        <line num="1637" count="86" type="cond" truecount="1" falsecount="1"/>
        <line num="1638" count="86" type="cond" truecount="1" falsecount="5"/>
        <line num="1639" count="86" type="cond" truecount="1" falsecount="1"/>
        <line num="1640" count="86" type="stmt"/>
        <line num="1642" count="89" type="cond" truecount="2" falsecount="0"/>
        <line num="1644" count="162" type="stmt"/>
        <line num="1645" count="123" type="stmt"/>
        <line num="1648" count="89" type="stmt"/>
        <line num="1649" count="12" type="cond" truecount="2" falsecount="0"/>
        <line num="1651" count="10" type="cond" truecount="1" falsecount="1"/>
        <line num="1652" count="0" type="stmt"/>
        <line num="1653" count="0" type="stmt"/>
        <line num="1656" count="10" type="cond" truecount="4" falsecount="0"/>
        <line num="1657" count="2" type="cond" truecount="1" falsecount="1"/>
        <line num="1661" count="89" type="stmt"/>
        <line num="1662" count="164" type="cond" truecount="2" falsecount="0"/>
        <line num="1663" count="164" type="cond" truecount="2" falsecount="0"/>
        <line num="1664" count="164" type="stmt"/>
        <line num="1665" count="164" type="stmt"/>
        <line num="1666" count="89" type="stmt"/>
        <line num="1667" count="16" type="cond" truecount="1" falsecount="3"/>
        <line num="1688" count="13" type="stmt"/>
        <line num="1690" count="89" type="stmt"/>
        <line num="1691" count="0" type="stmt"/>
        <line num="1694" count="89" type="stmt"/>
        <line num="1695" count="1" type="cond" truecount="1" falsecount="1"/>
        <line num="1696" count="1" type="stmt"/>
        <line num="1697" count="1" type="stmt"/>
        <line num="1698" count="1" type="stmt"/>
        <line num="1701" count="89" type="stmt"/>
        <line num="1702" count="2" type="stmt"/>
        <line num="1703" count="2" type="stmt"/>
        <line num="1704" count="2" type="cond" truecount="1" falsecount="1"/>
        <line num="1705" count="0" type="stmt"/>
        <line num="1709" count="89" type="stmt"/>
        <line num="1710" count="1" type="cond" truecount="1" falsecount="1"/>
        <line num="1712" count="1" type="stmt"/>
        <line num="1713" count="1" type="stmt"/>
        <line num="1714" count="1" type="stmt"/>
        <line num="1715" count="1" type="stmt"/>
        <line num="1717" count="1" type="stmt"/>
        <line num="1722" count="1" type="cond" truecount="1" falsecount="1"/>
        <line num="1723" count="0" type="stmt"/>
        <line num="1724" count="0" type="cond" truecount="0" falsecount="2"/>
        <line num="1727" count="1" type="stmt"/>
        <line num="1728" count="1" type="stmt"/>
        <line num="1729" count="1" type="stmt"/>
        <line num="1730" count="1" type="stmt"/>
        <line num="1731" count="1" type="stmt"/>
        <line num="1733" count="0" type="cond" truecount="0" falsecount="2"/>
        <line num="1735" count="1" type="stmt"/>
        <line num="1739" count="89" type="stmt"/>
        <line num="1740" count="1" type="stmt"/>
        <line num="1741" count="1" type="stmt"/>
        <line num="1742" count="1" type="stmt"/>
        <line num="1743" count="1" type="stmt"/>
        <line num="1745" count="1" type="stmt"/>
        <line num="1756" count="1" type="cond" truecount="1" falsecount="1"/>
        <line num="1757" count="0" type="stmt"/>
        <line num="1758" count="0" type="cond" truecount="0" falsecount="2"/>
        <line num="1761" count="1" type="stmt"/>
        <line num="1762" count="1" type="cond" truecount="1" falsecount="1"/>
        <line num="1763" count="1" type="stmt"/>
        <line num="1764" count="1" type="stmt"/>
        <line num="1765" count="1" type="stmt"/>
        <line num="1766" count="1" type="stmt"/>
        <line num="1768" count="0" type="cond" truecount="0" falsecount="2"/>
        <line num="1770" count="1" type="stmt"/>
        <line num="1774" count="89" type="stmt"/>
        <line num="1775" count="1" type="cond" truecount="1" falsecount="1"/>
        <line num="1777" count="1" type="stmt"/>
        <line num="1778" count="1" type="stmt"/>
        <line num="1779" count="1" type="stmt"/>
        <line num="1781" count="1" type="stmt"/>
        <line num="1787" count="1" type="cond" truecount="1" falsecount="1"/>
        <line num="1788" count="0" type="stmt"/>
        <line num="1789" count="0" type="cond" truecount="0" falsecount="2"/>
        <line num="1792" count="1" type="stmt"/>
        <line num="1793" count="1" type="stmt"/>
        <line num="1794" count="1" type="stmt"/>
        <line num="1796" count="0" type="cond" truecount="0" falsecount="2"/>
        <line num="1798" count="1" type="stmt"/>
        <line num="1802" count="89" type="stmt"/>
        <line num="1803" count="0" type="stmt"/>
        <line num="1804" count="0" type="stmt"/>
        <line num="1805" count="0" type="stmt"/>
        <line num="1808" count="89" type="stmt"/>
        <line num="1809" count="0" type="cond" truecount="0" falsecount="2"/>
        <line num="1811" count="0" type="stmt"/>
        <line num="1812" count="0" type="stmt"/>
        <line num="1813" count="0" type="stmt"/>
        <line num="1814" count="0" type="stmt"/>
        <line num="1816" count="0" type="stmt"/>
        <line num="1827" count="0" type="cond" truecount="0" falsecount="2"/>
        <line num="1828" count="0" type="stmt"/>
        <line num="1829" count="0" type="cond" truecount="0" falsecount="2"/>
        <line num="1832" count="0" type="stmt"/>
        <line num="1834" count="0" type="cond" truecount="0" falsecount="2"/>
        <line num="1836" count="0" type="stmt"/>
        <line num="1840" count="89" type="stmt"/>
        <line num="1903" count="356" type="stmt"/>
        <line num="1927" count="0" type="stmt"/>
        <line num="1934" count="0" type="stmt"/>
        <line num="1952" count="156" type="stmt"/>
        <line num="1953" count="156" type="cond" truecount="1" falsecount="1"/>
        <line num="1955" count="156" type="stmt"/>
        <line num="1958" count="2" type="stmt"/>
        <line num="1995" count="83" type="stmt"/>
        <line num="1997" count="0" type="stmt"/>
        <line num="2030" count="13" type="stmt"/>
        <line num="2036" count="0" type="stmt"/>
        <line num="2053" count="1" type="cond" truecount="1" falsecount="1"/>
        <line num="2061" count="0" type="stmt"/>
        <line num="2072" count="0" type="stmt"/>
        <line num="2121" count="164" type="stmt"/>
        <line num="2125" count="164" type="stmt"/>
        <line num="2129" count="164" type="cond" truecount="1" falsecount="1"/>
        <line num="2228" count="2" type="stmt"/>
        <line num="2274" count="1" type="stmt"/>
        <line num="2307" count="408" type="stmt"/>
        <line num="2339" count="45" type="stmt"/>
        <line num="2386" count="0" type="stmt"/>
        <line num="2387" count="5" type="stmt"/>
        <line num="2396" count="0" type="stmt"/>
        <line num="2410" count="0" type="stmt"/>
      </file>
      <file name="MarlCompetitionViewer.tsx" path="D:\work\sentiment-analyzer\frontend\src\components\MarlCompetitionViewer.tsx">
        <metrics statements="169" coveredstatements="83" conditionals="197" coveredconditionals="73" methods="90" coveredmethods="31"/>
        <line num="18" count="1" type="stmt"/>
        <line num="26" count="1" type="stmt"/>
        <line num="36" count="1" type="stmt"/>
        <line num="47" count="338" type="cond" truecount="1" falsecount="0"/>
        <line num="58" count="1" type="stmt"/>
        <line num="66" count="1" type="stmt"/>
        <line num="72" count="32" type="stmt"/>
        <line num="76" count="8" type="cond" truecount="2" falsecount="0"/>
        <line num="92" count="95" type="stmt"/>
        <line num="98" count="0" type="stmt"/>
        <line num="103" count="0" type="stmt"/>
        <line num="116" count="1" type="stmt"/>
        <line num="128" count="4" type="stmt"/>
        <line num="134" count="32" type="stmt"/>
        <line num="140" count="8" type="stmt"/>
        <line num="163" count="57" type="stmt"/>
        <line num="166" count="57" type="stmt"/>
        <line num="167" count="57" type="stmt"/>
        <line num="171" count="57" type="stmt"/>
        <line num="172" count="57" type="stmt"/>
        <line num="173" count="57" type="stmt"/>
        <line num="174" count="57" type="stmt"/>
        <line num="175" count="57" type="stmt"/>
        <line num="176" count="57" type="stmt"/>
        <line num="177" count="57" type="stmt"/>
        <line num="178" count="57" type="stmt"/>
        <line num="179" count="57" type="stmt"/>
        <line num="180" count="57" type="stmt"/>
        <line num="181" count="57" type="stmt"/>
        <line num="182" count="57" type="stmt"/>
        <line num="185" count="57" type="stmt"/>
        <line num="186" count="57" type="stmt"/>
        <line num="187" count="57" type="stmt"/>
        <line num="188" count="57" type="stmt"/>
        <line num="189" count="57" type="stmt"/>
        <line num="190" count="57" type="stmt"/>
        <line num="191" count="57" type="stmt"/>
        <line num="194" count="57" type="stmt"/>
        <line num="195" count="57" type="stmt"/>
        <line num="198" count="57" type="stmt"/>
        <line num="199" count="57" type="stmt"/>
        <line num="200" count="57" type="stmt"/>
        <line num="201" count="57" type="stmt"/>
        <line num="202" count="57" type="stmt"/>
        <line num="204" count="57" type="stmt"/>
        <line num="206" count="57" type="stmt"/>
        <line num="207" count="23" type="cond" truecount="2" falsecount="0"/>
        <line num="208" count="21" type="stmt"/>
        <line num="209" count="21" type="stmt"/>
        <line num="210" count="21" type="stmt"/>
        <line num="212" count="2" type="stmt"/>
        <line num="213" count="0" type="cond" truecount="0" falsecount="2"/>
        <line num="214" count="0" type="cond" truecount="0" falsecount="2"/>
        <line num="215" count="2" type="stmt"/>
        <line num="219" count="57" type="stmt"/>
        <line num="220" count="23" type="cond" truecount="1" falsecount="1"/>
        <line num="221" count="23" type="stmt"/>
        <line num="222" count="23" type="stmt"/>
        <line num="223" count="23" type="stmt"/>
        <line num="225" count="0" type="stmt"/>
        <line num="226" count="0" type="cond" truecount="0" falsecount="2"/>
        <line num="228" count="0" type="stmt"/>
        <line num="229" count="0" type="stmt"/>
        <line num="231" count="0" type="cond" truecount="0" falsecount="2"/>
        <line num="232" count="0" type="stmt"/>
        <line num="235" count="0" type="stmt"/>
        <line num="236" count="0" type="stmt"/>
        <line num="240" count="57" type="stmt"/>
        <line num="241" count="4" type="stmt"/>
        <line num="242" count="4" type="cond" truecount="1" falsecount="1"/>
        <line num="243" count="9" type="stmt"/>
        <line num="245" count="4" type="stmt"/>
        <line num="259" count="4" type="stmt"/>
        <line num="262" count="57" type="stmt"/>
        <line num="263" count="0" type="stmt"/>
        <line num="264" count="0" type="stmt"/>
        <line num="265" count="0" type="stmt"/>
        <line num="266" count="0" type="stmt"/>
        <line num="267" count="0" type="stmt"/>
        <line num="268" count="0" type="stmt"/>
        <line num="269" count="0" type="cond" truecount="0" falsecount="2"/>
        <line num="270" count="0" type="stmt"/>
        <line num="274" count="0" type="stmt"/>
        <line num="278" count="57" type="stmt"/>
        <line num="279" count="1" type="stmt"/>
        <line num="280" count="2" type="stmt"/>
        <line num="281" count="1" type="stmt"/>
        <line num="284" count="57" type="stmt"/>
        <line num="285" count="0" type="stmt"/>
        <line num="286" count="0" type="stmt"/>
        <line num="287" count="0" type="stmt"/>
        <line num="288" count="0" type="stmt"/>
        <line num="289" count="0" type="stmt"/>
        <line num="303" count="0" type="cond" truecount="0" falsecount="2"/>
        <line num="304" count="0" type="stmt"/>
        <line num="305" count="0" type="cond" truecount="0" falsecount="2"/>
        <line num="307" count="0" type="stmt"/>
        <line num="308" count="0" type="stmt"/>
        <line num="309" count="0" type="stmt"/>
        <line num="310" count="0" type="stmt"/>
        <line num="311" count="0" type="stmt"/>
        <line num="313" count="0" type="stmt"/>
        <line num="314" count="0" type="cond" truecount="0" falsecount="2"/>
        <line num="315" count="0" type="stmt"/>
        <line num="316" count="0" type="stmt"/>
        <line num="317" count="0" type="stmt"/>
        <line num="318" count="0" type="stmt"/>
        <line num="321" count="0" type="cond" truecount="0" falsecount="2"/>
        <line num="323" count="0" type="stmt"/>
        <line num="327" count="57" type="stmt"/>
        <line num="328" count="3" type="cond" truecount="1" falsecount="1"/>
        <line num="329" count="3" type="stmt"/>
        <line num="334" count="57" type="cond" truecount="1" falsecount="1"/>
        <line num="336" count="0" type="stmt"/>
        <line num="337" count="0" type="stmt"/>
        <line num="338" count="0" type="stmt"/>
        <line num="340" count="0" type="stmt"/>
        <line num="343" count="0" type="cond" truecount="0" falsecount="2"/>
        <line num="355" count="57" type="stmt"/>
        <line num="404" count="114" type="stmt"/>
        <line num="406" count="1" type="stmt"/>
        <line num="433" count="0" type="stmt"/>
        <line num="443" count="92" type="stmt"/>
        <line num="446" count="0" type="stmt"/>
        <line num="462" count="1" type="stmt"/>
        <line num="471" count="0" type="stmt"/>
        <line num="479" count="0" type="stmt"/>
        <line num="496" count="0" type="stmt"/>
        <line num="502" count="0" type="stmt"/>
        <line num="507" count="0" type="stmt"/>
        <line num="516" count="138" type="stmt"/>
        <line num="519" count="0" type="stmt"/>
        <line num="539" count="0" type="stmt"/>
        <line num="549" count="0" type="stmt"/>
        <line num="554" count="0" type="stmt"/>
        <line num="582" count="95" type="stmt"/>
        <line num="586" count="3" type="stmt"/>
        <line num="587" count="2" type="cond" truecount="2" falsecount="0"/>
        <line num="595" count="138" type="stmt"/>
        <line num="616" count="6" type="stmt"/>
        <line num="619" count="0" type="stmt"/>
        <line num="621" count="0" type="stmt"/>
        <line num="632" count="2" type="stmt"/>
        <line num="640" count="0" type="stmt"/>
        <line num="645" count="0" type="stmt"/>
        <line num="649" count="0" type="stmt"/>
        <line num="662" count="0" type="stmt"/>
        <line num="675" count="0" type="stmt"/>
        <line num="685" count="0" type="stmt"/>
        <line num="691" count="0" type="stmt"/>
        <line num="713" count="0" type="stmt"/>
        <line num="742" count="0" type="stmt"/>
        <line num="770" count="0" type="stmt"/>
        <line num="776" count="0" type="stmt"/>
        <line num="837" count="0" type="stmt"/>
        <line num="861" count="0" type="stmt"/>
        <line num="867" count="0" type="stmt"/>
        <line num="892" count="0" type="stmt"/>
        <line num="903" count="0" type="stmt"/>
        <line num="918" count="0" type="stmt"/>
        <line num="924" count="0" type="stmt"/>
        <line num="951" count="0" type="stmt"/>
        <line num="982" count="0" type="cond" truecount="0" falsecount="2"/>
        <line num="992" count="0" type="stmt"/>
        <line num="1027" count="0" type="stmt"/>
        <line num="1038" count="0" type="stmt"/>
        <line num="1051" count="0" type="stmt"/>
        <line num="1064" count="0" type="stmt"/>
        <line num="1087" count="0" type="stmt"/>
      </file>
      <file name="SocialDashboard.tsx" path="D:\work\sentiment-analyzer\frontend\src\components\SocialDashboard.tsx">
        <metrics statements="72" coveredstatements="2" conditionals="117" coveredconditionals="0" methods="35" coveredmethods="0"/>
        <line num="12" count="1" type="stmt"/>
        <line num="28" count="0" type="cond" truecount="0" falsecount="2"/>
        <line num="29" count="0" type="cond" truecount="0" falsecount="2"/>
        <line num="30" count="0" type="stmt"/>
        <line num="34" count="0" type="stmt"/>
        <line num="45" count="0" type="stmt"/>
        <line num="49" count="0" type="cond" truecount="0" falsecount="2"/>
        <line num="53" count="0" type="stmt"/>
        <line num="54" count="0" type="stmt"/>
        <line num="55" count="0" type="cond" truecount="0" falsecount="2"/>
        <line num="56" count="0" type="stmt"/>
        <line num="57" count="0" type="cond" truecount="0" falsecount="2"/>
        <line num="58" count="0" type="stmt"/>
        <line num="64" count="0" type="stmt"/>
        <line num="75" count="0" type="stmt"/>
        <line num="76" count="0" type="stmt"/>
        <line num="111" count="0" type="cond" truecount="0" falsecount="4"/>
        <line num="112" count="0" type="cond" truecount="0" falsecount="2"/>
        <line num="113" count="0" type="stmt"/>
        <line num="155" count="0" type="stmt"/>
        <line num="157" count="0" type="stmt"/>
        <line num="185" count="0" type="stmt"/>
        <line num="194" count="0" type="stmt"/>
        <line num="218" count="0" type="cond" truecount="0" falsecount="2"/>
        <line num="219" count="0" type="cond" truecount="0" falsecount="4"/>
        <line num="220" count="0" type="cond" truecount="0" falsecount="2"/>
        <line num="221" count="0" type="cond" truecount="0" falsecount="2"/>
        <line num="222" count="0" type="stmt"/>
        <line num="225" count="1" type="stmt"/>
        <line num="234" count="0" type="cond" truecount="0" falsecount="2"/>
        <line num="235" count="0" type="cond" truecount="0" falsecount="2"/>
        <line num="236" count="0" type="stmt"/>
        <line num="240" count="0" type="stmt"/>
        <line num="241" count="0" type="stmt"/>
        <line num="242" count="0" type="stmt"/>
        <line num="244" count="0" type="stmt"/>
        <line num="325" count="0" type="stmt"/>
        <line num="326" count="0" type="stmt"/>
        <line num="327" count="0" type="stmt"/>
        <line num="328" count="0" type="stmt"/>
        <line num="331" count="0" type="cond" truecount="0" falsecount="2"/>
        <line num="333" count="0" type="stmt"/>
        <line num="334" count="0" type="cond" truecount="0" falsecount="2"/>
        <line num="335" count="0" type="stmt"/>
        <line num="339" count="0" type="stmt"/>
        <line num="340" count="0" type="stmt"/>
        <line num="342" count="0" type="cond" truecount="0" falsecount="2"/>
        <line num="343" count="0" type="cond" truecount="0" falsecount="2"/>
        <line num="346" count="0" type="stmt"/>
        <line num="383" count="0" type="stmt"/>
        <line num="392" count="0" type="stmt"/>
        <line num="401" count="0" type="stmt"/>
        <line num="402" count="0" type="stmt"/>
        <line num="403" count="0" type="stmt"/>
        <line num="404" count="0" type="stmt"/>
        <line num="405" count="0" type="stmt"/>
        <line num="407" count="0" type="stmt"/>
        <line num="410" count="0" type="stmt"/>
        <line num="418" count="0" type="stmt"/>
        <line num="420" count="0" type="stmt"/>
        <line num="421" count="0" type="cond" truecount="0" falsecount="2"/>
        <line num="422" count="0" type="cond" truecount="0" falsecount="2"/>
        <line num="426" count="0" type="stmt"/>
        <line num="437" count="0" type="stmt"/>
        <line num="453" count="0" type="stmt"/>
        <line num="459" count="0" type="stmt"/>
        <line num="487" count="0" type="stmt"/>
        <line num="488" count="0" type="stmt"/>
        <line num="513" count="0" type="stmt"/>
        <line num="517" count="0" type="stmt"/>
        <line num="528" count="0" type="stmt"/>
        <line num="548" count="0" type="stmt"/>
      </file>
    </package>
    <package name="src.hooks">
      <metrics statements="157" coveredstatements="59" conditionals="59" coveredconditionals="11" methods="26" coveredmethods="6"/>
      <file name="useMarlCompetition.ts" path="D:\work\sentiment-analyzer\frontend\src\hooks\useMarlCompetition.ts">
        <metrics statements="92" coveredstatements="59" conditionals="32" coveredconditionals="11" methods="10" coveredmethods="6"/>
        <line num="12" count="2" type="stmt"/>
        <line num="15" count="23" type="stmt"/>
        <line num="16" count="23" type="stmt"/>
        <line num="17" count="23" type="stmt"/>
        <line num="18" count="23" type="stmt"/>
        <line num="19" count="23" type="stmt"/>
        <line num="20" count="23" type="stmt"/>
        <line num="21" count="23" type="stmt"/>
        <line num="24" count="23" type="stmt"/>
        <line num="26" count="23" type="stmt"/>
        <line num="27" count="6" type="cond" truecount="2" falsecount="0"/>
        <line num="28" count="1" type="stmt"/>
        <line num="29" count="1" type="stmt"/>
        <line num="35" count="23" type="stmt"/>
        <line num="36" count="5" type="stmt"/>
        <line num="37" count="5" type="stmt"/>
        <line num="38" count="5" type="stmt"/>
        <line num="39" count="5" type="stmt"/>
        <line num="40" count="5" type="stmt"/>
        <line num="42" count="5" type="stmt"/>
        <line num="43" count="5" type="stmt"/>
        <line num="49" count="4" type="cond" truecount="2" falsecount="0"/>
        <line num="50" count="1" type="stmt"/>
        <line num="51" count="1" type="cond" truecount="1" falsecount="1"/>
        <line num="54" count="3" type="stmt"/>
        <line num="55" count="3" type="stmt"/>
        <line num="56" count="3" type="stmt"/>
        <line num="59" count="3" type="stmt"/>
        <line num="60" count="0" type="stmt"/>
        <line num="61" count="0" type="stmt"/>
        <line num="62" count="0" type="cond" truecount="0" falsecount="2"/>
        <line num="63" count="0" type="stmt"/>
        <line num="64" count="0" type="stmt"/>
        <line num="65" count="0" type="stmt"/>
        <line num="66" count="0" type="stmt"/>
        <line num="69" count="0" type="stmt"/>
        <line num="70" count="0" type="stmt"/>
        <line num="72" count="0" type="cond" truecount="0" falsecount="2"/>
        <line num="73" count="0" type="stmt"/>
        <line num="75" count="0" type="stmt"/>
        <line num="76" count="0" type="cond" truecount="0" falsecount="2"/>
        <line num="77" count="0" type="stmt"/>
        <line num="78" count="0" type="stmt"/>
        <line num="80" count="0" type="stmt"/>
        <line num="82" count="0" type="stmt"/>
        <line num="83" count="0" type="cond" truecount="0" falsecount="2"/>
        <line num="84" count="0" type="stmt"/>
        <line num="85" count="0" type="stmt"/>
        <line num="86" count="0" type="stmt"/>
        <line num="89" count="0" type="stmt"/>
        <line num="90" count="0" type="cond" truecount="0" falsecount="2"/>
        <line num="91" count="0" type="stmt"/>
        <line num="95" count="2" type="cond" truecount="1" falsecount="1"/>
        <line num="96" count="2" type="stmt"/>
        <line num="102" count="23" type="stmt"/>
        <line num="109" count="3" type="stmt"/>
        <line num="110" count="3" type="stmt"/>
        <line num="111" count="3" type="stmt"/>
        <line num="113" count="3" type="stmt"/>
        <line num="114" count="3" type="stmt"/>
        <line num="120" count="3" type="cond" truecount="2" falsecount="0"/>
        <line num="121" count="1" type="stmt"/>
        <line num="122" count="1" type="cond" truecount="1" falsecount="1"/>
        <line num="125" count="2" type="stmt"/>
        <line num="126" count="2" type="stmt"/>
        <line num="128" count="1" type="cond" truecount="1" falsecount="1"/>
        <line num="130" count="3" type="stmt"/>
        <line num="136" count="23" type="stmt"/>
        <line num="137" count="2" type="stmt"/>
        <line num="138" count="2" type="stmt"/>
        <line num="139" count="1" type="cond" truecount="1" falsecount="1"/>
        <line num="140" count="1" type="stmt"/>
        <line num="141" count="1" type="stmt"/>
        <line num="150" count="23" type="stmt"/>
        <line num="151" count="0" type="stmt"/>
        <line num="152" count="0" type="stmt"/>
        <line num="153" count="0" type="stmt"/>
        <line num="155" count="0" type="stmt"/>
        <line num="156" count="0" type="stmt"/>
        <line num="161" count="0" type="cond" truecount="0" falsecount="2"/>
        <line num="162" count="0" type="cond" truecount="0" falsecount="2"/>
        <line num="164" count="0" type="cond" truecount="0" falsecount="2"/>
        <line num="166" count="0" type="stmt"/>
        <line num="170" count="23" type="stmt"/>
        <line num="171" count="1" type="stmt"/>
        <line num="172" count="1" type="stmt"/>
        <line num="173" count="1" type="stmt"/>
        <line num="174" count="1" type="stmt"/>
        <line num="175" count="1" type="stmt"/>
        <line num="176" count="1" type="stmt"/>
        <line num="177" count="1" type="stmt"/>
        <line num="180" count="23" type="stmt"/>
      </file>
      <file name="useSocialMedia.ts" path="D:\work\sentiment-analyzer\frontend\src\hooks\useSocialMedia.ts">
        <metrics statements="65" coveredstatements="0" conditionals="27" coveredconditionals="0" methods="16" coveredmethods="0"/>
        <line num="13" count="0" type="stmt"/>
        <line num="14" count="0" type="stmt"/>
        <line num="15" count="0" type="stmt"/>
        <line num="17" count="0" type="stmt"/>
        <line num="18" count="0" type="stmt"/>
        <line num="19" count="0" type="stmt"/>
        <line num="20" count="0" type="stmt"/>
        <line num="21" count="0" type="cond" truecount="0" falsecount="2"/>
        <line num="22" count="0" type="stmt"/>
        <line num="23" count="0" type="stmt"/>
        <line num="25" count="0" type="cond" truecount="0" falsecount="2"/>
        <line num="27" count="0" type="stmt"/>
        <line num="31" count="0" type="stmt"/>
        <line num="33" count="0" type="stmt"/>
        <line num="47" count="0" type="stmt"/>
        <line num="48" count="0" type="stmt"/>
        <line num="49" count="0" type="stmt"/>
        <line num="51" count="0" type="cond" truecount="0" falsecount="3"/>
        <line num="53" count="0" type="stmt"/>
        <line num="54" count="0" type="stmt"/>
        <line num="55" count="0" type="stmt"/>
        <line num="56" count="0" type="stmt"/>
        <line num="57" count="0" type="cond" truecount="0" falsecount="2"/>
        <line num="58" count="0" type="cond" truecount="0" falsecount="2"/>
        <line num="59" count="0" type="stmt"/>
        <line num="60" count="0" type="stmt"/>
        <line num="61" count="0" type="stmt"/>
        <line num="62" count="0" type="stmt"/>
        <line num="63" count="0" type="cond" truecount="0" falsecount="2"/>
        <line num="64" count="0" type="stmt"/>
        <line num="65" count="0" type="stmt"/>
        <line num="67" count="0" type="cond" truecount="0" falsecount="2"/>
        <line num="69" count="0" type="stmt"/>
        <line num="73" count="0" type="stmt"/>
        <line num="75" count="0" type="stmt"/>
        <line num="81" count="0" type="stmt"/>
        <line num="82" count="0" type="stmt"/>
        <line num="83" count="0" type="stmt"/>
        <line num="84" count="0" type="stmt"/>
        <line num="86" count="0" type="stmt"/>
        <line num="87" count="0" type="stmt"/>
        <line num="88" count="0" type="stmt"/>
        <line num="89" count="0" type="cond" truecount="0" falsecount="2"/>
        <line num="90" count="0" type="stmt"/>
        <line num="91" count="0" type="stmt"/>
        <line num="92" count="0" type="stmt"/>
        <line num="94" count="0" type="cond" truecount="0" falsecount="2"/>
        <line num="96" count="0" type="stmt"/>
        <line num="100" count="0" type="stmt"/>
        <line num="101" count="0" type="stmt"/>
        <line num="102" count="0" type="stmt"/>
        <line num="103" count="0" type="stmt"/>
        <line num="106" count="0" type="stmt"/>
        <line num="112" count="0" type="stmt"/>
        <line num="113" count="0" type="stmt"/>
        <line num="114" count="0" type="stmt"/>
        <line num="116" count="0" type="stmt"/>
        <line num="117" count="0" type="cond" truecount="0" falsecount="2"/>
        <line num="118" count="0" type="stmt"/>
        <line num="119" count="0" type="stmt"/>
        <line num="120" count="0" type="cond" truecount="0" falsecount="2"/>
        <line num="121" count="0" type="stmt"/>
        <line num="122" count="0" type="stmt"/>
        <line num="123" count="0" type="stmt"/>
        <line num="126" count="0" type="stmt"/>
      </file>
    </package>
  </project>
</coverage>
