{"D:\\work\\sentiment-analyzer\\frontend\\src\\App.tsx": {"path":"D:\\work\\sentiment-analyzer\\frontend\\src\\App.tsx","statementMap":{"0":{"start":{"line":18,"column":0},"end":{"line":18,"column":null}},"1":{"start":{"line":125,"column":24},"end":{"line":125,"column":null}},"2":{"start":{"line":126,"column":28},"end":{"line":126,"column":null}},"3":{"start":{"line":127,"column":24},"end":{"line":127,"column":null}},"4":{"start":{"line":128,"column":36},"end":{"line":128,"column":null}},"5":{"start":{"line":130,"column":21},"end":{"line":144,"column":null}},"6":{"start":{"line":131,"column":4},"end":{"line":143,"column":null}},"7":{"start":{"line":132,"column":6},"end":{"line":132,"column":null}},"8":{"start":{"line":133,"column":23},"end":{"line":133,"column":null}},"9":{"start":{"line":134,"column":6},"end":{"line":134,"column":null}},"10":{"start":{"line":134,"column":24},"end":{"line":134,"column":null}},"11":{"start":{"line":135,"column":19},"end":{"line":135,"column":null}},"12":{"start":{"line":136,"column":6},"end":{"line":136,"column":null}},"13":{"start":{"line":137,"column":6},"end":{"line":137,"column":null}},"14":{"start":{"line":138,"column":6},"end":{"line":138,"column":null}},"15":{"start":{"line":140,"column":6},"end":{"line":140,"column":null}},"16":{"start":{"line":142,"column":6},"end":{"line":142,"column":null}},"17":{"start":{"line":146,"column":2},"end":{"line":150,"column":null}},"18":{"start":{"line":147,"column":4},"end":{"line":147,"column":null}},"19":{"start":{"line":148,"column":21},"end":{"line":148,"column":null}},"20":{"start":{"line":149,"column":4},"end":{"line":149,"column":null}},"21":{"start":{"line":149,"column":17},"end":{"line":149,"column":null}},"22":{"start":{"line":152,"column":2},"end":{"line":152,"column":null}},"23":{"start":{"line":156,"column":26},"end":{"line":156,"column":null}},"24":{"start":{"line":157,"column":28},"end":{"line":157,"column":null}},"25":{"start":{"line":158,"column":24},"end":{"line":158,"column":null}},"26":{"start":{"line":160,"column":2},"end":{"line":185,"column":null}},"27":{"start":{"line":161,"column":4},"end":{"line":161,"column":null}},"28":{"start":{"line":161,"column":17},"end":{"line":161,"column":null}},"29":{"start":{"line":163,"column":24},"end":{"line":182,"column":null}},"30":{"start":{"line":164,"column":6},"end":{"line":181,"column":null}},"31":{"start":{"line":165,"column":8},"end":{"line":165,"column":null}},"32":{"start":{"line":166,"column":25},"end":{"line":166,"column":null}},"33":{"start":{"line":167,"column":8},"end":{"line":167,"column":null}},"34":{"start":{"line":167,"column":26},"end":{"line":167,"column":null}},"35":{"start":{"line":168,"column":21},"end":{"line":168,"column":null}},"36":{"start":{"line":169,"column":8},"end":{"line":175,"column":null}},"37":{"start":{"line":176,"column":8},"end":{"line":176,"column":null}},"38":{"start":{"line":178,"column":8},"end":{"line":178,"column":null}},"39":{"start":{"line":180,"column":8},"end":{"line":180,"column":null}},"40":{"start":{"line":184,"column":4},"end":{"line":184,"column":null}},"41":{"start":{"line":187,"column":2},"end":{"line":187,"column":null}},"42":{"start":{"line":200,"column":17},"end":{"line":204,"column":null}},"43":{"start":{"line":206,"column":14},"end":{"line":206,"column":null}},"44":{"start":{"line":208,"column":2},"end":{"line":230,"column":null}},"45":{"start":{"line":240,"column":21},"end":{"line":240,"column":null}},"46":{"start":{"line":241,"column":16},"end":{"line":241,"column":null}},"47":{"start":{"line":242,"column":17},"end":{"line":242,"column":null}},"48":{"start":{"line":244,"column":2},"end":{"line":247,"column":null}},"49":{"start":{"line":264,"column":44},"end":{"line":269,"column":null}},"50":{"start":{"line":272,"column":17},"end":{"line":272,"column":null}},"51":{"start":{"line":273,"column":28},"end":{"line":273,"column":null}},"52":{"start":{"line":274,"column":28},"end":{"line":274,"column":null}},"53":{"start":{"line":275,"column":28},"end":{"line":275,"column":null}},"54":{"start":{"line":277,"column":2},"end":{"line":421,"column":null}},"55":{"start":{"line":279,"column":21},"end":{"line":279,"column":null}},"56":{"start":{"line":290,"column":19},"end":{"line":290,"column":null}},"57":{"start":{"line":291,"column":8},"end":{"line":291,"column":null}},"58":{"start":{"line":292,"column":8},"end":{"line":292,"column":null}},"59":{"start":{"line":295,"column":19},"end":{"line":295,"column":null}},"60":{"start":{"line":296,"column":8},"end":{"line":296,"column":null}},"61":{"start":{"line":297,"column":8},"end":{"line":297,"column":null}},"62":{"start":{"line":438,"column":26},"end":{"line":438,"column":null}},"63":{"start":{"line":440,"column":2},"end":{"line":455,"column":null}},"64":{"start":{"line":441,"column":4},"end":{"line":453,"column":null}},"65":{"start":{"line":457,"column":70},"end":{"line":457,"column":null}},"66":{"start":{"line":458,"column":18},"end":{"line":458,"column":null}},"67":{"start":{"line":458,"column":53},"end":{"line":458,"column":null}},"68":{"start":{"line":460,"column":8},"end":{"line":473,"column":null}},"69":{"start":{"line":461,"column":16},"end":{"line":461,"column":null}},"70":{"start":{"line":462,"column":4},"end":{"line":463,"column":null}},"71":{"start":{"line":463,"column":6},"end":{"line":463,"column":null}},"72":{"start":{"line":463,"column":32},"end":{"line":463,"column":85}},"73":{"start":{"line":464,"column":4},"end":{"line":468,"column":null}},"74":{"start":{"line":465,"column":6},"end":{"line":468,"column":null}},"75":{"start":{"line":466,"column":18},"end":{"line":466,"column":null}},"76":{"start":{"line":467,"column":8},"end":{"line":467,"column":null}},"77":{"start":{"line":469,"column":4},"end":{"line":470,"column":null}},"78":{"start":{"line":470,"column":6},"end":{"line":470,"column":null}},"79":{"start":{"line":470,"column":32},"end":{"line":470,"column":105}},"80":{"start":{"line":472,"column":4},"end":{"line":472,"column":null}},"81":{"start":{"line":472,"column":30},"end":{"line":472,"column":77}},"82":{"start":{"line":475,"column":2},"end":{"line":550,"column":null}},"83":{"start":{"line":491,"column":25},"end":{"line":491,"column":null}},"84":{"start":{"line":547,"column":10},"end":{"line":547,"column":null}},"85":{"start":{"line":564,"column":37},"end":{"line":564,"column":null}},"86":{"start":{"line":566,"column":2},"end":{"line":570,"column":null}},"87":{"start":{"line":567,"column":22},"end":{"line":567,"column":null}},"88":{"start":{"line":567,"column":46},"end":{"line":567,"column":81}},"89":{"start":{"line":567,"column":70},"end":{"line":567,"column":81}},"90":{"start":{"line":568,"column":4},"end":{"line":568,"column":null}},"91":{"start":{"line":569,"column":4},"end":{"line":569,"column":null}},"92":{"start":{"line":569,"column":17},"end":{"line":569,"column":null}},"93":{"start":{"line":572,"column":2},"end":{"line":572,"column":null}},"94":{"start":{"line":572,"column":15},"end":{"line":572,"column":null}},"95":{"start":{"line":574,"column":21},"end":{"line":578,"column":null}},"96":{"start":{"line":575,"column":4},"end":{"line":575,"column":null}},"97":{"start":{"line":575,"column":21},"end":{"line":575,"column":null}},"98":{"start":{"line":576,"column":4},"end":{"line":576,"column":null}},"99":{"start":{"line":576,"column":22},"end":{"line":576,"column":null}},"100":{"start":{"line":577,"column":4},"end":{"line":577,"column":null}},"101":{"start":{"line":580,"column":21},"end":{"line":584,"column":null}},"102":{"start":{"line":581,"column":4},"end":{"line":581,"column":null}},"103":{"start":{"line":581,"column":21},"end":{"line":581,"column":null}},"104":{"start":{"line":582,"column":4},"end":{"line":582,"column":null}},"105":{"start":{"line":582,"column":22},"end":{"line":582,"column":null}},"106":{"start":{"line":583,"column":4},"end":{"line":583,"column":null}},"107":{"start":{"line":586,"column":2},"end":{"line":973,"column":null}},"108":{"start":{"line":601,"column":22},"end":{"line":601,"column":null}},"109":{"start":{"line":685,"column":27},"end":{"line":685,"column":null}},"110":{"start":{"line":686,"column":30},"end":{"line":686,"column":null}},"111":{"start":{"line":686,"column":65},"end":{"line":686,"column":82}},"112":{"start":{"line":687,"column":32},"end":{"line":687,"column":null}},"113":{"start":{"line":688,"column":16},"end":{"line":711,"column":null}},"114":{"start":{"line":693,"column":39},"end":{"line":693,"column":null}},"115":{"start":{"line":694,"column":41},"end":{"line":694,"column":null}},"116":{"start":{"line":695,"column":38},"end":{"line":695,"column":null}},"117":{"start":{"line":696,"column":24},"end":{"line":707,"column":null}},"118":{"start":{"line":717,"column":27},"end":{"line":717,"column":null}},"119":{"start":{"line":718,"column":33},"end":{"line":718,"column":null}},"120":{"start":{"line":719,"column":32},"end":{"line":724,"column":null}},"121":{"start":{"line":725,"column":16},"end":{"line":751,"column":null}},"122":{"start":{"line":736,"column":24},"end":{"line":743,"column":null}},"123":{"start":{"line":809,"column":26},"end":{"line":827,"column":null}},"124":{"start":{"line":842,"column":22},"end":{"line":898,"column":null}},"125":{"start":{"line":913,"column":24},"end":{"line":913,"column":null}},"126":{"start":{"line":917,"column":60},"end":{"line":917,"column":67}},"127":{"start":{"line":930,"column":53},"end":{"line":930,"column":86}},"128":{"start":{"line":945,"column":22},"end":{"line":956,"column":null}},"129":{"start":{"line":984,"column":49},"end":{"line":984,"column":null}},"130":{"start":{"line":985,"column":42},"end":{"line":985,"column":null}},"131":{"start":{"line":986,"column":34},"end":{"line":986,"column":null}},"132":{"start":{"line":987,"column":36},"end":{"line":987,"column":null}},"133":{"start":{"line":988,"column":42},"end":{"line":988,"column":null}},"134":{"start":{"line":989,"column":26},"end":{"line":989,"column":null}},"135":{"start":{"line":989,"column":45},"end":{"line":989,"column":85}},"136":{"start":{"line":991,"column":2},"end":{"line":994,"column":null}},"137":{"start":{"line":992,"column":4},"end":{"line":992,"column":null}},"138":{"start":{"line":993,"column":4},"end":{"line":993,"column":null}},"139":{"start":{"line":996,"column":29},"end":{"line":1017,"column":null}},"140":{"start":{"line":997,"column":4},"end":{"line":997,"column":null}},"141":{"start":{"line":999,"column":28},"end":{"line":999,"column":null}},"142":{"start":{"line":1000,"column":4},"end":{"line":1003,"column":null}},"143":{"start":{"line":1001,"column":6},"end":{"line":1001,"column":null}},"144":{"start":{"line":1002,"column":6},"end":{"line":1002,"column":null}},"145":{"start":{"line":1005,"column":24},"end":{"line":1006,"column":null}},"146":{"start":{"line":1005,"column":43},"end":{"line":1005,"column":88}},"147":{"start":{"line":1006,"column":28},"end":{"line":1006,"column":79}},"148":{"start":{"line":1008,"column":4},"end":{"line":1011,"column":null}},"149":{"start":{"line":1009,"column":6},"end":{"line":1009,"column":null}},"150":{"start":{"line":1010,"column":6},"end":{"line":1010,"column":null}},"151":{"start":{"line":1013,"column":4},"end":{"line":1013,"column":null}},"152":{"start":{"line":1014,"column":4},"end":{"line":1014,"column":null}},"153":{"start":{"line":1015,"column":4},"end":{"line":1015,"column":null}},"154":{"start":{"line":1016,"column":4},"end":{"line":1016,"column":null}},"155":{"start":{"line":1019,"column":22},"end":{"line":1029,"column":null}},"156":{"start":{"line":1019,"column":66},"end":{"line":1029,"column":null}},"157":{"start":{"line":1031,"column":2},"end":{"line":1188,"column":null}},"158":{"start":{"line":1079,"column":66},"end":{"line":1079,"column":94}},"159":{"start":{"line":1082,"column":63},"end":{"line":1082,"column":88}},"160":{"start":{"line":1085,"column":61},"end":{"line":1085,"column":84}},"161":{"start":{"line":1088,"column":63},"end":{"line":1088,"column":88}},"162":{"start":{"line":1104,"column":14},"end":{"line":1104,"column":null}},"163":{"start":{"line":1105,"column":14},"end":{"line":1105,"column":null}},"164":{"start":{"line":1105,"column":34},"end":{"line":1105,"column":null}},"165":{"start":{"line":1144,"column":25},"end":{"line":1144,"column":null}},"166":{"start":{"line":1144,"column":40},"end":{"line":1144,"column":42}},"167":{"start":{"line":1186,"column":60},"end":{"line":1186,"column":85}}},"fnMap":{"0":{"name":"useCoins","decl":{"start":{"line":124,"column":9},"end":{"line":124,"column":20}},"loc":{"start":{"line":124,"column":20},"end":{"line":153,"column":null}},"line":124},"1":{"name":"(anonymous_1)","decl":{"start":{"line":130,"column":21},"end":{"line":130,"column":33}},"loc":{"start":{"line":130,"column":33},"end":{"line":144,"column":null}},"line":130},"2":{"name":"(anonymous_2)","decl":{"start":{"line":146,"column":12},"end":{"line":146,"column":18}},"loc":{"start":{"line":146,"column":18},"end":{"line":150,"column":5}},"line":146},"3":{"name":"(anonymous_3)","decl":{"start":{"line":149,"column":11},"end":{"line":149,"column":17}},"loc":{"start":{"line":149,"column":17},"end":{"line":149,"column":null}},"line":149},"4":{"name":"useCoinDetail","decl":{"start":{"line":155,"column":9},"end":{"line":155,"column":23}},"loc":{"start":{"line":155,"column":46},"end":{"line":188,"column":null}},"line":155},"5":{"name":"(anonymous_5)","decl":{"start":{"line":160,"column":12},"end":{"line":160,"column":18}},"loc":{"start":{"line":160,"column":18},"end":{"line":185,"column":5}},"line":160},"6":{"name":"(anonymous_6)","decl":{"start":{"line":163,"column":24},"end":{"line":163,"column":36}},"loc":{"start":{"line":163,"column":36},"end":{"line":182,"column":null}},"line":163},"7":{"name":"SentimentBadge","decl":{"start":{"line":199,"column":9},"end":{"line":199,"column":24}},"loc":{"start":{"line":199,"column":68},"end":{"line":232,"column":null}},"line":199},"8":{"name":"PercentChange","decl":{"start":{"line":239,"column":9},"end":{"line":239,"column":23}},"loc":{"start":{"line":239,"column":61},"end":{"line":249,"column":null}},"line":239},"9":{"name":"CoinCard","decl":{"start":{"line":271,"column":9},"end":{"line":271,"column":18}},"loc":{"start":{"line":271,"column":71},"end":{"line":423,"column":null}},"line":271},"10":{"name":"(anonymous_10)","decl":{"start":{"line":279,"column":15},"end":{"line":279,"column":21}},"loc":{"start":{"line":279,"column":21},"end":{"line":279,"column":null}},"line":279},"11":{"name":"(anonymous_11)","decl":{"start":{"line":289,"column":20},"end":{"line":289,"column":25}},"loc":{"start":{"line":289,"column":25},"end":{"line":293,"column":null}},"line":289},"12":{"name":"(anonymous_12)","decl":{"start":{"line":294,"column":20},"end":{"line":294,"column":25}},"loc":{"start":{"line":294,"column":25},"end":{"line":298,"column":null}},"line":294},"13":{"name":"Dashboard","decl":{"start":{"line":437,"column":9},"end":{"line":437,"column":19}},"loc":{"start":{"line":437,"column":89},"end":{"line":552,"column":null}},"line":437},"14":{"name":"(anonymous_14)","decl":{"start":{"line":458,"column":18},"end":{"line":458,"column":19}},"loc":{"start":{"line":458,"column":53},"end":{"line":458,"column":null}},"line":458},"15":{"name":"(anonymous_15)","decl":{"start":{"line":460,"column":24},"end":{"line":460,"column":30}},"loc":{"start":{"line":460,"column":30},"end":{"line":473,"column":5}},"line":460},"16":{"name":"(anonymous_16)","decl":{"start":{"line":463,"column":22},"end":{"line":463,"column":23}},"loc":{"start":{"line":463,"column":32},"end":{"line":463,"column":85}},"line":463},"17":{"name":"(anonymous_17)","decl":{"start":{"line":465,"column":22},"end":{"line":465,"column":23}},"loc":{"start":{"line":465,"column":32},"end":{"line":468,"column":7}},"line":465},"18":{"name":"(anonymous_18)","decl":{"start":{"line":470,"column":22},"end":{"line":470,"column":23}},"loc":{"start":{"line":470,"column":32},"end":{"line":470,"column":105}},"line":470},"19":{"name":"(anonymous_19)","decl":{"start":{"line":472,"column":20},"end":{"line":472,"column":21}},"loc":{"start":{"line":472,"column":30},"end":{"line":472,"column":77}},"line":472},"20":{"name":"(anonymous_20)","decl":{"start":{"line":491,"column":20},"end":{"line":491,"column":25}},"loc":{"start":{"line":491,"column":25},"end":{"line":491,"column":null}},"line":491},"21":{"name":"(anonymous_21)","decl":{"start":{"line":546,"column":26},"end":{"line":546,"column":27}},"loc":{"start":{"line":547,"column":10},"end":{"line":547,"column":null}},"line":547},"22":{"name":"DetailModal","decl":{"start":{"line":563,"column":9},"end":{"line":563,"column":21}},"loc":{"start":{"line":563,"column":60},"end":{"line":975,"column":null}},"line":563},"23":{"name":"(anonymous_23)","decl":{"start":{"line":566,"column":12},"end":{"line":566,"column":18}},"loc":{"start":{"line":566,"column":18},"end":{"line":570,"column":5}},"line":566},"24":{"name":"(anonymous_24)","decl":{"start":{"line":567,"column":22},"end":{"line":567,"column":23}},"loc":{"start":{"line":567,"column":44},"end":{"line":567,"column":null}},"line":567},"25":{"name":"(anonymous_25)","decl":{"start":{"line":569,"column":11},"end":{"line":569,"column":17}},"loc":{"start":{"line":569,"column":17},"end":{"line":569,"column":null}},"line":569},"26":{"name":"(anonymous_26)","decl":{"start":{"line":574,"column":21},"end":{"line":574,"column":22}},"loc":{"start":{"line":574,"column":40},"end":{"line":578,"column":null}},"line":574},"27":{"name":"(anonymous_27)","decl":{"start":{"line":580,"column":21},"end":{"line":580,"column":22}},"loc":{"start":{"line":580,"column":40},"end":{"line":584,"column":null}},"line":580},"28":{"name":"(anonymous_28)","decl":{"start":{"line":601,"column":17},"end":{"line":601,"column":22}},"loc":{"start":{"line":601,"column":22},"end":{"line":601,"column":null}},"line":601},"29":{"name":"(anonymous_29)","decl":{"start":{"line":684,"column":86},"end":{"line":684,"column":92}},"loc":{"start":{"line":684,"column":92},"end":{"line":713,"column":17}},"line":684},"30":{"name":"(anonymous_30)","decl":{"start":{"line":686,"column":55},"end":{"line":686,"column":56}},"loc":{"start":{"line":686,"column":65},"end":{"line":686,"column":82}},"line":686},"31":{"name":"(anonymous_31)","decl":{"start":{"line":692,"column":35},"end":{"line":692,"column":36}},"loc":{"start":{"line":692,"column":53},"end":{"line":709,"column":23}},"line":692},"32":{"name":"(anonymous_32)","decl":{"start":{"line":716,"column":62},"end":{"line":716,"column":68}},"loc":{"start":{"line":716,"column":68},"end":{"line":753,"column":17}},"line":716},"33":{"name":"(anonymous_33)","decl":{"start":{"line":735,"column":35},"end":{"line":735,"column":36}},"loc":{"start":{"line":736,"column":24},"end":{"line":743,"column":null}},"line":736},"34":{"name":"(anonymous_34)","decl":{"start":{"line":808,"column":69},"end":{"line":808,"column":null}},"loc":{"start":{"line":809,"column":26},"end":{"line":827,"column":null}},"line":809},"35":{"name":"(anonymous_35)","decl":{"start":{"line":841,"column":57},"end":{"line":841,"column":null}},"loc":{"start":{"line":842,"column":22},"end":{"line":898,"column":null}},"line":842},"36":{"name":"(anonymous_36)","decl":{"start":{"line":912,"column":55},"end":{"line":912,"column":null}},"loc":{"start":{"line":913,"column":24},"end":{"line":913,"column":null}},"line":913},"37":{"name":"(anonymous_37)","decl":{"start":{"line":917,"column":55},"end":{"line":917,"column":60}},"loc":{"start":{"line":917,"column":60},"end":{"line":917,"column":67}},"line":917},"38":{"name":"(anonymous_38)","decl":{"start":{"line":930,"column":48},"end":{"line":930,"column":53}},"loc":{"start":{"line":930,"column":53},"end":{"line":930,"column":86}},"line":930},"39":{"name":"(anonymous_39)","decl":{"start":{"line":944,"column":54},"end":{"line":944,"column":55}},"loc":{"start":{"line":945,"column":22},"end":{"line":956,"column":null}},"line":945},"40":{"name":"App","decl":{"start":{"line":983,"column":24},"end":{"line":983,"column":30}},"loc":{"start":{"line":983,"column":30},"end":{"line":1190,"column":null}},"line":983},"41":{"name":"(anonymous_41)","decl":{"start":{"line":989,"column":39},"end":{"line":989,"column":45}},"loc":{"start":{"line":989,"column":45},"end":{"line":989,"column":85}},"line":989},"42":{"name":"(anonymous_42)","decl":{"start":{"line":991,"column":12},"end":{"line":991,"column":18}},"loc":{"start":{"line":991,"column":18},"end":{"line":994,"column":5}},"line":991},"43":{"name":"(anonymous_43)","decl":{"start":{"line":996,"column":29},"end":{"line":996,"column":30}},"loc":{"start":{"line":996,"column":74},"end":{"line":1017,"column":null}},"line":996},"44":{"name":"(anonymous_44)","decl":{"start":{"line":1005,"column":35},"end":{"line":1005,"column":43}},"loc":{"start":{"line":1005,"column":43},"end":{"line":1005,"column":88}},"line":1005},"45":{"name":"(anonymous_45)","decl":{"start":{"line":1006,"column":20},"end":{"line":1006,"column":28}},"loc":{"start":{"line":1006,"column":28},"end":{"line":1006,"column":79}},"line":1006},"46":{"name":"(anonymous_46)","decl":{"start":{"line":1019,"column":22},"end":{"line":1019,"column":23}},"loc":{"start":{"line":1019,"column":66},"end":{"line":1029,"column":null}},"line":1019},"47":{"name":"(anonymous_47)","decl":{"start":{"line":1079,"column":60},"end":{"line":1079,"column":66}},"loc":{"start":{"line":1079,"column":66},"end":{"line":1079,"column":94}},"line":1079},"48":{"name":"(anonymous_48)","decl":{"start":{"line":1082,"column":57},"end":{"line":1082,"column":63}},"loc":{"start":{"line":1082,"column":63},"end":{"line":1082,"column":88}},"line":1082},"49":{"name":"(anonymous_49)","decl":{"start":{"line":1085,"column":55},"end":{"line":1085,"column":61}},"loc":{"start":{"line":1085,"column":61},"end":{"line":1085,"column":84}},"line":1085},"50":{"name":"(anonymous_50)","decl":{"start":{"line":1088,"column":57},"end":{"line":1088,"column":63}},"loc":{"start":{"line":1088,"column":63},"end":{"line":1088,"column":88}},"line":1088},"51":{"name":"(anonymous_51)","decl":{"start":{"line":1103,"column":22},"end":{"line":1103,"column":27}},"loc":{"start":{"line":1103,"column":27},"end":{"line":1106,"column":null}},"line":1103},"52":{"name":"(anonymous_52)","decl":{"start":{"line":1144,"column":19},"end":{"line":1144,"column":25}},"loc":{"start":{"line":1144,"column":25},"end":{"line":1144,"column":null}},"line":1144},"53":{"name":"(anonymous_53)","decl":{"start":{"line":1144,"column":35},"end":{"line":1144,"column":40}},"loc":{"start":{"line":1144,"column":40},"end":{"line":1144,"column":42}},"line":1144},"54":{"name":"(anonymous_54)","decl":{"start":{"line":1186,"column":54},"end":{"line":1186,"column":60}},"loc":{"start":{"line":1186,"column":60},"end":{"line":1186,"column":85}},"line":1186}},"branchMap":{"0":{"loc":{"start":{"line":134,"column":6},"end":{"line":134,"column":null}},"type":"if","locations":[{"start":{"line":134,"column":6},"end":{"line":134,"column":null}},{"start":{},"end":{}}],"line":134},"1":{"loc":{"start":{"line":140,"column":15},"end":{"line":140,"column":67}},"type":"cond-expr","locations":[{"start":{"line":140,"column":38},"end":{"line":140,"column":52}},{"start":{"line":140,"column":52},"end":{"line":140,"column":67}}],"line":140},"2":{"loc":{"start":{"line":161,"column":4},"end":{"line":161,"column":null}},"type":"if","locations":[{"start":{"line":161,"column":4},"end":{"line":161,"column":null}},{"start":{},"end":{}}],"line":161},"3":{"loc":{"start":{"line":167,"column":8},"end":{"line":167,"column":null}},"type":"if","locations":[{"start":{"line":167,"column":8},"end":{"line":167,"column":null}},{"start":{},"end":{}}],"line":167},"4":{"loc":{"start":{"line":173,"column":24},"end":{"line":173,"column":null}},"type":"binary-expr","locations":[{"start":{"line":173,"column":24},"end":{"line":173,"column":45}},{"start":{"line":173,"column":45},"end":{"line":173,"column":null}}],"line":173},"5":{"loc":{"start":{"line":178,"column":17},"end":{"line":178,"column":69}},"type":"cond-expr","locations":[{"start":{"line":178,"column":40},"end":{"line":178,"column":54}},{"start":{"line":178,"column":54},"end":{"line":178,"column":69}}],"line":178},"6":{"loc":{"start":{"line":241,"column":16},"end":{"line":241,"column":null}},"type":"cond-expr","locations":[{"start":{"line":241,"column":29},"end":{"line":241,"column":41}},{"start":{"line":241,"column":41},"end":{"line":241,"column":null}}],"line":241},"7":{"loc":{"start":{"line":242,"column":17},"end":{"line":242,"column":null}},"type":"cond-expr","locations":[{"start":{"line":242,"column":30},"end":{"line":242,"column":36}},{"start":{"line":242,"column":36},"end":{"line":242,"column":null}}],"line":242},"8":{"loc":{"start":{"line":333,"column":11},"end":{"line":336,"column":null}},"type":"binary-expr","locations":[{"start":{"line":333,"column":11},"end":{"line":333,"column":null}},{"start":{"line":334,"column":12},"end":{"line":336,"column":null}}],"line":333},"9":{"loc":{"start":{"line":347,"column":32},"end":{"line":347,"column":72}},"type":"cond-expr","locations":[{"start":{"line":347,"column":52},"end":{"line":347,"column":61}},{"start":{"line":347,"column":61},"end":{"line":347,"column":72}}],"line":347},"10":{"loc":{"start":{"line":347,"column":84},"end":{"line":347,"column":122}},"type":"cond-expr","locations":[{"start":{"line":347,"column":104},"end":{"line":347,"column":112}},{"start":{"line":347,"column":112},"end":{"line":347,"column":122}}],"line":347},"11":{"loc":{"start":{"line":358,"column":19},"end":{"line":358,"column":null}},"type":"cond-expr","locations":[{"start":{"line":358,"column":37},"end":{"line":358,"column":61}},{"start":{"line":358,"column":61},"end":{"line":358,"column":null}}],"line":358},"12":{"loc":{"start":{"line":359,"column":24},"end":{"line":359,"column":null}},"type":"cond-expr","locations":[{"start":{"line":359,"column":42},"end":{"line":359,"column":55}},{"start":{"line":359,"column":55},"end":{"line":359,"column":null}}],"line":359},"13":{"loc":{"start":{"line":360,"column":19},"end":{"line":360,"column":null}},"type":"cond-expr","locations":[{"start":{"line":360,"column":37},"end":{"line":360,"column":49}},{"start":{"line":360,"column":49},"end":{"line":360,"column":null}}],"line":360},"14":{"loc":{"start":{"line":367,"column":9},"end":{"line":372,"column":null}},"type":"binary-expr","locations":[{"start":{"line":367,"column":9},"end":{"line":367,"column":null}},{"start":{"line":368,"column":10},"end":{"line":372,"column":null}}],"line":367},"15":{"loc":{"start":{"line":393,"column":29},"end":{"line":393,"column":null}},"type":"cond-expr","locations":[{"start":{"line":393,"column":48},"end":{"line":393,"column":64}},{"start":{"line":393,"column":64},"end":{"line":393,"column":null}}],"line":393},"16":{"loc":{"start":{"line":394,"column":26},"end":{"line":394,"column":null}},"type":"cond-expr","locations":[{"start":{"line":394,"column":45},"end":{"line":394,"column":57}},{"start":{"line":394,"column":57},"end":{"line":394,"column":null}}],"line":394},"17":{"loc":{"start":{"line":395,"column":21},"end":{"line":395,"column":null}},"type":"cond-expr","locations":[{"start":{"line":395,"column":40},"end":{"line":395,"column":59}},{"start":{"line":395,"column":59},"end":{"line":395,"column":null}}],"line":395},"18":{"loc":{"start":{"line":396,"column":21},"end":{"line":396,"column":null}},"type":"cond-expr","locations":[{"start":{"line":396,"column":40},"end":{"line":396,"column":66}},{"start":{"line":396,"column":66},"end":{"line":396,"column":null}}],"line":396},"19":{"loc":{"start":{"line":399,"column":51},"end":{"line":399,"column":89}},"type":"cond-expr","locations":[{"start":{"line":399,"column":70},"end":{"line":399,"column":79}},{"start":{"line":399,"column":79},"end":{"line":399,"column":89}}],"line":399},"20":{"loc":{"start":{"line":400,"column":36},"end":{"line":400,"column":74}},"type":"cond-expr","locations":[{"start":{"line":400,"column":55},"end":{"line":400,"column":63}},{"start":{"line":400,"column":63},"end":{"line":400,"column":74}}],"line":400},"21":{"loc":{"start":{"line":400,"column":81},"end":{"line":400,"column":119}},"type":"cond-expr","locations":[{"start":{"line":400,"column":100},"end":{"line":400,"column":109}},{"start":{"line":400,"column":109},"end":{"line":400,"column":119}}],"line":400},"22":{"loc":{"start":{"line":419,"column":9},"end":{"line":419,"column":null}},"type":"binary-expr","locations":[{"start":{"line":419,"column":9},"end":{"line":419,"column":35}},{"start":{"line":419,"column":35},"end":{"line":419,"column":null}}],"line":419},"23":{"loc":{"start":{"line":440,"column":2},"end":{"line":455,"column":null}},"type":"if","locations":[{"start":{"line":440,"column":2},"end":{"line":455,"column":null}},{"start":{},"end":{}}],"line":440},"24":{"loc":{"start":{"line":458,"column":53},"end":{"line":458,"column":null}},"type":"cond-expr","locations":[{"start":{"line":458,"column":92},"end":{"line":458,"column":96}},{"start":{"line":458,"column":96},"end":{"line":458,"column":null}}],"line":458},"25":{"loc":{"start":{"line":458,"column":53},"end":{"line":458,"column":92}},"type":"binary-expr","locations":[{"start":{"line":458,"column":53},"end":{"line":458,"column":78}},{"start":{"line":458,"column":78},"end":{"line":458,"column":92}}],"line":458},"26":{"loc":{"start":{"line":462,"column":4},"end":{"line":463,"column":null}},"type":"if","locations":[{"start":{"line":462,"column":4},"end":{"line":463,"column":null}},{"start":{},"end":{}}],"line":462},"27":{"loc":{"start":{"line":464,"column":4},"end":{"line":468,"column":null}},"type":"if","locations":[{"start":{"line":464,"column":4},"end":{"line":468,"column":null}},{"start":{},"end":{}}],"line":464},"28":{"loc":{"start":{"line":467,"column":15},"end":{"line":467,"column":null}},"type":"cond-expr","locations":[{"start":{"line":467,"column":25},"end":{"line":467,"column":29}},{"start":{"line":467,"column":29},"end":{"line":467,"column":null}}],"line":467},"29":{"loc":{"start":{"line":469,"column":4},"end":{"line":470,"column":null}},"type":"if","locations":[{"start":{"line":469,"column":4},"end":{"line":470,"column":null}},{"start":{},"end":{}}],"line":469},"30":{"loc":{"start":{"line":510,"column":11},"end":{"line":533,"column":null}},"type":"cond-expr","locations":[{"start":{"line":511,"column":12},"end":{"line":521,"column":null}},{"start":{"line":523,"column":12},"end":{"line":533,"column":null}}],"line":510},"31":{"loc":{"start":{"line":532,"column":15},"end":{"line":532,"column":null}},"type":"cond-expr","locations":[{"start":{"line":532,"column":29},"end":{"line":532,"column":77}},{"start":{"line":532,"column":77},"end":{"line":532,"column":null}}],"line":532},"32":{"loc":{"start":{"line":567,"column":46},"end":{"line":567,"column":81}},"type":"if","locations":[{"start":{"line":567,"column":46},"end":{"line":567,"column":81}},{"start":{},"end":{}}],"line":567},"33":{"loc":{"start":{"line":572,"column":2},"end":{"line":572,"column":null}},"type":"if","locations":[{"start":{"line":572,"column":2},"end":{"line":572,"column":null}},{"start":{},"end":{}}],"line":572},"34":{"loc":{"start":{"line":575,"column":4},"end":{"line":575,"column":null}},"type":"if","locations":[{"start":{"line":575,"column":4},"end":{"line":575,"column":null}},{"start":{},"end":{}}],"line":575},"35":{"loc":{"start":{"line":576,"column":4},"end":{"line":576,"column":null}},"type":"if","locations":[{"start":{"line":576,"column":4},"end":{"line":576,"column":null}},{"start":{},"end":{}}],"line":576},"36":{"loc":{"start":{"line":581,"column":4},"end":{"line":581,"column":null}},"type":"if","locations":[{"start":{"line":581,"column":4},"end":{"line":581,"column":null}},{"start":{},"end":{}}],"line":581},"37":{"loc":{"start":{"line":582,"column":4},"end":{"line":582,"column":null}},"type":"if","locations":[{"start":{"line":582,"column":4},"end":{"line":582,"column":null}},{"start":{},"end":{}}],"line":582},"38":{"loc":{"start":{"line":634,"column":11},"end":{"line":969,"column":null}},"type":"cond-expr","locations":[{"start":{"line":635,"column":12},"end":{"line":637,"column":null}},{"start":{"line":638,"column":14},"end":{"line":969,"column":null}}],"line":634},"39":{"loc":{"start":{"line":638,"column":14},"end":{"line":969,"column":null}},"type":"cond-expr","locations":[{"start":{"line":639,"column":12},"end":{"line":641,"column":null}},{"start":{"line":642,"column":14},"end":{"line":969,"column":null}}],"line":638},"40":{"loc":{"start":{"line":642,"column":14},"end":{"line":969,"column":null}},"type":"cond-expr","locations":[{"start":{"line":643,"column":12},"end":{"line":965,"column":null}},{"start":{"line":967,"column":12},"end":{"line":969,"column":null}}],"line":642},"41":{"loc":{"start":{"line":675,"column":17},"end":{"line":678,"column":null}},"type":"binary-expr","locations":[{"start":{"line":675,"column":17},"end":{"line":675,"column":null}},{"start":{"line":676,"column":18},"end":{"line":678,"column":null}}],"line":675},"42":{"loc":{"start":{"line":683,"column":15},"end":{"line":713,"column":null}},"type":"binary-expr","locations":[{"start":{"line":683,"column":15},"end":{"line":683,"column":null}},{"start":{"line":684,"column":15},"end":{"line":684,"column":86}},{"start":{"line":684,"column":80},"end":{"line":713,"column":null}}],"line":683},"43":{"loc":{"start":{"line":693,"column":39},"end":{"line":693,"column":null}},"type":"cond-expr","locations":[{"start":{"line":693,"column":51},"end":{"line":693,"column":83}},{"start":{"line":693,"column":83},"end":{"line":693,"column":null}}],"line":693},"44":{"loc":{"start":{"line":694,"column":41},"end":{"line":694,"column":null}},"type":"cond-expr","locations":[{"start":{"line":694,"column":54},"end":{"line":694,"column":66}},{"start":{"line":694,"column":66},"end":{"line":694,"column":null}}],"line":694},"45":{"loc":{"start":{"line":700,"column":71},"end":{"line":700,"column":106}},"type":"cond-expr","locations":[{"start":{"line":700,"column":84},"end":{"line":700,"column":96}},{"start":{"line":700,"column":96},"end":{"line":700,"column":106}}],"line":700},"46":{"loc":{"start":{"line":701,"column":34},"end":{"line":701,"column":59}},"type":"cond-expr","locations":[{"start":{"line":701,"column":47},"end":{"line":701,"column":53}},{"start":{"line":701,"column":53},"end":{"line":701,"column":59}}],"line":701},"47":{"loc":{"start":{"line":716,"column":15},"end":{"line":753,"column":null}},"type":"binary-expr","locations":[{"start":{"line":716,"column":15},"end":{"line":716,"column":62}},{"start":{"line":716,"column":39},"end":{"line":753,"column":null}}],"line":716},"48":{"loc":{"start":{"line":718,"column":33},"end":{"line":718,"column":null}},"type":"cond-expr","locations":[{"start":{"line":718,"column":59},"end":{"line":718,"column":71}},{"start":{"line":718,"column":71},"end":{"line":718,"column":null}}],"line":718},"49":{"loc":{"start":{"line":718,"column":71},"end":{"line":718,"column":null}},"type":"cond-expr","locations":[{"start":{"line":718,"column":97},"end":{"line":718,"column":109}},{"start":{"line":718,"column":109},"end":{"line":718,"column":null}}],"line":718},"50":{"loc":{"start":{"line":753,"column":17},"end":{"line":832,"column":null}},"type":"binary-expr","locations":[{"start":{"line":755,"column":16},"end":{"line":755,"column":60}},{"start":{"line":755,"column":60},"end":{"line":755,"column":null}},{"start":{"line":756,"column":16},"end":{"line":832,"column":null}}],"line":753},"51":{"loc":{"start":{"line":773,"column":26},"end":{"line":773,"column":109}},"type":"binary-expr","locations":[{"start":{"line":773,"column":26},"end":{"line":773,"column":86}},{"start":{"line":773,"column":86},"end":{"line":773,"column":109}}],"line":773},"52":{"loc":{"start":{"line":781,"column":25},"end":{"line":781,"column":null}},"type":"binary-expr","locations":[{"start":{"line":781,"column":25},"end":{"line":781,"column":82}},{"start":{"line":781,"column":82},"end":{"line":781,"column":null}}],"line":781},"53":{"loc":{"start":{"line":789,"column":25},"end":{"line":789,"column":null}},"type":"binary-expr","locations":[{"start":{"line":789,"column":25},"end":{"line":789,"column":83}},{"start":{"line":789,"column":83},"end":{"line":789,"column":135}},{"start":{"line":789,"column":135},"end":{"line":789,"column":null}}],"line":789},"54":{"loc":{"start":{"line":797,"column":27},"end":{"line":797,"column":99}},"type":"binary-expr","locations":[{"start":{"line":797,"column":27},"end":{"line":797,"column":94}},{"start":{"line":797,"column":94},"end":{"line":797,"column":99}}],"line":797},"55":{"loc":{"start":{"line":802,"column":19},"end":{"line":830,"column":null}},"type":"binary-expr","locations":[{"start":{"line":802,"column":19},"end":{"line":802,"column":63}},{"start":{"line":802,"column":63},"end":{"line":802,"column":null}},{"start":{"line":803,"column":20},"end":{"line":830,"column":null}}],"line":802},"56":{"loc":{"start":{"line":835,"column":15},"end":{"line":901,"column":null}},"type":"binary-expr","locations":[{"start":{"line":835,"column":15},"end":{"line":835,"column":38}},{"start":{"line":835,"column":38},"end":{"line":835,"column":null}},{"start":{"line":836,"column":16},"end":{"line":901,"column":null}}],"line":835},"57":{"loc":{"start":{"line":858,"column":33},"end":{"line":858,"column":null}},"type":"cond-expr","locations":[{"start":{"line":858,"column":53},"end":{"line":858,"column":100}},{"start":{"line":858,"column":100},"end":{"line":858,"column":null}}],"line":858},"58":{"loc":{"start":{"line":862,"column":31},"end":{"line":866,"column":null}},"type":"cond-expr","locations":[{"start":{"line":863,"column":32},"end":{"line":865,"column":null}},{"start":{"line":866,"column":34},"end":{"line":866,"column":null}}],"line":862},"59":{"loc":{"start":{"line":868,"column":29},"end":{"line":871,"column":null}},"type":"binary-expr","locations":[{"start":{"line":868,"column":29},"end":{"line":868,"column":null}},{"start":{"line":869,"column":30},"end":{"line":871,"column":null}}],"line":868},"60":{"loc":{"start":{"line":905,"column":15},"end":{"line":934,"column":null}},"type":"binary-expr","locations":[{"start":{"line":905,"column":15},"end":{"line":905,"column":39}},{"start":{"line":905,"column":39},"end":{"line":905,"column":null}},{"start":{"line":906,"column":16},"end":{"line":934,"column":null}}],"line":905},"61":{"loc":{"start":{"line":942,"column":17},"end":{"line":962,"column":null}},"type":"cond-expr","locations":[{"start":{"line":943,"column":18},"end":{"line":958,"column":null}},{"start":{"line":960,"column":18},"end":{"line":962,"column":null}}],"line":942},"62":{"loc":{"start":{"line":942,"column":17},"end":{"line":942,"column":null}},"type":"binary-expr","locations":[{"start":{"line":942,"column":17},"end":{"line":942,"column":37}},{"start":{"line":942,"column":37},"end":{"line":942,"column":null}}],"line":942},"63":{"loc":{"start":{"line":992,"column":56},"end":{"line":992,"column":81}},"type":"cond-expr","locations":[{"start":{"line":992,"column":65},"end":{"line":992,"column":74}},{"start":{"line":992,"column":74},"end":{"line":992,"column":81}}],"line":992},"64":{"loc":{"start":{"line":993,"column":34},"end":{"line":993,"column":59}},"type":"cond-expr","locations":[{"start":{"line":993,"column":43},"end":{"line":993,"column":52}},{"start":{"line":993,"column":52},"end":{"line":993,"column":59}}],"line":993},"65":{"loc":{"start":{"line":1000,"column":4},"end":{"line":1003,"column":null}},"type":"if","locations":[{"start":{"line":1000,"column":4},"end":{"line":1003,"column":null}},{"start":{},"end":{}}],"line":1000},"66":{"loc":{"start":{"line":1005,"column":24},"end":{"line":1006,"column":null}},"type":"binary-expr","locations":[{"start":{"line":1005,"column":24},"end":{"line":1005,"column":null}},{"start":{"line":1006,"column":9},"end":{"line":1006,"column":null}}],"line":1005},"67":{"loc":{"start":{"line":1008,"column":4},"end":{"line":1011,"column":null}},"type":"if","locations":[{"start":{"line":1008,"column":4},"end":{"line":1011,"column":null}},{"start":{},"end":{}}],"line":1008},"68":{"loc":{"start":{"line":1022,"column":18},"end":{"line":1022,"column":null}},"type":"cond-expr","locations":[{"start":{"line":1022,"column":40},"end":{"line":1022,"column":62}},{"start":{"line":1022,"column":62},"end":{"line":1022,"column":null}}],"line":1022},"69":{"loc":{"start":{"line":1024,"column":11},"end":{"line":1024,"column":null}},"type":"cond-expr","locations":[{"start":{"line":1024,"column":33},"end":{"line":1024,"column":45}},{"start":{"line":1024,"column":45},"end":{"line":1024,"column":null}}],"line":1024},"70":{"loc":{"start":{"line":1025,"column":16},"end":{"line":1025,"column":null}},"type":"cond-expr","locations":[{"start":{"line":1025,"column":38},"end":{"line":1025,"column":46}},{"start":{"line":1025,"column":46},"end":{"line":1025,"column":null}}],"line":1025},"71":{"loc":{"start":{"line":1105,"column":14},"end":{"line":1105,"column":null}},"type":"if","locations":[{"start":{"line":1105,"column":14},"end":{"line":1105,"column":null}},{"start":{},"end":{}}],"line":1105},"72":{"loc":{"start":{"line":1126,"column":31},"end":{"line":1126,"column":null}},"type":"cond-expr","locations":[{"start":{"line":1126,"column":41},"end":{"line":1126,"column":53}},{"start":{"line":1126,"column":53},"end":{"line":1126,"column":null}}],"line":1126},"73":{"loc":{"start":{"line":1128,"column":22},"end":{"line":1128,"column":null}},"type":"cond-expr","locations":[{"start":{"line":1128,"column":32},"end":{"line":1128,"column":41}},{"start":{"line":1128,"column":41},"end":{"line":1128,"column":null}}],"line":1128},"74":{"loc":{"start":{"line":1135,"column":11},"end":{"line":1138,"column":null}},"type":"binary-expr","locations":[{"start":{"line":1135,"column":11},"end":{"line":1135,"column":null}},{"start":{"line":1136,"column":12},"end":{"line":1138,"column":null}}],"line":1135},"75":{"loc":{"start":{"line":1145,"column":17},"end":{"line":1145,"column":null}},"type":"cond-expr","locations":[{"start":{"line":1145,"column":26},"end":{"line":1145,"column":51}},{"start":{"line":1145,"column":51},"end":{"line":1145,"column":null}}],"line":1145},"76":{"loc":{"start":{"line":1158,"column":11},"end":{"line":1158,"column":null}},"type":"cond-expr","locations":[{"start":{"line":1158,"column":20},"end":{"line":1158,"column":27}},{"start":{"line":1158,"column":27},"end":{"line":1158,"column":null}}],"line":1158},"77":{"loc":{"start":{"line":1164,"column":9},"end":{"line":1171,"column":null}},"type":"binary-expr","locations":[{"start":{"line":1164,"column":9},"end":{"line":1164,"column":null}},{"start":{"line":1165,"column":10},"end":{"line":1171,"column":null}}],"line":1164},"78":{"loc":{"start":{"line":1173,"column":9},"end":{"line":1174,"column":null}},"type":"binary-expr","locations":[{"start":{"line":1173,"column":9},"end":{"line":1173,"column":null}},{"start":{"line":1174,"column":10},"end":{"line":1174,"column":null}}],"line":1173},"79":{"loc":{"start":{"line":1176,"column":9},"end":{"line":1177,"column":null}},"type":"binary-expr","locations":[{"start":{"line":1176,"column":9},"end":{"line":1176,"column":null}},{"start":{"line":1177,"column":10},"end":{"line":1177,"column":null}}],"line":1176},"80":{"loc":{"start":{"line":1179,"column":9},"end":{"line":1180,"column":null}},"type":"binary-expr","locations":[{"start":{"line":1179,"column":9},"end":{"line":1179,"column":null}},{"start":{"line":1180,"column":10},"end":{"line":1180,"column":null}}],"line":1179},"81":{"loc":{"start":{"line":1185,"column":7},"end":{"line":1186,"column":null}},"type":"binary-expr","locations":[{"start":{"line":1185,"column":7},"end":{"line":1185,"column":null}},{"start":{"line":1186,"column":8},"end":{"line":1186,"column":null}}],"line":1185}},"s":{"0":2,"1":16,"2":16,"3":16,"4":16,"5":16,"6":4,"7":4,"8":4,"9":4,"10":0,"11":4,"12":4,"13":4,"14":4,"15":0,"16":4,"17":16,"18":4,"19":4,"20":4,"21":4,"22":16,"23":13,"24":13,"25":13,"26":13,"27":6,"28":4,"29":2,"30":2,"31":2,"32":2,"33":2,"34":0,"35":2,"36":2,"37":2,"38":0,"39":2,"40":2,"41":13,"42":7,"43":7,"44":7,"45":10,"46":10,"47":10,"48":10,"49":2,"50":5,"51":5,"52":5,"53":5,"54":5,"55":1,"56":0,"57":0,"58":0,"59":0,"60":0,"61":0,"62":9,"63":9,"64":0,"65":9,"66":9,"67":0,"68":9,"69":9,"70":9,"71":0,"72":0,"73":9,"74":0,"75":0,"76":0,"77":9,"78":0,"79":0,"80":9,"81":0,"82":9,"83":0,"84":5,"85":13,"86":13,"87":9,"88":0,"89":0,"90":9,"91":9,"92":9,"93":13,"94":7,"95":6,"96":10,"97":10,"98":0,"99":0,"100":0,"101":6,"102":2,"103":2,"104":0,"105":0,"106":0,"107":6,"108":0,"109":0,"110":0,"111":0,"112":0,"113":0,"114":0,"115":0,"116":0,"117":0,"118":0,"119":0,"120":0,"121":0,"122":0,"123":2,"124":2,"125":2,"126":2,"127":0,"128":2,"129":16,"130":16,"131":16,"132":16,"133":16,"134":16,"135":4,"136":16,"137":4,"138":4,"139":16,"140":1,"141":1,"142":1,"143":0,"144":0,"145":1,"146":1,"147":0,"148":1,"149":0,"150":0,"151":1,"152":1,"153":1,"154":1,"155":16,"156":64,"157":16,"158":0,"159":2,"160":0,"161":0,"162":1,"163":1,"164":0,"165":0,"166":0,"167":0},"f":{"0":16,"1":4,"2":4,"3":4,"4":13,"5":6,"6":2,"7":7,"8":10,"9":5,"10":1,"11":0,"12":0,"13":9,"14":0,"15":9,"16":0,"17":0,"18":0,"19":0,"20":0,"21":5,"22":13,"23":9,"24":0,"25":9,"26":10,"27":2,"28":0,"29":0,"30":0,"31":0,"32":0,"33":0,"34":2,"35":2,"36":2,"37":2,"38":0,"39":2,"40":16,"41":4,"42":4,"43":1,"44":1,"45":0,"46":64,"47":0,"48":2,"49":0,"50":0,"51":1,"52":0,"53":0,"54":0},"b":{"0":[0,4],"1":[0,0],"2":[4,2],"3":[0,2],"4":[2,0],"5":[0,0],"6":[10,0],"7":[10,0],"8":[5,0],"9":[0,5],"10":[0,5],"11":[0,5],"12":[0,5],"13":[0,5],"14":[5,0],"15":[0,5],"16":[0,5],"17":[0,5],"18":[0,5],"19":[0,5],"20":[0,5],"21":[0,5],"22":[5,0],"23":[0,9],"24":[0,0],"25":[0,0],"26":[0,9],"27":[0,9],"28":[0,0],"29":[0,9],"30":[4,5],"31":[5,0],"32":[0,0],"33":[7,6],"34":[10,0],"35":[0,0],"36":[2,0],"37":[0,0],"38":[2,4],"39":[0,4],"40":[2,2],"41":[2,2],"42":[2,0,0],"43":[0,0],"44":[0,0],"45":[0,0],"46":[0,0],"47":[2,0],"48":[0,0],"49":[0,0],"50":[2,0,2],"51":[2,0],"52":[2,0],"53":[2,0,0],"54":[2,0],"55":[2,2,2],"56":[2,2,2],"57":[2,0],"58":[2,0],"59":[2,2],"60":[2,2,2],"61":[2,0],"62":[2,2],"63":[0,4],"64":[0,4],"65":[0,1],"66":[1,0],"67":[0,1],"68":[16,48],"69":[16,48],"70":[16,48],"71":[0,1],"72":[8,8],"73":[8,8],"74":[16,0],"75":[0,16],"76":[0,16],"77":[16,10],"78":[16,6],"79":[16,0],"80":[16,0],"81":[16,10]},"meta":{"lastBranch":82,"lastFunction":55,"lastStatement":168,"seen":{"s:18:0:18:Infinity":0,"f:124:9:124:20":0,"s:125:24:125:Infinity":1,"s:126:28:126:Infinity":2,"s:127:24:127:Infinity":3,"s:128:36:128:Infinity":4,"s:130:21:144:Infinity":5,"f:130:21:130:33":1,"s:131:4:143:Infinity":6,"s:132:6:132:Infinity":7,"s:133:23:133:Infinity":8,"b:134:6:134:Infinity:undefined:undefined:undefined:undefined":0,"s:134:6:134:Infinity":9,"s:134:24:134:Infinity":10,"s:135:19:135:Infinity":11,"s:136:6:136:Infinity":12,"s:137:6:137:Infinity":13,"s:138:6:138:Infinity":14,"s:140:6:140:Infinity":15,"b:140:38:140:52:140:52:140:67":1,"s:142:6:142:Infinity":16,"s:146:2:150:Infinity":17,"f:146:12:146:18":2,"s:147:4:147:Infinity":18,"s:148:21:148:Infinity":19,"s:149:4:149:Infinity":20,"f:149:11:149:17":3,"s:149:17:149:Infinity":21,"s:152:2:152:Infinity":22,"f:155:9:155:23":4,"s:156:26:156:Infinity":23,"s:157:28:157:Infinity":24,"s:158:24:158:Infinity":25,"s:160:2:185:Infinity":26,"f:160:12:160:18":5,"b:161:4:161:Infinity:undefined:undefined:undefined:undefined":2,"s:161:4:161:Infinity":27,"s:161:17:161:Infinity":28,"s:163:24:182:Infinity":29,"f:163:24:163:36":6,"s:164:6:181:Infinity":30,"s:165:8:165:Infinity":31,"s:166:25:166:Infinity":32,"b:167:8:167:Infinity:undefined:undefined:undefined:undefined":3,"s:167:8:167:Infinity":33,"s:167:26:167:Infinity":34,"s:168:21:168:Infinity":35,"s:169:8:175:Infinity":36,"b:173:24:173:45:173:45:173:Infinity":4,"s:176:8:176:Infinity":37,"s:178:8:178:Infinity":38,"b:178:40:178:54:178:54:178:69":5,"s:180:8:180:Infinity":39,"s:184:4:184:Infinity":40,"s:187:2:187:Infinity":41,"f:199:9:199:24":7,"s:200:17:204:Infinity":42,"s:206:14:206:Infinity":43,"s:208:2:230:Infinity":44,"f:239:9:239:23":8,"s:240:21:240:Infinity":45,"s:241:16:241:Infinity":46,"b:241:29:241:41:241:41:241:Infinity":6,"s:242:17:242:Infinity":47,"b:242:30:242:36:242:36:242:Infinity":7,"s:244:2:247:Infinity":48,"s:264:44:269:Infinity":49,"f:271:9:271:18":9,"s:272:17:272:Infinity":50,"s:273:28:273:Infinity":51,"s:274:28:274:Infinity":52,"s:275:28:275:Infinity":53,"s:277:2:421:Infinity":54,"f:279:15:279:21":10,"s:279:21:279:Infinity":55,"f:289:20:289:25":11,"s:290:19:290:Infinity":56,"s:291:8:291:Infinity":57,"s:292:8:292:Infinity":58,"f:294:20:294:25":12,"s:295:19:295:Infinity":59,"s:296:8:296:Infinity":60,"s:297:8:297:Infinity":61,"b:333:11:333:Infinity:334:12:336:Infinity":8,"b:347:52:347:61:347:61:347:72":9,"b:347:104:347:112:347:112:347:122":10,"b:358:37:358:61:358:61:358:Infinity":11,"b:359:42:359:55:359:55:359:Infinity":12,"b:360:37:360:49:360:49:360:Infinity":13,"b:367:9:367:Infinity:368:10:372:Infinity":14,"b:393:48:393:64:393:64:393:Infinity":15,"b:394:45:394:57:394:57:394:Infinity":16,"b:395:40:395:59:395:59:395:Infinity":17,"b:396:40:396:66:396:66:396:Infinity":18,"b:399:70:399:79:399:79:399:89":19,"b:400:55:400:63:400:63:400:74":20,"b:400:100:400:109:400:109:400:119":21,"b:419:9:419:35:419:35:419:Infinity":22,"f:437:9:437:19":13,"s:438:26:438:Infinity":62,"b:440:2:455:Infinity:undefined:undefined:undefined:undefined":23,"s:440:2:455:Infinity":63,"s:441:4:453:Infinity":64,"s:457:70:457:Infinity":65,"s:458:18:458:Infinity":66,"f:458:18:458:19":14,"s:458:53:458:Infinity":67,"b:458:92:458:96:458:96:458:Infinity":24,"b:458:53:458:78:458:78:458:92":25,"s:460:8:473:Infinity":68,"f:460:24:460:30":15,"s:461:16:461:Infinity":69,"b:462:4:463:Infinity:undefined:undefined:undefined:undefined":26,"s:462:4:463:Infinity":70,"s:463:6:463:Infinity":71,"f:463:22:463:23":16,"s:463:32:463:85":72,"b:464:4:468:Infinity:undefined:undefined:undefined:undefined":27,"s:464:4:468:Infinity":73,"s:465:6:468:Infinity":74,"f:465:22:465:23":17,"s:466:18:466:Infinity":75,"s:467:8:467:Infinity":76,"b:467:25:467:29:467:29:467:Infinity":28,"b:469:4:470:Infinity:undefined:undefined:undefined:undefined":29,"s:469:4:470:Infinity":77,"s:470:6:470:Infinity":78,"f:470:22:470:23":18,"s:470:32:470:105":79,"s:472:4:472:Infinity":80,"f:472:20:472:21":19,"s:472:30:472:77":81,"s:475:2:550:Infinity":82,"f:491:20:491:25":20,"s:491:25:491:Infinity":83,"b:511:12:521:Infinity:523:12:533:Infinity":30,"b:532:29:532:77:532:77:532:Infinity":31,"f:546:26:546:27":21,"s:547:10:547:Infinity":84,"f:563:9:563:21":22,"s:564:37:564:Infinity":85,"s:566:2:570:Infinity":86,"f:566:12:566:18":23,"s:567:22:567:Infinity":87,"f:567:22:567:23":24,"b:567:46:567:81:undefined:undefined:undefined:undefined":32,"s:567:46:567:81":88,"s:567:70:567:81":89,"s:568:4:568:Infinity":90,"s:569:4:569:Infinity":91,"f:569:11:569:17":25,"s:569:17:569:Infinity":92,"b:572:2:572:Infinity:undefined:undefined:undefined:undefined":33,"s:572:2:572:Infinity":93,"s:572:15:572:Infinity":94,"s:574:21:578:Infinity":95,"f:574:21:574:22":26,"b:575:4:575:Infinity:undefined:undefined:undefined:undefined":34,"s:575:4:575:Infinity":96,"s:575:21:575:Infinity":97,"b:576:4:576:Infinity:undefined:undefined:undefined:undefined":35,"s:576:4:576:Infinity":98,"s:576:22:576:Infinity":99,"s:577:4:577:Infinity":100,"s:580:21:584:Infinity":101,"f:580:21:580:22":27,"b:581:4:581:Infinity:undefined:undefined:undefined:undefined":36,"s:581:4:581:Infinity":102,"s:581:21:581:Infinity":103,"b:582:4:582:Infinity:undefined:undefined:undefined:undefined":37,"s:582:4:582:Infinity":104,"s:582:22:582:Infinity":105,"s:583:4:583:Infinity":106,"s:586:2:973:Infinity":107,"f:601:17:601:22":28,"s:601:22:601:Infinity":108,"b:635:12:637:Infinity:638:14:969:Infinity":38,"b:639:12:641:Infinity:642:14:969:Infinity":39,"b:643:12:965:Infinity:967:12:969:Infinity":40,"b:675:17:675:Infinity:676:18:678:Infinity":41,"b:683:15:683:Infinity:684:15:684:86:684:80:713:Infinity":42,"f:684:86:684:92":29,"s:685:27:685:Infinity":109,"s:686:30:686:Infinity":110,"f:686:55:686:56":30,"s:686:65:686:82":111,"s:687:32:687:Infinity":112,"s:688:16:711:Infinity":113,"f:692:35:692:36":31,"s:693:39:693:Infinity":114,"b:693:51:693:83:693:83:693:Infinity":43,"s:694:41:694:Infinity":115,"b:694:54:694:66:694:66:694:Infinity":44,"s:695:38:695:Infinity":116,"s:696:24:707:Infinity":117,"b:700:84:700:96:700:96:700:106":45,"b:701:47:701:53:701:53:701:59":46,"b:716:15:716:62:716:39:753:Infinity":47,"f:716:62:716:68":32,"s:717:27:717:Infinity":118,"s:718:33:718:Infinity":119,"b:718:59:718:71:718:71:718:Infinity":48,"b:718:97:718:109:718:109:718:Infinity":49,"s:719:32:724:Infinity":120,"s:725:16:751:Infinity":121,"f:735:35:735:36":33,"s:736:24:743:Infinity":122,"b:755:16:755:60:755:60:755:Infinity:756:16:832:Infinity":50,"b:773:26:773:86:773:86:773:109":51,"b:781:25:781:82:781:82:781:Infinity":52,"b:789:25:789:83:789:83:789:135:789:135:789:Infinity":53,"b:797:27:797:94:797:94:797:99":54,"b:802:19:802:63:802:63:802:Infinity:803:20:830:Infinity":55,"f:808:69:808:Infinity":34,"s:809:26:827:Infinity":123,"b:835:15:835:38:835:38:835:Infinity:836:16:901:Infinity":56,"f:841:57:841:Infinity":35,"s:842:22:898:Infinity":124,"b:858:53:858:100:858:100:858:Infinity":57,"b:863:32:865:Infinity:866:34:866:Infinity":58,"b:868:29:868:Infinity:869:30:871:Infinity":59,"b:905:15:905:39:905:39:905:Infinity:906:16:934:Infinity":60,"f:912:55:912:Infinity":36,"s:913:24:913:Infinity":125,"f:917:55:917:60":37,"s:917:60:917:67":126,"f:930:48:930:53":38,"s:930:53:930:86":127,"b:943:18:958:Infinity:960:18:962:Infinity":61,"b:942:17:942:37:942:37:942:Infinity":62,"f:944:54:944:55":39,"s:945:22:956:Infinity":128,"f:983:24:983:30":40,"s:984:49:984:Infinity":129,"s:985:42:985:Infinity":130,"s:986:34:986:Infinity":131,"s:987:36:987:Infinity":132,"s:988:42:988:Infinity":133,"s:989:26:989:Infinity":134,"f:989:39:989:45":41,"s:989:45:989:85":135,"s:991:2:994:Infinity":136,"f:991:12:991:18":42,"s:992:4:992:Infinity":137,"b:992:65:992:74:992:74:992:81":63,"s:993:4:993:Infinity":138,"b:993:43:993:52:993:52:993:59":64,"s:996:29:1017:Infinity":139,"f:996:29:996:30":43,"s:997:4:997:Infinity":140,"s:999:28:999:Infinity":141,"b:1000:4:1003:Infinity:undefined:undefined:undefined:undefined":65,"s:1000:4:1003:Infinity":142,"s:1001:6:1001:Infinity":143,"s:1002:6:1002:Infinity":144,"s:1005:24:1006:Infinity":145,"b:1005:24:1005:Infinity:1006:9:1006:Infinity":66,"f:1005:35:1005:43":44,"s:1005:43:1005:88":146,"f:1006:20:1006:28":45,"s:1006:28:1006:79":147,"b:1008:4:1011:Infinity:undefined:undefined:undefined:undefined":67,"s:1008:4:1011:Infinity":148,"s:1009:6:1009:Infinity":149,"s:1010:6:1010:Infinity":150,"s:1013:4:1013:Infinity":151,"s:1014:4:1014:Infinity":152,"s:1015:4:1015:Infinity":153,"s:1016:4:1016:Infinity":154,"s:1019:22:1029:Infinity":155,"f:1019:22:1019:23":46,"s:1019:66:1029:Infinity":156,"b:1022:40:1022:62:1022:62:1022:Infinity":68,"b:1024:33:1024:45:1024:45:1024:Infinity":69,"b:1025:38:1025:46:1025:46:1025:Infinity":70,"s:1031:2:1188:Infinity":157,"f:1079:60:1079:66":47,"s:1079:66:1079:94":158,"f:1082:57:1082:63":48,"s:1082:63:1082:88":159,"f:1085:55:1085:61":49,"s:1085:61:1085:84":160,"f:1088:57:1088:63":50,"s:1088:63:1088:88":161,"f:1103:22:1103:27":51,"s:1104:14:1104:Infinity":162,"b:1105:14:1105:Infinity:undefined:undefined:undefined:undefined":71,"s:1105:14:1105:Infinity":163,"s:1105:34:1105:Infinity":164,"b:1126:41:1126:53:1126:53:1126:Infinity":72,"b:1128:32:1128:41:1128:41:1128:Infinity":73,"b:1135:11:1135:Infinity:1136:12:1138:Infinity":74,"f:1144:19:1144:25":52,"s:1144:25:1144:Infinity":165,"f:1144:35:1144:40":53,"s:1144:40:1144:42":166,"b:1145:26:1145:51:1145:51:1145:Infinity":75,"b:1158:20:1158:27:1158:27:1158:Infinity":76,"b:1164:9:1164:Infinity:1165:10:1171:Infinity":77,"b:1173:9:1173:Infinity:1174:10:1174:Infinity":78,"b:1176:9:1176:Infinity:1177:10:1177:Infinity":79,"b:1179:9:1179:Infinity:1180:10:1180:Infinity":80,"b:1185:7:1185:Infinity:1186:8:1186:Infinity":81,"f:1186:54:1186:60":54,"s:1186:60:1186:85":167}}}
,"D:\\work\\sentiment-analyzer\\frontend\\src\\components\\AgentManagementDashboard.tsx": {"path":"D:\\work\\sentiment-analyzer\\frontend\\src\\components\\AgentManagementDashboard.tsx","statementMap":{"0":{"start":{"line":245,"column":22},"end":{"line":245,"column":null}},"1":{"start":{"line":246,"column":22},"end":{"line":246,"column":null}},"2":{"start":{"line":248,"column":40},"end":{"line":253,"column":null}},"3":{"start":{"line":256,"column":2},"end":{"line":256,"column":null}},"4":{"start":{"line":260,"column":2},"end":{"line":260,"column":null}},"5":{"start":{"line":264,"column":2},"end":{"line":284,"column":null}},"6":{"start":{"line":288,"column":16},"end":{"line":288,"column":null}},"7":{"start":{"line":290,"column":2},"end":{"line":316,"column":null}},"8":{"start":{"line":320,"column":2},"end":{"line":324,"column":null}},"9":{"start":{"line":328,"column":2},"end":{"line":328,"column":null}},"10":{"start":{"line":332,"column":2},"end":{"line":332,"column":null}},"11":{"start":{"line":332,"column":14},"end":{"line":332,"column":null}},"12":{"start":{"line":334,"column":15},"end":{"line":334,"column":null}},"13":{"start":{"line":335,"column":2},"end":{"line":335,"column":null}},"14":{"start":{"line":339,"column":2},"end":{"line":339,"column":null}},"15":{"start":{"line":339,"column":25},"end":{"line":339,"column":null}},"16":{"start":{"line":340,"column":2},"end":{"line":340,"column":null}},"17":{"start":{"line":340,"column":22},"end":{"line":340,"column":null}},"18":{"start":{"line":341,"column":2},"end":{"line":341,"column":null}},"19":{"start":{"line":345,"column":2},"end":{"line":351,"column":null}},"20":{"start":{"line":363,"column":18},"end":{"line":363,"column":null}},"21":{"start":{"line":365,"column":2},"end":{"line":370,"column":null}},"22":{"start":{"line":366,"column":23},"end":{"line":366,"column":null}},"23":{"start":{"line":367,"column":19},"end":{"line":367,"column":null}},"24":{"start":{"line":368,"column":4},"end":{"line":369,"column":null}},"25":{"start":{"line":368,"column":16},"end":{"line":368,"column":null}},"26":{"start":{"line":369,"column":9},"end":{"line":369,"column":null}},"27":{"start":{"line":372,"column":2},"end":{"line":380,"column":null}},"28":{"start":{"line":373,"column":27},"end":{"line":373,"column":45}},"29":{"start":{"line":374,"column":46},"end":{"line":380,"column":6}},"30":{"start":{"line":377,"column":62},"end":{"line":377,"column":92}},"31":{"start":{"line":378,"column":58},"end":{"line":378,"column":81}},"32":{"start":{"line":379,"column":58},"end":{"line":379,"column":83}},"33":{"start":{"line":384,"column":2},"end":{"line":384,"column":null}},"34":{"start":{"line":384,"column":27},"end":{"line":384,"column":null}},"35":{"start":{"line":385,"column":2},"end":{"line":385,"column":null}},"36":{"start":{"line":385,"column":27},"end":{"line":385,"column":null}},"37":{"start":{"line":387,"column":14},"end":{"line":387,"column":null}},"38":{"start":{"line":388,"column":14},"end":{"line":388,"column":null}},"39":{"start":{"line":389,"column":16},"end":{"line":389,"column":null}},"40":{"start":{"line":391,"column":2},"end":{"line":397,"column":null}},"41":{"start":{"line":393,"column":17},"end":{"line":393,"column":null}},"42":{"start":{"line":394,"column":16},"end":{"line":394,"column":null}},"43":{"start":{"line":395,"column":6},"end":{"line":395,"column":null}},"44":{"start":{"line":401,"column":2},"end":{"line":401,"column":null}},"45":{"start":{"line":405,"column":2},"end":{"line":405,"column":null}},"46":{"start":{"line":409,"column":2},"end":{"line":411,"column":null}},"47":{"start":{"line":410,"column":4},"end":{"line":410,"column":null}},"48":{"start":{"line":413,"column":16},"end":{"line":425,"column":null}},"49":{"start":{"line":414,"column":4},"end":{"line":414,"column":null}},"50":{"start":{"line":414,"column":34},"end":{"line":414,"column":null}},"51":{"start":{"line":415,"column":4},"end":{"line":422,"column":null}},"52":{"start":{"line":416,"column":6},"end":{"line":421,"column":null}},"53":{"start":{"line":417,"column":27},"end":{"line":417,"column":null}},"54":{"start":{"line":418,"column":8},"end":{"line":418,"column":null}},"55":{"start":{"line":420,"column":8},"end":{"line":420,"column":null}},"56":{"start":{"line":424,"column":4},"end":{"line":424,"column":null}},"57":{"start":{"line":427,"column":2},"end":{"line":427,"column":null}},"58":{"start":{"line":431,"column":2},"end":{"line":431,"column":null}},"59":{"start":{"line":439,"column":24},"end":{"line":439,"column":null}},"60":{"start":{"line":440,"column":24},"end":{"line":440,"column":null}},"61":{"start":{"line":441,"column":2},"end":{"line":441,"column":null}},"62":{"start":{"line":462,"column":2},"end":{"line":581,"column":null}},"63":{"start":{"line":498,"column":33},"end":{"line":498,"column":null}},"64":{"start":{"line":507,"column":33},"end":{"line":507,"column":null}},"65":{"start":{"line":517,"column":35},"end":{"line":517,"column":null}},"66":{"start":{"line":521,"column":18},"end":{"line":521,"column":null}},"67":{"start":{"line":530,"column":35},"end":{"line":530,"column":null}},"68":{"start":{"line":534,"column":18},"end":{"line":534,"column":null}},"69":{"start":{"line":545,"column":33},"end":{"line":545,"column":null}},"70":{"start":{"line":586,"column":2},"end":{"line":642,"column":null}},"71":{"start":{"line":646,"column":36},"end":{"line":646,"column":null}},"72":{"start":{"line":668,"column":26},"end":{"line":668,"column":null}},"73":{"start":{"line":670,"column":23},"end":{"line":672,"column":null}},"74":{"start":{"line":671,"column":4},"end":{"line":671,"column":null}},"75":{"start":{"line":671,"column":67},"end":{"line":671,"column":79}},"76":{"start":{"line":674,"column":2},"end":{"line":823,"column":null}},"77":{"start":{"line":718,"column":35},"end":{"line":718,"column":null}},"78":{"start":{"line":729,"column":35},"end":{"line":729,"column":null}},"79":{"start":{"line":739,"column":16},"end":{"line":756,"column":null}},"80":{"start":{"line":742,"column":33},"end":{"line":742,"column":null}},"81":{"start":{"line":777,"column":18},"end":{"line":780,"column":null}},"82":{"start":{"line":828,"column":27},"end":{"line":828,"column":null}},"83":{"start":{"line":829,"column":24},"end":{"line":829,"column":null}},"84":{"start":{"line":829,"column":64},"end":{"line":829,"column":97}},"85":{"start":{"line":830,"column":25},"end":{"line":830,"column":null}},"86":{"start":{"line":830,"column":65},"end":{"line":830,"column":108}},"87":{"start":{"line":831,"column":22},"end":{"line":831,"column":null}},"88":{"start":{"line":831,"column":71},"end":{"line":831,"column":91}},"89":{"start":{"line":833,"column":2},"end":{"line":904,"column":null}},"90":{"start":{"line":856,"column":31},"end":{"line":856,"column":null}},"91":{"start":{"line":858,"column":14},"end":{"line":898,"column":null}},"92":{"start":{"line":925,"column":2},"end":{"line":932,"column":null}},"93":{"start":{"line":926,"column":4},"end":{"line":930,"column":null}},"94":{"start":{"line":934,"column":26},"end":{"line":934,"column":null}},"95":{"start":{"line":935,"column":27},"end":{"line":935,"column":null}},"96":{"start":{"line":936,"column":28},"end":{"line":936,"column":null}},"97":{"start":{"line":936,"column":85},"end":{"line":936,"column":96}},"98":{"start":{"line":937,"column":27},"end":{"line":937,"column":null}},"99":{"start":{"line":937,"column":88},"end":{"line":937,"column":100}},"100":{"start":{"line":938,"column":30},"end":{"line":938,"column":null}},"101":{"start":{"line":938,"column":77},"end":{"line":938,"column":141}},"102":{"start":{"line":939,"column":22},"end":{"line":939,"column":null}},"103":{"start":{"line":939,"column":95},"end":{"line":939,"column":116}},"104":{"start":{"line":940,"column":18},"end":{"line":940,"column":null}},"105":{"start":{"line":940,"column":91},"end":{"line":940,"column":108}},"106":{"start":{"line":941,"column":23},"end":{"line":941,"column":null}},"107":{"start":{"line":941,"column":96},"end":{"line":941,"column":119}},"108":{"start":{"line":943,"column":2},"end":{"line":1121,"column":null}},"109":{"start":{"line":960,"column":10},"end":{"line":963,"column":null}},"110":{"start":{"line":972,"column":31},"end":{"line":972,"column":null}},"111":{"start":{"line":977,"column":14},"end":{"line":977,"column":null}},"112":{"start":{"line":985,"column":31},"end":{"line":985,"column":null}},"113":{"start":{"line":990,"column":14},"end":{"line":990,"column":null}},"114":{"start":{"line":1024,"column":16},"end":{"line":1029,"column":null}},"115":{"start":{"line":1040,"column":10},"end":{"line":1062,"column":null}},"116":{"start":{"line":1042,"column":27},"end":{"line":1042,"column":null}},"117":{"start":{"line":1077,"column":14},"end":{"line":1116,"column":null}},"118":{"start":{"line":1140,"column":24},"end":{"line":1140,"column":null}},"119":{"start":{"line":1140,"column":90},"end":{"line":1140,"column":111}},"120":{"start":{"line":1141,"column":26},"end":{"line":1141,"column":null}},"121":{"start":{"line":1142,"column":24},"end":{"line":1142,"column":null}},"122":{"start":{"line":1143,"column":25},"end":{"line":1145,"column":null}},"123":{"start":{"line":1146,"column":30},"end":{"line":1148,"column":null}},"124":{"start":{"line":1147,"column":50},"end":{"line":1147,"column":132}},"125":{"start":{"line":1150,"column":2},"end":{"line":1243,"column":null}},"126":{"start":{"line":1188,"column":36},"end":{"line":1188,"column":null}},"127":{"start":{"line":1189,"column":18},"end":{"line":1189,"column":null}},"128":{"start":{"line":1203,"column":34},"end":{"line":1203,"column":null}},"129":{"start":{"line":1204,"column":18},"end":{"line":1204,"column":null}},"130":{"start":{"line":1213,"column":14},"end":{"line":1234,"column":null}},"131":{"start":{"line":1227,"column":20},"end":{"line":1230,"column":null}},"132":{"start":{"line":1256,"column":52},"end":{"line":1256,"column":null}},"133":{"start":{"line":1258,"column":2},"end":{"line":1260,"column":null}},"134":{"start":{"line":1259,"column":4},"end":{"line":1259,"column":null}},"135":{"start":{"line":1262,"column":24},"end":{"line":1262,"column":null}},"136":{"start":{"line":1263,"column":21},"end":{"line":1263,"column":null}},"137":{"start":{"line":1264,"column":22},"end":{"line":1264,"column":null}},"138":{"start":{"line":1266,"column":2},"end":{"line":1414,"column":null}},"139":{"start":{"line":1278,"column":32},"end":{"line":1278,"column":null}},"140":{"start":{"line":1279,"column":32},"end":{"line":1279,"column":null}},"141":{"start":{"line":1280,"column":31},"end":{"line":1280,"column":null}},"142":{"start":{"line":1281,"column":37},"end":{"line":1281,"column":null}},"143":{"start":{"line":1282,"column":35},"end":{"line":1282,"column":null}},"144":{"start":{"line":1283,"column":35},"end":{"line":1283,"column":null}},"145":{"start":{"line":1284,"column":40},"end":{"line":1284,"column":null}},"146":{"start":{"line":1285,"column":38},"end":{"line":1285,"column":null}},"147":{"start":{"line":1287,"column":16},"end":{"line":1328,"column":null}},"148":{"start":{"line":1290,"column":38},"end":{"line":1290,"column":null}},"149":{"start":{"line":1292,"column":22},"end":{"line":1312,"column":null}},"150":{"start":{"line":1298,"column":43},"end":{"line":1298,"column":null}},"151":{"start":{"line":1300,"column":30},"end":{"line":1303,"column":null}},"152":{"start":{"line":1301,"column":32},"end":{"line":1301,"column":null}},"153":{"start":{"line":1302,"column":32},"end":{"line":1302,"column":null}},"154":{"start":{"line":1316,"column":65},"end":{"line":1316,"column":99}},"155":{"start":{"line":1317,"column":22},"end":{"line":1320,"column":null}},"156":{"start":{"line":1318,"column":24},"end":{"line":1318,"column":null}},"157":{"start":{"line":1319,"column":24},"end":{"line":1319,"column":null}},"158":{"start":{"line":1351,"column":14},"end":{"line":1366,"column":null}},"159":{"start":{"line":1353,"column":31},"end":{"line":1353,"column":null}},"160":{"start":{"line":1383,"column":14},"end":{"line":1407,"column":null}},"161":{"start":{"line":1385,"column":31},"end":{"line":1385,"column":null}},"162":{"start":{"line":1419,"column":26},"end":{"line":1419,"column":null}},"163":{"start":{"line":1420,"column":36},"end":{"line":1420,"column":null}},"164":{"start":{"line":1421,"column":44},"end":{"line":1421,"column":null}},"165":{"start":{"line":1422,"column":40},"end":{"line":1422,"column":null}},"166":{"start":{"line":1423,"column":28},"end":{"line":1423,"column":null}},"167":{"start":{"line":1424,"column":26},"end":{"line":1424,"column":null}},"168":{"start":{"line":1425,"column":32},"end":{"line":1425,"column":null}},"169":{"start":{"line":1426,"column":46},"end":{"line":1426,"column":null}},"170":{"start":{"line":1427,"column":54},"end":{"line":1427,"column":null}},"171":{"start":{"line":1428,"column":50},"end":{"line":1428,"column":null}},"172":{"start":{"line":1429,"column":58},"end":{"line":1429,"column":null}},"173":{"start":{"line":1430,"column":58},"end":{"line":1430,"column":null}},"174":{"start":{"line":1431,"column":44},"end":{"line":1431,"column":null}},"175":{"start":{"line":1432,"column":60},"end":{"line":1432,"column":null}},"176":{"start":{"line":1433,"column":44},"end":{"line":1433,"column":null}},"177":{"start":{"line":1434,"column":40},"end":{"line":1434,"column":null}},"178":{"start":{"line":1435,"column":40},"end":{"line":1435,"column":null}},"179":{"start":{"line":1436,"column":36},"end":{"line":1436,"column":null}},"180":{"start":{"line":1437,"column":24},"end":{"line":1437,"column":null}},"181":{"start":{"line":1438,"column":28},"end":{"line":1438,"column":null}},"182":{"start":{"line":1439,"column":36},"end":{"line":1439,"column":null}},"183":{"start":{"line":1440,"column":50},"end":{"line":1440,"column":null}},"184":{"start":{"line":1441,"column":52},"end":{"line":1441,"column":null}},"185":{"start":{"line":1442,"column":48},"end":{"line":1442,"column":null}},"186":{"start":{"line":1443,"column":38},"end":{"line":1443,"column":null}},"187":{"start":{"line":1444,"column":8},"end":{"line":1444,"column":null}},"188":{"start":{"line":1445,"column":44},"end":{"line":1445,"column":null}},"189":{"start":{"line":1446,"column":44},"end":{"line":1446,"column":null}},"190":{"start":{"line":1447,"column":40},"end":{"line":1447,"column":null}},"191":{"start":{"line":1448,"column":56},"end":{"line":1448,"column":null}},"192":{"start":{"line":1449,"column":34},"end":{"line":1449,"column":null}},"193":{"start":{"line":1450,"column":38},"end":{"line":1450,"column":null}},"194":{"start":{"line":1451,"column":30},"end":{"line":1451,"column":null}},"195":{"start":{"line":1452,"column":36},"end":{"line":1452,"column":null}},"196":{"start":{"line":1453,"column":30},"end":{"line":1453,"column":null}},"197":{"start":{"line":1454,"column":48},"end":{"line":1454,"column":null}},"198":{"start":{"line":1455,"column":38},"end":{"line":1455,"column":null}},"199":{"start":{"line":1456,"column":36},"end":{"line":1456,"column":null}},"200":{"start":{"line":1457,"column":42},"end":{"line":1457,"column":null}},"201":{"start":{"line":1458,"column":40},"end":{"line":1458,"column":null}},"202":{"start":{"line":1459,"column":46},"end":{"line":1459,"column":null}},"203":{"start":{"line":1460,"column":40},"end":{"line":1460,"column":null}},"204":{"start":{"line":1461,"column":44},"end":{"line":1461,"column":null}},"205":{"start":{"line":1462,"column":34},"end":{"line":1462,"column":null}},"206":{"start":{"line":1465,"column":2},"end":{"line":1471,"column":null}},"207":{"start":{"line":1466,"column":21},"end":{"line":1468,"column":null}},"208":{"start":{"line":1467,"column":6},"end":{"line":1467,"column":null}},"209":{"start":{"line":1467,"column":31},"end":{"line":1467,"column":40}},"210":{"start":{"line":1470,"column":4},"end":{"line":1470,"column":null}},"211":{"start":{"line":1470,"column":17},"end":{"line":1470,"column":null}},"212":{"start":{"line":1473,"column":2},"end":{"line":1521,"column":null}},"213":{"start":{"line":1474,"column":25},"end":{"line":1518,"column":null}},"214":{"start":{"line":1475,"column":6},"end":{"line":1517,"column":null}},"215":{"start":{"line":1479,"column":8},"end":{"line":1479,"column":null}},"216":{"start":{"line":1479,"column":33},"end":{"line":1479,"column":null}},"217":{"start":{"line":1480,"column":8},"end":{"line":1480,"column":null}},"218":{"start":{"line":1482,"column":91},"end":{"line":1487,"column":null}},"219":{"start":{"line":1489,"column":8},"end":{"line":1489,"column":null}},"220":{"start":{"line":1489,"column":32},"end":{"line":1489,"column":null}},"221":{"start":{"line":1490,"column":8},"end":{"line":1490,"column":null}},"222":{"start":{"line":1490,"column":37},"end":{"line":1490,"column":null}},"223":{"start":{"line":1492,"column":27},"end":{"line":1492,"column":null}},"224":{"start":{"line":1493,"column":32},"end":{"line":1493,"column":null}},"225":{"start":{"line":1495,"column":14},"end":{"line":1495,"column":null}},"226":{"start":{"line":1496,"column":38},"end":{"line":1496,"column":null}},"227":{"start":{"line":1498,"column":8},"end":{"line":1498,"column":null}},"228":{"start":{"line":1499,"column":8},"end":{"line":1499,"column":null}},"229":{"start":{"line":1500,"column":8},"end":{"line":1506,"column":null}},"230":{"start":{"line":1501,"column":30},"end":{"line":1501,"column":null}},"231":{"start":{"line":1502,"column":10},"end":{"line":1502,"column":null}},"232":{"start":{"line":1503,"column":10},"end":{"line":1503,"column":null}},"233":{"start":{"line":1503,"column":45},"end":{"line":1503,"column":106}},"234":{"start":{"line":1505,"column":10},"end":{"line":1505,"column":null}},"235":{"start":{"line":1507,"column":8},"end":{"line":1511,"column":null}},"236":{"start":{"line":1508,"column":10},"end":{"line":1508,"column":null}},"237":{"start":{"line":1510,"column":10},"end":{"line":1510,"column":null}},"238":{"start":{"line":1512,"column":8},"end":{"line":1512,"column":null}},"239":{"start":{"line":1512,"column":38},"end":{"line":1512,"column":80}},"240":{"start":{"line":1514,"column":8},"end":{"line":1514,"column":null}},"241":{"start":{"line":1516,"column":8},"end":{"line":1516,"column":null}},"242":{"start":{"line":1520,"column":4},"end":{"line":1520,"column":null}},"243":{"start":{"line":1523,"column":2},"end":{"line":1582,"column":null}},"244":{"start":{"line":1524,"column":4},"end":{"line":1530,"column":null}},"245":{"start":{"line":1525,"column":6},"end":{"line":1525,"column":null}},"246":{"start":{"line":1526,"column":6},"end":{"line":1526,"column":null}},"247":{"start":{"line":1527,"column":6},"end":{"line":1527,"column":null}},"248":{"start":{"line":1528,"column":6},"end":{"line":1528,"column":null}},"249":{"start":{"line":1529,"column":6},"end":{"line":1529,"column":null}},"250":{"start":{"line":1532,"column":23},"end":{"line":1579,"column":null}},"251":{"start":{"line":1533,"column":6},"end":{"line":1578,"column":null}},"252":{"start":{"line":1536,"column":8},"end":{"line":1536,"column":null}},"253":{"start":{"line":1536,"column":51},"end":{"line":1536,"column":null}},"254":{"start":{"line":1537,"column":8},"end":{"line":1537,"column":null}},"255":{"start":{"line":1539,"column":85},"end":{"line":1544,"column":null}},"256":{"start":{"line":1546,"column":8},"end":{"line":1546,"column":null}},"257":{"start":{"line":1546,"column":32},"end":{"line":1546,"column":null}},"258":{"start":{"line":1548,"column":27},"end":{"line":1548,"column":null}},"259":{"start":{"line":1549,"column":33},"end":{"line":1549,"column":null}},"260":{"start":{"line":1550,"column":8},"end":{"line":1550,"column":null}},"261":{"start":{"line":1551,"column":8},"end":{"line":1554,"column":null}},"262":{"start":{"line":1552,"column":10},"end":{"line":1552,"column":null}},"263":{"start":{"line":1553,"column":10},"end":{"line":1553,"column":null}},"264":{"start":{"line":1556,"column":8},"end":{"line":1560,"column":null}},"265":{"start":{"line":1557,"column":10},"end":{"line":1557,"column":null}},"266":{"start":{"line":1559,"column":10},"end":{"line":1559,"column":null}},"267":{"start":{"line":1562,"column":8},"end":{"line":1566,"column":null}},"268":{"start":{"line":1563,"column":10},"end":{"line":1563,"column":null}},"269":{"start":{"line":1565,"column":10},"end":{"line":1565,"column":null}},"270":{"start":{"line":1568,"column":8},"end":{"line":1573,"column":null}},"271":{"start":{"line":1569,"column":32},"end":{"line":1569,"column":null}},"272":{"start":{"line":1570,"column":10},"end":{"line":1570,"column":null}},"273":{"start":{"line":1572,"column":10},"end":{"line":1572,"column":null}},"274":{"start":{"line":1575,"column":8},"end":{"line":1575,"column":null}},"275":{"start":{"line":1577,"column":8},"end":{"line":1577,"column":null}},"276":{"start":{"line":1581,"column":4},"end":{"line":1581,"column":null}},"277":{"start":{"line":1584,"column":2},"end":{"line":1606,"column":null}},"278":{"start":{"line":1585,"column":4},"end":{"line":1588,"column":null}},"279":{"start":{"line":1586,"column":6},"end":{"line":1586,"column":null}},"280":{"start":{"line":1587,"column":6},"end":{"line":1587,"column":null}},"281":{"start":{"line":1590,"column":27},"end":{"line":1603,"column":null}},"282":{"start":{"line":1591,"column":6},"end":{"line":1602,"column":null}},"283":{"start":{"line":1594,"column":8},"end":{"line":1594,"column":null}},"284":{"start":{"line":1594,"column":71},"end":{"line":1594,"column":null}},"285":{"start":{"line":1595,"column":25},"end":{"line":1595,"column":null}},"286":{"start":{"line":1596,"column":8},"end":{"line":1596,"column":null}},"287":{"start":{"line":1596,"column":26},"end":{"line":1596,"column":null}},"288":{"start":{"line":1597,"column":8},"end":{"line":1597,"column":null}},"289":{"start":{"line":1599,"column":8},"end":{"line":1599,"column":null}},"290":{"start":{"line":1601,"column":8},"end":{"line":1601,"column":null}},"291":{"start":{"line":1605,"column":4},"end":{"line":1605,"column":null}},"292":{"start":{"line":1608,"column":2},"end":{"line":1613,"column":null}},"293":{"start":{"line":1609,"column":4},"end":{"line":1609,"column":null}},"294":{"start":{"line":1609,"column":29},"end":{"line":1609,"column":null}},"295":{"start":{"line":1611,"column":26},"end":{"line":1611,"column":null}},"296":{"start":{"line":1611,"column":87},"end":{"line":1611,"column":108}},"297":{"start":{"line":1612,"column":4},"end":{"line":1612,"column":null}},"298":{"start":{"line":1615,"column":2},"end":{"line":1619,"column":null}},"299":{"start":{"line":1616,"column":4},"end":{"line":1618,"column":null}},"300":{"start":{"line":1617,"column":6},"end":{"line":1617,"column":null}},"301":{"start":{"line":1621,"column":25},"end":{"line":1641,"column":null}},"302":{"start":{"line":1623,"column":30},"end":{"line":1623,"column":null}},"303":{"start":{"line":1624,"column":6},"end":{"line":1624,"column":null}},"304":{"start":{"line":1624,"column":28},"end":{"line":1624,"column":null}},"305":{"start":{"line":1626,"column":19},"end":{"line":1632,"column":null}},"306":{"start":{"line":1634,"column":6},"end":{"line":1634,"column":null}},"307":{"start":{"line":1637,"column":6},"end":{"line":1637,"column":null}},"308":{"start":{"line":1637,"column":29},"end":{"line":1637,"column":null}},"309":{"start":{"line":1638,"column":6},"end":{"line":1638,"column":null}},"310":{"start":{"line":1638,"column":36},"end":{"line":1638,"column":null}},"311":{"start":{"line":1639,"column":6},"end":{"line":1639,"column":null}},"312":{"start":{"line":1639,"column":38},"end":{"line":1639,"column":null}},"313":{"start":{"line":1640,"column":6},"end":{"line":1640,"column":null}},"314":{"start":{"line":1642,"column":38},"end":{"line":1646,"column":null}},"315":{"start":{"line":1644,"column":28},"end":{"line":1644,"column":112}},"316":{"start":{"line":1645,"column":25},"end":{"line":1645,"column":48}},"317":{"start":{"line":1648,"column":2},"end":{"line":1659,"column":null}},"318":{"start":{"line":1649,"column":4},"end":{"line":1649,"column":null}},"319":{"start":{"line":1649,"column":27},"end":{"line":1649
[...]
3":0,"34":0,"35":0,"36":0,"37":0,"38":0,"39":0,"40":0,"41":0,"42":0,"43":0,"44":0,"45":0,"46":0,"47":0,"48":0,"49":0,"50":0,"51":0,"52":0,"53":2,"54":2,"55":23,"56":3,"57":3,"58":3,"59":3,"60":3,"61":3,"62":1,"63":0,"64":1,"65":2,"66":2,"67":1,"68":3,"69":23,"70":2,"71":2,"72":1,"73":1,"74":1,"75":23,"76":0,"77":0,"78":0,"79":0,"80":0,"81":0,"82":0,"83":0,"84":0,"85":0,"86":0,"87":23,"88":1,"89":1,"90":1,"91":1,"92":1,"93":1,"94":1,"95":23},"f":{"0":23,"1":6,"2":5,"3":0,"4":0,"5":3,"6":0,"7":2,"8":0,"9":1},"b":{"0":[1,5],"1":[1,3],"2":[1,0],"3":[0,0],"4":[0,0],"5":[0,0],"6":[0,0],"7":[0,0],"8":[2,0],"9":[1,2],"10":[1,0],"11":[1,0],"12":[1,0],"13":[0,0],"14":[0,0],"15":[0,0]},"meta":{"lastBranch":16,"lastFunction":10,"lastStatement":96,"seen":{"s:12:12:12:Infinity":0,"f:14:16:14:37":0,"s:15:28:15:Infinity":1,"s:16:40:16:Infinity":2,"s:17:26:17:Infinity":3,"s:18:28:18:Infinity":4,"s:19:40:19:Infinity":5,"s:20:24:20:Infinity":6,"s:21:22:21:Infinity":7,"s:24:8:24:Infinity":8,"s:26:8:31:Infinity":9,"f:26:34:26:40":1,"b:27:4:30:Infinity:undefined:undefined:undefined:undefined":0,"s:27:4:30:Infinity":10,"s:28:6:28:Infinity":11,"s:29:6:29:Infinity":12,"s:35:8:98:Infinity":13,"f:35:39:35:46":2,"s:36:4:36:Infinity":14,"s:37:4:37:Infinity":15,"s:38:4:38:Infinity":16,"s:39:4:39:Infinity":17,"s:40:4:40:Infinity":18,"s:42:4:97:Infinity":19,"s:43:23:47:Infinity":20,"b:49:6:52:Infinity:undefined:undefined:undefined:undefined":1,"s:49:6:52:Infinity":21,"s:50:24:50:Infinity":22,"f:50:52:50:59":3,"s:50:59:50:90":23,"s:51:8:51:Infinity":24,"b:51:24:51:41:51:41:51:70":2,"s:54:24:54:Infinity":25,"s:55:18:55:Infinity":26,"s:56:6:56:Infinity":27,"s:59:6:93:Infinity":28,"f:59:36:59:48":4,"s:60:8:92:Infinity":29,"s:61:28:61:Infinity":30,"b:62:10:67:Infinity:undefined:undefined:undefined:undefined":3,"s:62:10:67:Infinity":31,"s:63:12:63:Infinity":32,"s:64:12:64:Infinity":33,"s:65:12:65:Infinity":34,"s:66:12:66:Infinity":35,"s:69:29:69:Infinity":36,"s:70:10:70:Infinity":37,"b:72:10:87:Infinity:83:10:87:Infinity":4,"s:72:10:87:Infinity":38,"s:73:12:73:Infinity":39,"s:75:31:75:Infinity":40,"b:76:12:81:Infinity:79:19:81:Infinity":5,"s:76:12:81:Infinity":41,"s:77:34:77:Infinity":42,"s:78:14:78:Infinity":43,"s:80:14:80:Infinity":44,"s:82:12:82:Infinity":45,"b:83:10:87:Infinity:undefined:undefined:undefined:undefined":6,"s:83:10:87:Infinity":46,"s:84:12:84:Infinity":47,"s:85:12:85:Infinity":48,"s:86:12:86:Infinity":49,"s:89:10:89:Infinity":50,"s:90:10:90:Infinity":51,"b:90:46:90:64:90:64:90:79":7,"s:91:10:91:Infinity":52,"s:95:6:95:Infinity":53,"b:95:38:95:52:95:52:95:67":8,"s:96:6:96:Infinity":54,"s:102:8:132:Infinity":55,"f:102:36:102:Infinity":5,"s:109:4:109:Infinity":56,"s:110:4:110:Infinity":57,"s:111:4:111:Infinity":58,"s:113:4:131:Infinity":59,"s:114:18:118:Infinity":60,"b:120:6:123:Infinity:undefined:undefined:undefined:undefined":9,"s:120:6:123:Infinity":61,"s:121:24:121:Infinity":62,"f:121:47:121:54":6,"s:121:54:121:80":63,"s:122:8:122:Infinity":64,"b:122:24:122:41:122:41:122:66":10,"s:125:19:125:Infinity":65,"s:126:6:126:Infinity":66,"s:128:6:128:Infinity":67,"b:128:38:128:52:128:52:128:67":11,"s:130:6:130:Infinity":68,"s:136:8:146:Infinity":69,"f:136:31:136:58":7,"s:137:4:145:Infinity":70,"s:138:18:138:Infinity":71,"b:139:6:142:Infinity:undefined:undefined:undefined:undefined":12,"s:139:6:142:Infinity":72,"s:140:21:140:Infinity":73,"s:141:8:141:Infinity":74,"s:150:8:168:Infinity":75,"f:150:34:150:41":8,"s:151:4:151:Infinity":76,"s:152:4:152:Infinity":77,"s:153:4:153:Infinity":78,"s:155:4:167:Infinity":79,"s:156:38:159:Infinity":80,"b:161:6:161:Infinity:undefined:undefined:undefined:undefined":13,"s:161:6:161:Infinity":81,"s:161:24:161:Infinity":82,"b:162:6:162:Infinity:undefined:undefined:undefined:undefined":14,"s:162:6:162:Infinity":83,"s:162:25:162:Infinity":84,"s:164:6:164:Infinity":85,"b:164:38:164:52:164:52:164:67":15,"s:166:6:166:Infinity":86,"s:170:8:178:Infinity":87,"f:170:28:170:34":9,"s:171:4:171:Infinity":88,"s:172:4:172:Infinity":89,"s:173:4:173:Infinity":90,"s:174:4:174:Infinity":91,"s:175:4:175:Infinity":92,"s:176:4:176:Infinity":93,"s:177:4:177:Infinity":94,"s:180:2:193:Infinity":95}}}
,"D:\\work\\sentiment-analyzer\\frontend\\src\\hooks\\useSocialMedia.ts": {"path":"D:\\work\\sentiment-analyzer\\frontend\\src\\hooks\\useSocialMedia.ts","statementMap":{"0":{"start":{"line":13,"column":22},"end":{"line":13,"column":null}},"1":{"start":{"line":14,"column":28},"end":{"line":14,"column":null}},"2":{"start":{"line":15,"column":24},"end":{"line":15,"column":null}},"3":{"start":{"line":17,"column":8},"end":{"line":29,"column":null}},"4":{"start":{"line":18,"column":4},"end":{"line":28,"column":null}},"5":{"start":{"line":19,"column":6},"end":{"line":19,"column":null}},"6":{"start":{"line":20,"column":18},"end":{"line":20,"column":null}},"7":{"start":{"line":21,"column":6},"end":{"line":21,"column":null}},"8":{"start":{"line":21,"column":19},"end":{"line":21,"column":null}},"9":{"start":{"line":22,"column":6},"end":{"line":22,"column":null}},"10":{"start":{"line":23,"column":6},"end":{"line":23,"column":null}},"11":{"start":{"line":25,"column":6},"end":{"line":25,"column":null}},"12":{"start":{"line":27,"column":6},"end":{"line":27,"column":null}},"13":{"start":{"line":31,"column":2},"end":{"line":31,"column":null}},"14":{"start":{"line":31,"column":20},"end":{"line":31,"column":30}},"15":{"start":{"line":33,"column":2},"end":{"line":33,"column":null}},"16":{"start":{"line":47,"column":22},"end":{"line":47,"column":null}},"17":{"start":{"line":48,"column":28},"end":{"line":48,"column":null}},"18":{"start":{"line":49,"column":24},"end":{"line":49,"column":null}},"19":{"start":{"line":51,"column":72},"end":{"line":51,"column":null}},"20":{"start":{"line":53,"column":8},"end":{"line":71,"column":null}},"21":{"start":{"line":54,"column":4},"end":{"line":70,"column":null}},"22":{"start":{"line":55,"column":6},"end":{"line":55,"column":null}},"23":{"start":{"line":56,"column":21},"end":{"line":56,"column":null}},"24":{"start":{"line":57,"column":6},"end":{"line":57,"column":null}},"25":{"start":{"line":57,"column":16},"end":{"line":57,"column":null}},"26":{"start":{"line":58,"column":6},"end":{"line":58,"column":null}},"27":{"start":{"line":58,"column":18},"end":{"line":58,"column":null}},"28":{"start":{"line":59,"column":6},"end":{"line":59,"column":null}},"29":{"start":{"line":60,"column":6},"end":{"line":60,"column":null}},"30":{"start":{"line":61,"column":6},"end":{"line":61,"column":null}},"31":{"start":{"line":62,"column":18},"end":{"line":62,"column":null}},"32":{"start":{"line":63,"column":6},"end":{"line":63,"column":null}},"33":{"start":{"line":63,"column":19},"end":{"line":63,"column":null}},"34":{"start":{"line":64,"column":6},"end":{"line":64,"column":null}},"35":{"start":{"line":65,"column":6},"end":{"line":65,"column":null}},"36":{"start":{"line":67,"column":6},"end":{"line":67,"column":null}},"37":{"start":{"line":69,"column":6},"end":{"line":69,"column":null}},"38":{"start":{"line":73,"column":2},"end":{"line":73,"column":null}},"39":{"start":{"line":73,"column":20},"end":{"line":73,"column":30}},"40":{"start":{"line":75,"column":2},"end":{"line":75,"column":null}},"41":{"start":{"line":81,"column":22},"end":{"line":81,"column":null}},"42":{"start":{"line":82,"column":28},"end":{"line":82,"column":null}},"43":{"start":{"line":83,"column":24},"end":{"line":83,"column":null}},"44":{"start":{"line":84,"column":40},"end":{"line":84,"column":null}},"45":{"start":{"line":86,"column":8},"end":{"line":98,"column":null}},"46":{"start":{"line":87,"column":4},"end":{"line":97,"column":null}},"47":{"start":{"line":88,"column":16},"end":{"line":88,"column":null}},"48":{"start":{"line":89,"column":6},"end":{"line":89,"column":null}},"49":{"start":{"line":89,"column":17},"end":{"line":89,"column":null}},"50":{"start":{"line":90,"column":6},"end":{"line":90,"column":null}},"51":{"start":{"line":91,"column":6},"end":{"line":91,"column":null}},"52":{"start":{"line":92,"column":6},"end":{"line":92,"column":null}},"53":{"start":{"line":94,"column":6},"end":{"line":94,"column":null}},"54":{"start":{"line":96,"column":6},"end":{"line":96,"column":null}},"55":{"start":{"line":100,"column":2},"end":{"line":104,"column":null}},"56":{"start":{"line":101,"column":4},"end":{"line":101,"column":null}},"57":{"start":{"line":102,"column":15},"end":{"line":102,"column":null}},"58":{"start":{"line":103,"column":4},"end":{"line":103,"column":null}},"59":{"start":{"line":103,"column":17},"end":{"line":103,"column":null}},"60":{"start":{"line":106,"column":2},"end":{"line":106,"column":null}},"61":{"start":{"line":112,"column":22},"end":{"line":112,"column":null}},"62":{"start":{"line":113,"column":28},"end":{"line":113,"column":null}},"63":{"start":{"line":114,"column":24},"end":{"line":114,"column":null}},"64":{"start":{"line":116,"column":2},"end":{"line":124,"column":null}},"65":{"start":{"line":117,"column":4},"end":{"line":117,"column":null}},"66":{"start":{"line":117,"column":19},"end":{"line":117,"column":34}},"67":{"start":{"line":117,"column":34},"end":{"line":117,"column":42}},"68":{"start":{"line":118,"column":4},"end":{"line":118,"column":null}},"69":{"start":{"line":119,"column":4},"end":{"line":123,"column":null}},"70":{"start":{"line":120,"column":19},"end":{"line":120,"column":67}},"71":{"start":{"line":120,"column":30},"end":{"line":120,"column":67}},"72":{"start":{"line":120,"column":67},"end":{"line":120,"column":84}},"73":{"start":{"line":121,"column":19},"end":{"line":121,"column":31}},"74":{"start":{"line":121,"column":31},"end":{"line":121,"column":47}},"75":{"start":{"line":122,"column":20},"end":{"line":122,"column":41}},"76":{"start":{"line":123,"column":21},"end":{"line":123,"column":38}},"77":{"start":{"line":126,"column":2},"end":{"line":126,"column":null}}},"fnMap":{"0":{"name":"useTrendingTopics","decl":{"start":{"line":12,"column":16},"end":{"line":12,"column":34}},"loc":{"start":{"line":12,"column":63},"end":{"line":34,"column":null}},"line":12},"1":{"name":"(anonymous_1)","decl":{"start":{"line":17,"column":29},"end":{"line":17,"column":41}},"loc":{"start":{"line":17,"column":41},"end":{"line":29,"column":5}},"line":17},"2":{"name":"(anonymous_2)","decl":{"start":{"line":31,"column":12},"end":{"line":31,"column":18}},"loc":{"start":{"line":31,"column":18},"end":{"line":31,"column":33}},"line":31},"3":{"name":"useSocialItems","decl":{"start":{"line":46,"column":16},"end":{"line":46,"column":31}},"loc":{"start":{"line":46,"column":57},"end":{"line":76,"column":null}},"line":46},"4":{"name":"(anonymous_4)","decl":{"start":{"line":53,"column":29},"end":{"line":53,"column":41}},"loc":{"start":{"line":53,"column":41},"end":{"line":71,"column":5}},"line":53},"5":{"name":"(anonymous_5)","decl":{"start":{"line":73,"column":12},"end":{"line":73,"column":18}},"loc":{"start":{"line":73,"column":18},"end":{"line":73,"column":33}},"line":73},"6":{"name":"useSocialStats","decl":{"start":{"line":80,"column":16},"end":{"line":80,"column":31}},"loc":{"start":{"line":80,"column":57},"end":{"line":107,"column":null}},"line":80},"7":{"name":"(anonymous_7)","decl":{"start":{"line":86,"column":29},"end":{"line":86,"column":41}},"loc":{"start":{"line":86,"column":41},"end":{"line":98,"column":5}},"line":86},"8":{"name":"(anonymous_8)","decl":{"start":{"line":100,"column":12},"end":{"line":100,"column":18}},"loc":{"start":{"line":100,"column":18},"end":{"line":104,"column":5}},"line":100},"9":{"name":"(anonymous_9)","decl":{"start":{"line":103,"column":11},"end":{"line":103,"column":17}},"loc":{"start":{"line":103,"column":17},"end":{"line":103,"column":null}},"line":103},"10":{"name":"useTrendScore","decl":{"start":{"line":111,"column":16},"end":{"line":111,"column":30}},"loc":{"start":{"line":111,"column":53},"end":{"line":127,"column":null}},"line":111},"11":{"name":"(anonymous_11)","decl":{"start":{"line":116,"column":12},"end":{"line":116,"column":18}},"loc":{"start":{"line":116,"column":18},"end":{"line":124,"column":5}},"line":116},"12":{"name":"(anonymous_12)","decl":{"start":{"line":120,"column":12},"end":{"line":120,"column":17}},"loc":{"start":{"line":120,"column":17},"end":{"line":120,"column":85}},"line":120},"13":{"name":"(anonymous_13)","decl":{"start":{"line":121,"column":12},"end":{"line":121,"column":17}},"loc":{"start":{"line":121,"column":17},"end":{"line":121,"column":48}},"line":121},"14":{"name":"(anonymous_14)","decl":{"start":{"line":122,"column":13},"end":{"line":122,"column":20}},"loc":{"start":{"line":122,"column":20},"end":{"line":122,"column":41}},"line":122},"15":{"name":"(anonymous_15)","decl":{"start":{"line":123,"column":15},"end":{"line":123,"column":21}},"loc":{"start":{"line":123,"column":21},"end":{"line":123,"column":38}},"line":123}},"branchMap":{"0":{"loc":{"start":{"line":12,"column":34},"end":{"line":12,"column":51}},"type":"default-arg","locations":[{"start":{"line":12,"column":47},"end":{"line":12,"column":51}}],"line":12},"1":{"loc":{"start":{"line":12,"column":51},"end":{"line":12,"column":63}},"type":"default-arg","locations":[{"start":{"line":12,"column":59},"end":{"line":12,"column":63}}],"line":12},"2":{"loc":{"start":{"line":21,"column":6},"end":{"line":21,"column":null}},"type":"if","locations":[{"start":{"line":21,"column":6},"end":{"line":21,"column":null}},{"start":{},"end":{}}],"line":21},"3":{"loc":{"start":{"line":25,"column":15},"end":{"line":25,"column":67}},"type":"cond-expr","locations":[{"start":{"line":25,"column":38},"end":{"line":25,"column":52}},{"start":{"line":25,"column":52},"end":{"line":25,"column":67}}],"line":25},"4":{"loc":{"start":{"line":46,"column":31},"end":{"line":46,"column":57}},"type":"default-arg","locations":[{"start":{"line":46,"column":53},"end":{"line":46,"column":57}}],"line":46},"5":{"loc":{"start":{"line":51,"column":24},"end":{"line":51,"column":40}},"type":"default-arg","locations":[{"start":{"line":51,"column":31},"end":{"line":51,"column":40}}],"line":51},"6":{"loc":{"start":{"line":51,"column":40},"end":{"line":51,"column":57}},"type":"default-arg","locations":[{"start":{"line":51,"column":53},"end":{"line":51,"column":57}}],"line":51},"7":{"loc":{"start":{"line":51,"column":57},"end":{"line":51,"column":68}},"type":"default-arg","locations":[{"start":{"line":51,"column":65},"end":{"line":51,"column":68}}],"line":51},"8":{"loc":{"start":{"line":57,"column":6},"end":{"line":57,"column":null}},"type":"if","locations":[{"start":{"line":57,"column":6},"end":{"line":57,"column":null}},{"start":{},"end":{}}],"line":57},"9":{"loc":{"start":{"line":58,"column":6},"end":{"line":58,"column":null}},"type":"if","locations":[{"start":{"line":58,"column":6},"end":{"line":58,"column":null}},{"start":{},"end":{}}],"line":58},"10":{"loc":{"start":{"line":63,"column":6},"end":{"line":63,"column":null}},"type":"if","locations":[{"start":{"line":63,"column":6},"end":{"line":63,"column":null}},{"start":{},"end":{}}],"line":63},"11":{"loc":{"start":{"line":67,"column":15},"end":{"line":67,"column":67}},"type":"cond-expr","locations":[{"start":{"line":67,"column":38},"end":{"line":67,"column":52}},{"start":{"line":67,"column":52},"end":{"line":67,"column":67}}],"line":67},"12":{"loc":{"start":{"line":80,"column":31},"end":{"line":80,"column":57}},"type":"default-arg","locations":[{"start":{"line":80,"column":49},"end":{"line":80,"column":57}}],"line":80},"13":{"loc":{"start":{"line":89,"column":6},"end":{"line":89,"column":null}},"type":"if","locations":[{"start":{"line":89,"column":6},"end":{"line":89,"column":null}},{"start":{},"end":{}}],"line":89},"14":{"loc":{"start":{"line":94,"column":15},"end":{"line":94,"column":67}},"type":"cond-expr","locations":[{"start":{"line":94,"column":38},"end":{"line":94,"column":52}},{"start":{"line":94,"column":52},"end":{"line":94,"column":67}}],"line":94},"15":{"loc":{"start":{"line":117,"column":4},"end":{"line":117,"column":null}},"type":"if","locations":[{"start":{"line":117,"column":4},"end":{"line":117,"column":null}},{"start":{},"end":{}}],"line":117},"16":{"loc":{"start":{"line":120,"column":19},"end":{"line":120,"column":67}},"type":"if","locations":[{"start":{"line":120,"column":19},"end":{"line":120,"column":67}},{"start":{},"end":{}}],"line":120}},"s":{"0":0,"1":0,"2":0,"3":0,"4":0,"5":0,"6":0,"7":0,"8":0,"9":0,"10":0,"11":0,"12":0,"13":0,"14":0,"15":0,"16":0,"17":0,"18":0,"19":0,"20":0,"21":0,"22":0,"23":0,"24":0,"25":0,"26":0,"27":0,"28":0,"29":0,"30":0,"31":0,"32":0,"33":0,"34":0,"35":0,"36":0,"37":0,"38":0,"39":0,"40":0,"41":0,"42":0,"43":0,"44":0,"45":0,"46":0,"47":0,"48":0,"49":0,"50":0,"51":0,"52":0,"53":0,"54":0,"55":0,"56":0,"57":0,"58":0,"59":0,"60":0,"61":0,"62":0,"63":0,"64":0,"65":0,"66":0,"67":0,"68":0,"69":0,"70":0,"71":0,"72":0,"73":0,"74":0,"75":0,"76":0,"77":0},"f":{"0":0,"1":0,"2":0,"3":0,"4":0,"5":0,"6":0,"7":0,"8":0,"9":0,"10":0,"11":0,"12":0,"13":0,"14":0,"15":0},"b":{"0":[0],"1":[0],"2":[0,0],"3":[0,0],"4":[0],"5":[0],"6":[0],"7":[0],"8":[0,0],"9":[0,0],"10":[0,0],"11":[0,0],"12":[0],"13":[0,0],"14":[0,0],"15":[0,0],"16":[0,0]},"meta":{"lastBranch":17,"lastFunction":16,"lastStatement":78,"seen":{"f:12:16:12:34":0,"b:12:47:12:51":0,"b:12:59:12:63":1,"s:13:22:13:Infinity":0,"s:14:28:14:Infinity":1,"s:15:24:15:Infinity":2,"s:17:8:29:Infinity":3,"f:17:29:17:41":1,"s:18:4:28:Infinity":4,"s:19:6:19:Infinity":5,"s:20:18:20:Infinity":6,"b:21:6:21:Infinity:undefined:undefined:undefined:undefined":2,"s:21:6:21:Infinity":7,"s:21:19:21:Infinity":8,"s:22:6:22:Infinity":9,"s:23:6:23:Infinity":10,"s:25:6:25:Infinity":11,"b:25:38:25:52:25:52:25:67":3,"s:27:6:27:Infinity":12,"s:31:2:31:Infinity":13,"f:31:12:31:18":2,"s:31:20:31:30":14,"s:33:2:33:Infinity":15,"f:46:16:46:31":3,"b:46:53:46:57":4,"s:47:22:47:Infinity":16,"s:48:28:48:Infinity":17,"s:49:24:49:Infinity":18,"s:51:72:51:Infinity":19,"b:51:31:51:40":5,"b:51:53:51:57":6,"b:51:65:51:68":7,"s:53:8:71:Infinity":20,"f:53:29:53:41":4,"s:54:4:70:Infinity":21,"s:55:6:55:Infinity":22,"s:56:21:56:Infinity":23,"b:57:6:57:Infinity:undefined:undefined:undefined:undefined":8,"s:57:6:57:Infinity":24,"s:57:16:57:Infinity":25,"b:58:6:58:Infinity:undefined:undefined:undefined:undefined":9,"s:58:6:58:Infinity":26,"s:58:18:58:Infinity":27,"s:59:6:59:Infinity":28,"s:60:6:60:Infinity":29,"s:61:6:61:Infinity":30,"s:62:18:62:Infinity":31,"b:63:6:63:Infinity:undefined:undefined:undefined:undefined":10,"s:63:6:63:Infinity":32,"s:63:19:63:Infinity":33,"s:64:6:64:Infinity":34,"s:65:6:65:Infinity":35,"s:67:6:67:Infinity":36,"b:67:38:67:52:67:52:67:67":11,"s:69:6:69:Infinity":37,"s:73:2:73:Infinity":38,"f:73:12:73:18":5,"s:73:20:73:30":39,"s:75:2:75:Infinity":40,"f:80:16:80:31":6,"b:80:49:80:57":12,"s:81:22:81:Infinity":41,"s:82:28:82:Infinity":42,"s:83:24:83:Infinity":43,"s:84:40:84:Infinity":44,"s:86:8:98:Infinity":45,"f:86:29:86:41":7,"s:87:4:97:Infinity":46,"s:88:16:88:Infinity":47,"b:89:6:89:Infinity:undefined:undefined:undefined:undefined":13,"s:89:6:89:Infinity":48,"s:89:17:89:Infinity":49,"s:90:6:90:Infinity":50,"s:91:6:91:Infinity":51,"s:92:6:92:Infinity":52,"s:94:6:94:Infinity":53,"b:94:38:94:52:94:52:94:67":14,"s:96:6:96:Infinity":54,"s:100:2:104:Infinity":55,"f:100:12:100:18":8,"s:101:4:101:Infinity":56,"s:102:15:102:Infinity":57,"s:103:4:103:Infinity":58,"f:103:11:103:17":9,"s:103:17:103:Infinity":59,"s:106:2:106:Infinity":60,"f:111:16:111:30":10,"s:112:22:112:Infinity":61,"s:113:28:113:Infinity":62,"s:114:24:114:Infinity":63,"s:116:2:124:Infinity":64,"f:116:12:116:18":11,"b:117:4:117:Infinity:undefined:undefined:undefined:undefined":15,"s:117:4:117:Infinity":65,"s:117:19:117:34":66,"s:117:34:117:42":67,"s:118:4:118:Infinity":68,"s:119:4:123:Infinity":69,"f:120:12:120:17":12,"b:120:19:120:67:undefined:undefined:undefined:undefined":16,"s:120:19:120:67":70,"s:120:30:120:67":71,"s:120:67:120:84":72,"f:121:12:121:17":13,"s:121:19:121:31":73,"s:121:31:121:47":74,"f:122:13:122:20":14,"s:122:20:122:41":75,"f:123:15:123:21":15,"s:123:21:123:38":76,"s:126:2:126:Infinity":77}}}
}
