{"total": {"lines":{"total":1369,"covered":959,"skipped":0,"pct":70.05},"statements":{"total":1534,"covered":1036,"skipped":0,"pct":67.53},"functions":{"total":460,"covered":281,"skipped":0,"pct":61.08},"branches":{"total":1443,"covered":735,"skipped":0,"pct":50.93},"branchesTrue":{"total":0,"covered":0,"skipped":0,"pct":100}}
,"D:\\work\\sentiment-analyzer\\frontend\\src\\App.tsx": {"lines":{"total":456,"covered":278,"skipped":0,"pct":60.96},"functions":{"total":133,"covered":64,"skipped":0,"pct":48.12},"statements":{"total":508,"covered":295,"skipped":0,"pct":58.07},"branches":{"total":451,"covered":210,"skipped":0,"pct":46.56}}
,"D:\\work\\sentiment-analyzer\\frontend\\src\\components\\AgentManagementDashboard.tsx": {"lines":{"total":400,"covered":325,"skipped":0,"pct":81.25},"functions":{"total":152,"covered":119,"skipped":0,"pct":78.28},"statements":{"total":457,"covered":362,"skipped":0,"pct":79.21},"branches":{"total":497,"covered":294,"skipped":0,"pct":59.15}}
,"D:\\work\\sentiment-analyzer\\frontend\\src\\components\\MarlCompetitionViewer.tsx": {"lines":{"total":236,"covered":143,"skipped":0,"pct":60.59},"functions":{"total":101,"covered":45,"skipped":0,"pct":44.55},"statements":{"total":257,"covered":150,"skipped":0,"pct":58.36},"branches":{"total":255,"covered":113,"skipped":0,"pct":44.31}}
,"D:\\work\\sentiment-analyzer\\frontend\\src\\components\\SocialDashboard.tsx": {"lines":{"total":120,"covered":93,"skipped":0,"pct":77.5},"functions":{"total":48,"covered":32,"skipped":0,"pct":66.66},"statements":{"total":138,"covered":99,"skipped":0,"pct":71.73},"branches":{"total":181,"covered":90,"skipped":0,"pct":49.72}}
,"D:\\work\\sentiment-analyzer\\frontend\\src\\hooks\\useMarlCompetition.ts": {"lines":{"total":92,"covered":59,"skipped":0,"pct":64.13},"functions":{"total":10,"covered":6,"skipped":0,"pct":60},"statements":{"total":96,"covered":59,"skipped":0,"pct":61.45},"branches":{"total":32,"covered":11,"skipped":0,"pct":34.37}}
,"D:\\work\\sentiment-analyzer\\frontend\\src\\hooks\\useSocialMedia.ts": {"lines":{"total":65,"covered":61,"skipped":0,"pct":93.84},"functions":{"total":16,"covered":15,"skipped":0,"pct":93.75},"statements":{"total":78,"covered":71,"skipped":0,"pct":91.02},"branches":{"total":27,"covered":17,"skipped":0,"pct":62.96}}
}
