{"total": {"lines":{"total":6163,"covered":3464,"skipped":0,"pct":56.2},"statements":{"total":6828,"covered":3749,"skipped":0,"pct":54.9},"functions":{"total":1376,"covered":692,"skipped":0,"pct":50.29},"branches":{"total":3265,"covered":1318,"skipped":0,"pct":40.36},"branchesTrue":{"total":0,"covered":0,"skipped":0,"pct":100}}
,"D:\\work\\sentiment-analyzer\\backend\\src\\container.ts": {"lines":{"total":27,"covered":27,"skipped":0,"pct":100},"functions":{"total":1,"covered":1,"skipped":0,"pct":100},"statements":{"total":27,"covered":27,"skipped":0,"pct":100},"branches":{"total":0,"covered":0,"skipped":0,"pct":100}}
,"D:\\work\\sentiment-analyzer\\backend\\src\\index.ts": {"lines":{"total":434,"covered":253,"skipped":0,"pct":58.29},"functions":{"total":62,"covered":31,"skipped":0,"pct":50},"statements":{"total":467,"covered":264,"skipped":0,"pct":56.53},"branches":{"total":224,"covered":104,"skipped":0,"pct":46.42}}
,"D:\\work\\sentiment-analyzer\\backend\\src\\logger.ts": {"lines":{"total":13,"covered":13,"skipped":0,"pct":100},"functions":{"total":2,"covered":1,"skipped":0,"pct":50},"statements":{"total":14,"covered":13,"skipped":0,"pct":92.85},"branches":{"total":6,"covered":5,"skipped":0,"pct":83.33}}
,"D:\\work\\sentiment-analyzer\\backend\\src\\storage.ts": {"lines":{"total":114,"covered":10,"skipped":0,"pct":8.77},"functions":{"total":35,"covered":3,"skipped":0,"pct":8.57},"statements":{"total":134,"covered":11,"skipped":0,"pct":8.2},"branches":{"total":42,"covered":5,"skipped":0,"pct":11.9}}
,"D:\\work\\sentiment-analyzer\\backend\\src\\database\\sqlite-social-store.ts": {"lines":{"total":110,"covered":106,"skipped":0,"pct":96.36},"functions":{"total":32,"covered":30,"skipped":0,"pct":93.75},"statements":{"total":122,"covered":116,"skipped":0,"pct":95.08},"branches":{"total":110,"covered":91,"skipped":0,"pct":82.72}}
,"D:\\work\\sentiment-analyzer\\backend\\src\\database\\migrations\\003-agent-identity.ts": {"lines":{"total":10,"covered":9,"skipped":0,"pct":90},"functions":{"total":2,"covered":2,"skipped":0,"pct":100},"statements":{"total":10,"covered":9,"skipped":0,"pct":90},"branches":{"total":1,"covered":0,"skipped":0,"pct":0}}
,"D:\\work\\sentiment-analyzer\\backend\\src\\queues\\connection.ts": {"lines":{"total":15,"covered":3,"skipped":0,"pct":20},"functions":{"total":2,"covered":1,"skipped":0,"pct":50},"statements":{"total":15,"covered":3,"skipped":0,"pct":20},"branches":{"total":10,"covered":0,"skipped":0,"pct":0}}
,"D:\\work\\sentiment-analyzer\\backend\\src\\queues\\scraper.queue.ts": {"lines":{"total":12,"covered":5,"skipped":0,"pct":41.66},"functions":{"total":2,"covered":0,"skipped":0,"pct":0},"statements":{"total":12,"covered":5,"skipped":0,"pct":41.66},"branches":{"total":2,"covered":0,"skipped":0,"pct":0}}
,"D:\\work\\sentiment-analyzer\\backend\\src\\queues\\tournament.queue.ts": {"lines":{"total":12,"covered":5,"skipped":0,"pct":41.66},"functions":{"total":2,"covered":0,"skipped":0,"pct":0},"statements":{"total":12,"covered":5,"skipped":0,"pct":41.66},"branches":{"total":2,"covered":0,"skipped":0,"pct":0}}
,"D:\\work\\sentiment-analyzer\\backend\\src\\repositories\\factory.ts": {"lines":{"total":7,"covered":5,"skipped":0,"pct":71.42},"functions":{"total":2,"covered":2,"skipped":0,"pct":100},"statements":{"total":7,"covered":5,"skipped":0,"pct":71.42},"branches":{"total":3,"covered":1,"skipped":0,"pct":33.33}}
,"D:\\work\\sentiment-analyzer\\backend\\src\\repositories\\adapters\\sqlite\\index.ts": {"lines":{"total":6,"covered":6,"skipped":0,"pct":100},"functions":{"total":6,"covered":6,"skipped":0,"pct":100},"statements":{"total":12,"covered":12,"skipped":0,"pct":100},"branches":{"total":0,"covered":0,"skipped":0,"pct":100}}
,"D:\\work\\sentiment-analyzer\\backend\\src\\repositories\\adapters\\sqlite\\sqlite-agent.repository.ts": {"lines":{"total":65,"covered":16,"skipped":0,"pct":24.61},"functions":{"total":29,"covered":7,"skipped":0,"pct":24.13},"statements":{"total":70,"covered":16,"skipped":0,"pct":22.85},"branches":{"total":34,"covered":6,"skipped":0,"pct":17.64}}
,"D:\\work\\sentiment-analyzer\\backend\\src\\repositories\\adapters\\sqlite\\sqlite-backtest.repository.ts": {"lines":{"total":11,"covered":2,"skipped":0,"pct":18.18},"functions":{"total":6,"covered":1,"skipped":0,"pct":16.66},"statements":{"total":12,"covered":2,"skipped":0,"pct":16.66},"branches":{"total":2,"covered":0,"skipped":0,"pct":0}}
,"D:\\work\\sentiment-analyzer\\backend\\src\\repositories\\adapters\\sqlite\\sqlite-broker.repository.ts": {"lines":{"total":45,"covered":3,"skipped":0,"pct":6.66},"functions":{"total":14,"covered":1,"skipped":0,"pct":7.14},"statements":{"total":58,"covered":3,"skipped":0,"pct":5.17},"branches":{"total":25,"covered":0,"skipped":0,"pct":0}}
,"D:\\work\\sentiment-analyzer\\backend\\src\\repositories\\adapters\\sqlite\\sqlite-sentiment.repository.ts": {"lines":{"total":12,"covered":3,"skipped":0,"pct":25},"functions":{"total":5,"covered":1,"skipped":0,"pct":20},"statements":{"total":12,"covered":3,"skipped":0,"pct":25},"branches":{"total":3,"covered":0,"skipped":0,"pct":0}}
,"D:\\work\\sentiment-analyzer\\backend\\src\\repositories\\adapters\\sqlite\\sqlite-social.repository.ts": {"lines":{"total":69,"covered":3,"skipped":0,"pct":4.34},"functions":{"total":20,"covered":1,"skipped":0,"pct":5},"statements":{"total":71,"covered":3,"skipped":0,"pct":4.22},"branches":{"total":61,"covered":0,"skipped":0,"pct":0}}
,"D:\\work\\sentiment-analyzer\\backend\\src\\repositories\\adapters\\sqlite\\sqlite-tournament.repository.ts": {"lines":{"total":9,"covered":2,"skipped":0,"pct":22.22},"functions":{"total":5,"covered":1,"skipped":0,"pct":20},"statements":{"total":9,"covered":2,"skipped":0,"pct":22.22},"branches":{"total":2,"covered":0,"skipped":0,"pct":0}}
,"D:\\work\\sentiment-analyzer\\backend\\src\\repositories\\interfaces\\sentiment.repository.ts": {"lines":{"total":2,"covered":2,"skipped":0,"pct":100},"functions":{"total":0,"covered":0,"skipped":0,"pct":100},"statements":{"total":2,"covered":2,"skipped":0,"pct":100},"branches":{"total":0,"covered":0,"skipped":0,"pct":100}}
,"D:\\work\\sentiment-analyzer\\backend\\src\\routes\\agent-stats.ts": {"lines":{"total":73,"covered":25,"skipped":0,"pct":34.24},"functions":{"total":8,"covered":3,"skipped":0,"pct":37.5},"statements":{"total":83,"covered":25,"skipped":0,"pct":30.12},"branches":{"total":35,"covered":3,"skipped":0,"pct":8.57}}
,"D:\\work\\sentiment-analyzer\\backend\\src\\routes\\evolutionary.ts": {"lines":{"total":166,"covered":74,"skipped":0,"pct":44.57},"functions":{"total":34,"covered":21,"skipped":0,"pct":61.76},"statements":{"total":176,"covered":80,"skipped":0,"pct":45.45},"branches":{"total":81,"covered":31,"skipped":0,"pct":38.27}}
,"D:\\work\\sentiment-analyzer\\backend\\src\\routes\\marl-competition.ts": {"lines":{"total":368,"covered":208,"skipped":0,"pct":56.52},"functions":{"total":62,"covered":31,"skipped":0,"pct":50},"statements":{"total":388,"covered":216,"skipped":0,"pct":55.67},"branches":{"total":227,"covered":111,"skipped":0,"pct":48.89}}
,"D:\\work\\sentiment-analyzer\\backend\\src\\routes\\marl-real-trading.ts": {"lines":{"total":98,"covered":84,"skipped":0,"pct":85.71},"functions":{"total":16,"covered":13,"skipped":0,"pct":81.25},"statements":{"total":111,"covered":96,"skipped":0,"pct":86.48},"branches":{"total":27,"covered":27,"skipped":0,"pct":100}}
,"D:\\work\\sentiment-analyzer\\backend\\src\\routes\\social-media.ts": {"lines":{"total":105,"covered":71,"skipped":0,"pct":67.61},"functions":{"total":23,"covered":17,"skipped":0,"pct":73.91},"statements":{"total":111,"covered":75,"skipped":0,"pct":67.56},"branches":{"total":53,"covered":23,"skipped":0,"pct":43.39}}
,"D:\\work\\sentiment-analyzer\\backend\\src\\routes\\trading.ts": {"lines":{"total":41,"covered":14,"skipped":0,"pct":34.14},"functions":{"total":6,"covered":1,"skipped":0,"pct":16.66},"statements":{"total":41,"covered":14,"skipped":0,"pct":34.14},"branches":{"total":21,"covered":0,"skipped":0,"pct":0}}
,"D:\\work\\sentiment-analyzer\\backend\\src\\services\\bot-detection.ts": {"lines":{"total":66,"covered":66,"skipped":0,"pct":100},"functions":{"total":9,"covered":9,"skipped":0,"pct":100},"statements":{"total":71,"covered":69,"skipped":0,"pct":97.18},"branches":{"total":32,"covered":27,"skipped":0,"pct":84.37}}
,"D:\\work\\sentiment-analyzer\\backend\\src\\services\\cache.ts": {"lines":{"total":12,"covered":12,"skipped":0,"pct":100},"functions":{"total":6,"covered":6,"skipped":0,"pct":100},"statements":{"total":13,"covered":13,"skipped":0,"pct":100},"branches":{"total":3,"covered":3,"skipped":0,"pct":100}}
,"D:\\work\\sentiment-analyzer\\backend\\src\\services\\coingecko.ts": {"lines":{"total":24,"covered":24,"skipped":0,"pct":100},"functions":{"total":5,"covered":5,"skipped":0,"pct":100},"statements":{"total":27,"covered":27,"skipped":0,"pct":100},"branches":{"total":22,"covered":18,"skipped":0,"pct":81.81}}
,"D:\\work\\sentiment-analyzer\\backend\\src\\services\\config-service.ts": {"lines":{"total":40,"covered":10,"skipped":0,"pct":25},"functions":{"total":10,"covered":2,"skipped":0,"pct":20},"statements":{"total":44,"covered":10,"skipped":0,"pct":22.72},"branches":{"total":16,"covered":3,"skipped":0,"pct":18.75}}
,"D:\\work\\sentiment-analyzer\\backend\\src\\services\\content-signals.ts": {"lines":{"total":105,"covered":91,"skipped":0,"pct":86.66},"functions":{"total":35,"covered":34,"skipped":0,"pct":97.14},"statements":{"total":122,"covered":104,"skipped":0,"pct":85.24},"branches":{"total":71,"covered":36,"skipped":0,"pct":50.7}}
,"D:\\work\\sentiment-analyzer\\backend\\src\\services\\finbert.ts": {"lines":{"total":21,"covered":21,"skipped":0,"pct":100},"functions":{"total":5,"covered":5,"skipped":0,"pct":100},"statements":{"total":26,"covered":26,"skipped":0,"pct":100},"branches":{"total":14,"covered":14,"skipped":0,"pct":100}}
,"D:\\work\\sentiment-analyzer\\backend\\src\\services\\marl-competition-engine.ts": {"lines":{"total":840,"covered":531,"skipped":0,"pct":63.21},"functions":{"total":168,"covered":99,"skipped":0,"pct":58.92},"statements":{"total":947,"covered":585,"skipped":0,"pct":61.77},"branches":{"total":375,"covered":174,"skipped":0,"pct":46.4}}
,"D:\\work\\sentiment-analyzer\\backend\\src\\services\\newsapi.ts": {"lines":{"total":17,"covered":17,"skipped":0,"pct":100},"functions":{"total":5,"covered":5,"skipped":0,"pct":100},"statements":{"total":19,"covered":19,"skipped":0,"pct":100},"branches":{"total":16,"covered":10,"skipped":0,"pct":62.5}}
,"D:\\work\\sentiment-analyzer\\backend\\src\\services\\onchain.ts": {"lines":{"total":52,"covered":43,"skipped":0,"pct":82.69},"functions":{"total":6,"covered":6,"skipped":0,"pct":100},"statements":{"total":56,"covered":47,"skipped":0,"pct":83.92},"branches":{"total":25,"covered":18,"skipped":0,"pct":72}}
,"D:\\work\\sentiment-analyzer\\backend\\src\\services\\pre-trainer.ts": {"lines":{"total":74,"covered":74,"skipped":0,"pct":100},"functions":{"total":6,"covered":6,"skipped":0,"pct":100},"statements":{"total":80,"covered":80,"skipped":0,"pct":100},"branches":{"total":27,"covered":21,"skipped":0,"pct":77.77}}
,"D:\\work\\sentiment-analyzer\\backend\\src\\services\\pubsub.ts": {"lines":{"total":44,"covered":9,"skipped":0,"pct":20.45},"functions":{"total":16,"covered":1,"skipped":0,"pct":6.25},"statements":{"total":46,"covered":9,"skipped":0,"pct":19.56},"branches":{"total":6,"covered":0,"skipped":0,"pct":0}}
,"D:\\work\\sentiment-analyzer\\backend\\src\\services\\sentiment-analyzer.ts": {"lines":{"total":206,"covered":184,"skipped":0,"pct":89.32},"functions":{"total":47,"covered":37,"skipped":0,"pct":78.72},"statements":{"total":244,"covered":204,"skipped":0,"pct":83.6},"branches":{"total":172,"covered":108,"skipped":0,"pct":62.79}}
,"D:\\work\\sentiment-analyzer\\backend\\src\\services\\sentiment.ts": {"lines":{"total":38,"covered":34,"skipped":0,"pct":89.47},"functions":{"total":9,"covered":4,"skipped":0,"pct":44.44},"statements":{"total":41,"covered":35,"skipped":0,"pct":85.36},"branches":{"total":55,"covered":33,"skipped":0,"pct":60}}
,"D:\\work\\sentiment-analyzer\\backend\\src\\services\\social-scraper.ts": {"lines":{"total":87,"covered":15,"skipped":0,"pct":17.24},"functions":{"total":26,"covered":6,"skipped":0,"pct":23.07},"statements":{"total":97,"covered":15,"skipped":0,"pct":15.46},"branches":{"total":63,"covered":4,"skipped":0,"pct":6.34}}
,"D:\\work\\sentiment-analyzer\\backend\\src\\services\\synthetic-market-generator.ts": {"lines":{"total":57,"covered":54,"skipped":0,"pct":94.73},"functions":{"total":6,"covered":6,"skipped":0,"pct":100},"statements":{"total":59,"covered":56,"skipped":0,"pct":94.91},"branches":{"total":30,"covered":25,"skipped":0,"pct":83.33}}
,"D:\\work\\sentiment-analyzer\\backend\\src\\services\\trading-agent.ts": {"lines":{"total":162,"covered":19,"skipped":0,"pct":11.72},"functions":{"total":29,"covered":2,"skipped":0,"pct":6.89},"statements":{"total":193,"covered":19,"skipped":0,"pct":9.84},"branches":{"total":77,"covered":0,"skipped":0,"pct":0}}
,"D:\\work\\sentiment-analyzer\\backend\\src\\services\\trending-topics.ts": {"lines":{"total":79,"covered":8,"skipped":0,"pct":10.12},"functions":{"total":28,"covered":2,"skipped":0,"pct":7.14},"statements":{"total":92,"covered":8,"skipped":0,"pct":8.69},"branches":{"total":22,"covered":0,"skipped":0,"pct":0}}
,"D:\\work\\sentiment-analyzer\\backend\\src\\services\\brokers\\alpaca-adapter.ts": {"lines":{"total":94,"covered":5,"skipped":0,"pct":5.31},"functions":{"total":28,"covered":0,"skipped":0,"pct":0},"statements":{"total":99,"covered":5,"skipped":0,"pct":5.05},"branches":{"total":43,"covered":0,"skipped":0,"pct":0}}
,"D:\\work\\sentiment-analyzer\\backend\\src\\services\\brokers\\base-broker-adapter.ts": {"lines":{"total":47,"covered":2,"skipped":0,"pct":4.25},"functions":{"total":12,"covered":0,"skipped":0,"pct":0},"statements":{"total":53,"covered":2,"skipped":0,"pct":3.77},"branches":{"total":12,"covered":0,"skipped":0,"pct":0}}
,"D:\\work\\sentiment-analyzer\\backend\\src\\services\\brokers\\broker-factory.ts": {"lines":{"total":6,"covered":2,"skipped":0,"pct":33.33},"functions":{"total":1,"covered":0,"skipped":0,"pct":0},"statements":{"total":6,"covered":2,"skipped":0,"pct":33.33},"branches":{"total":2,"covered":0,"skipped":0,"pct":0}}
,"D:\\work\\sentiment-analyzer\\backend\\src\\services\\brokers\\broker-registry.ts": {"lines":{"total":21,"covered":3,"skipped":0,"pct":14.28},"functions":{"total":8,"covered":1,"skipped":0,"pct":12.5},"statements":{"total":24,"covered":3,"skipped":0,"pct":12.5},"branches":{"total":2,"covered":0,"skipped":0,"pct":0}}
,"D:\\work\\sentiment-analyzer\\backend\\src\\services\\evolutionary\\agent-cosmetics-manager.ts": {"lines":{"total":33,"covered":33,"skipped":0,"pct":100},"functions":{"total":14,"covered":14,"skipped":0,"pct":100},"statements":{"total":38,"covered":38,"skipped":0,"pct":100},"branches":{"total":13,"covered":12,"skipped":0,"pct":92.3}}
,"D:\\work\\sentiment-analyzer\\backend\\src\\services\\evolutionary\\agent-genome.ts": {"lines":{"total":29,"covered":29,"skipped":0,"pct":100},"functions":{"total":12,"covered":12,"skipped":0,"pct":100},"statements":{"total":29,"covered":29,"skipped":0,"pct":100},"branches":{"total":19,"covered":19,"skipped":0,"pct":100}}
,"D:\\work\\sentiment-analyzer\\backend\\src\\services\\evolutionary\\agent-statistics-manager.ts": {"lines":{"total":25,"covered":25,"skipped":0,"pct":100},"functions":{"total":6,"covered":6,"skipped":0,"pct":100},"statements":{"total":26,"covered":26,"skipped":0,"pct":100},"branches":{"total":8,"covered":5,"skipped":0,"pct":62.5}}
,"D:\\work\\sentiment-analyzer\\backend\\src\\services\\evolutionary\\evolutionary-orchestrator.ts": {"lines":{"total":116,"covered":95,"skipped":0,"pct":81.89},"functions":{"total":17,"covered":13,"skipped":0,"pct":76.47},"statements":{"total":124,"covered":101,"skipped":0,"pct":81.45},"branches":{"total":49,"covered":31,"skipped":0,"pct":63.26}}
,"D:\\work\\sentiment-analyzer\\backend\\src\\services\\evolutionary\\fitness-calculator.ts": {"lines":{"total":20,"covered":17,"skipped":0,"pct":85},"functions":{"total":10,"covered":8,"skipped":0,"pct":80},"statements":{"total":26,"covered":21,"skipped":0,"pct":80.76},"branches":{"total":3,"covered":0,"skipped":0,"pct":0}}
,"D:\\work\\sentiment-analyzer\\backend\\src\\services\\evolutionary\\genetic-crossover.ts": {"lines":{"total":55,"covered":48,"skipped":0,"pct":87.27},"functions":{"total":14,"covered":8,"skipped":0,"pct":57.14},"statements":{"total":61,"covered":51,"skipped":0,"pct":83.6},"branches":{"total":31,"covered":19,"skipped":0,"pct":61.29}}
,"D:\\work\\sentiment-analyzer\\backend\\src\\services\\evolutionary\\mutation-engine.ts": {"lines":{"total":56,"covered":49,"skipped":0,"pct":87.5},"functions":{"total":15,"covered":8,"skipped":0,"pct":53.33},"statements":{"total":66,"covered":53,"skipped":0,"pct":80.3},"branches":{"total":27,"covered":18,"skipped":0,"pct":66.66}}
,"D:\\work\\sentiment-analyzer\\backend\\src\\services\\evolutionary\\selection-algorithm.ts": {"lines":{"total":41,"covered":13,"skipped":0,"pct":31.7},"functions":{"total":7,"covered":2,"skipped":0,"pct":28.57},"statements":{"total":45,"covered":13,"skipped":0,"pct":28.88},"branches":{"total":6,"covered":0,"skipped":0,"pct":0}}
,"D:\\work\\sentiment-analyzer\\backend\\src\\services\\exchange\\alpaca-client.ts": {"lines":{"total":80,"covered":8,"skipped":0,"pct":10},"functions":{"total":19,"covered":1,"skipped":0,"pct":5.26},"statements":{"total":83,"covered":8,"skipped":0,"pct":9.63},"branches":{"total":29,"covered":1,"skipped":0,"pct":3.44}}
,"D:\\work\\sentiment-analyzer\\backend\\src\\services\\exchange\\alpaca-exchange.ts": {"lines":{"total":49,"covered":6,"skipped":0,"pct":12.24},"functions":{"total":21,"covered":1,"skipped":0,"pct":4.76},"statements":{"total":52,"covered":6,"skipped":0,"pct":11.53},"branches":{"total":42,"covered":3,"skipped":0,"pct":7.14}}
,"D:\\work\\sentiment-analyzer\\backend\\src\\services\\exchange\\binance-us-exchange.ts": {"lines":{"total":95,"covered":80,"skipped":0,"pct":84.21},"functions":{"total":30,"covered":26,"skipped":0,"pct":86.66},"statements":{"total":103,"covered":85,"skipped":0,"pct":82.52},"branches":{"total":39,"covered":31,"skipped":0,"pct":79.48}}
,"D:\\work\\sentiment-analyzer\\backend\\src\\services\\exchange\\coinbase-client.ts": {"lines":{"total":82,"covered":5,"skipped":0,"pct":6.09},"functions":{"total":22,"covered":0,"skipped":0,"pct":0},"statements":{"total":91,"covered":5,"skipped":0,"pct":5.49},"branches":{"total":72,"covered":0,"skipped":0,"pct":0}}
,"D:\\work\\sentiment-analyzer\\backend\\src\\services\\exchange\\coinbase-exchange.ts": {"lines":{"total":55,"covered":2,"skipped":0,"pct":3.63},"functions":{"total":22,"covered":0,"skipped":0,"pct":0},"statements":{"total":59,"covered":2,"skipped":0,"pct":3.38},"branches":{"total":35,"covered":0,"skipped":0,"pct":0}}
,"D:\\work\\sentiment-analyzer\\backend\\src\\services\\exchange\\crypto-com-client.ts": {"lines":{"total":85,"covered":76,"skipped":0,"pct":89.41},"functions":{"total":21,"covered":19,"skipped":0,"pct":90.47},"statements":{"total":96,"covered":84,"skipped":0,"pct":87.5},"branches":{"total":68,"covered":36,"skipped":0,"pct":52.94}}
,"D:\\work\\sentiment-analyzer\\backend\\src\\services\\exchange\\crypto-com-exchange.ts": {"lines":{"total":57,"covered":53,"skipped":0,"pct":92.98},"functions":{"total":22,"covered":20,"skipped":0,"pct":90.9},"statements":{"total":61,"covered":56,"skipped":0,"pct":91.8},"branches":{"total":31,"covered":20,"skipped":0,"pct":64.51}}
,"D:\\work\\sentiment-analyzer\\backend\\src\\services\\exchange\\exchange-adapter.ts": {"lines":{"total":1,"covered":1,"skipped":0,"pct":100},"functions":{"total":1,"covered":0,"skipped":0,"pct":0},"statements":{"total":1,"covered":1,"skipped":0,"pct":100},"branches":{"total":0,"covered":0,"skipped":0,"pct":100}}
,"D:\\work\\sentiment-analyzer\\backend\\src\\services\\exchange\\exchange-factory.ts": {"lines":{"total":90,"covered":40,"skipped":0,"pct":44.44},"functions":{"total":4,"covered":3,"skipped":0,"pct":75},"statements":{"total":90,"covered":40,"skipped":0,"pct":44.44},"branches":{"total":71,"covered":25,"skipped":0,"pct":35.21}}
,"D:\\work\\sentiment-analyzer\\backend\\src\\services\\exchange\\paper-exchange.ts": {"lines":{"total":42,"covered":42,"skipped":0,"pct":100},"functions":{"total":14,"covered":14,"skipped":0,"pct":100},"statements":{"total":46,"covered":46,"skipped":0,"pct":100},"branches":{"total":13,"covered":9,"skipped":0,"pct":69.23}}
,"D:\\work\\sentiment-analyzer\\backend\\src\\services\\exchange\\risk-manager.ts": {"lines":{"total":30,"covered":29,"skipped":0,"pct":96.66},"functions":{"total":9,"covered":8,"skipped":0,"pct":88.88},"statements":{"total":31,"covered":30,"skipped":0,"pct":96.77},"branches":{"total":8,"covered":8,"skipped":0,"pct":100}}
,"D:\\work\\sentiment-analyzer\\backend\\src\\services\\exchange\\trading-service.ts": {"lines":{"total":56,"covered":53,"skipped":0,"pct":94.64},"functions":{"total":7,"covered":7,"skipped":0,"pct":100},"statements":{"total":59,"covered":56,"skipped":0,"pct":94.91},"branches":{"total":21,"covered":15,"skipped":0,"pct":71.42}}
,"D:\\work\\sentiment-analyzer\\backend\\src\\services\\exchange\\adapters\\binance-adapter.ts": {"lines":{"total":129,"covered":5,"skipped":0,"pct":3.87},"functions":{"total":29,"covered":0,"skipped":0,"pct":0},"statements":{"total":140,"covered":5,"skipped":0,"pct":3.57},"branches":{"total":64,"covered":0,"skipped":0,"pct":0}}
,"D:\\work\\sentiment-analyzer\\backend\\src\\services\\exchange\\adapters\\coinbase-adapter.ts": {"lines":{"total":67,"covered":5,"skipped":0,"pct":7.46},"functions":{"total":22,"covered":0,"skipped":0,"pct":0},"statements":{"total":72,"covered":5,"skipped":0,"pct":6.94},"branches":{"total":24,"covered":0,"skipped":0,"pct":0}}
,"D:\\work\\sentiment-analyzer\\backend\\src\\services\\social-media\\ingest-queue.ts": {"lines":{"total":65,"covered":58,"skipped":0,"pct":89.23},"functions":{"total":8,"covered":7,"skipped":0,"pct":87.5},"statements":{"total":67,"covered":58,"skipped":0,"pct":86.56},"branches":{"total":23,"covered":18,"skipped":0,"pct":78.26}}
,"D:\\work\\sentiment-analyzer\\backend\\src\\services\\social-media\\scoring\\coin-extractor.ts": {"lines":{"total":32,"covered":32,"skipped":0,"pct":100},"functions":{"total":6,"covered":6,"skipped":0,"pct":100},"statements":{"total":37,"covered":37,"skipped":0,"pct":100},"branches":{"total":4,"covered":4,"skipped":0,"pct":100}}
,"D:\\work\\sentiment-analyzer\\backend\\src\\services\\social-media\\scoring\\item-scorer.ts": {"lines":{"total":135,"covered":116,"skipped":0,"pct":85.92},"functions":{"total":16,"covered":15,"skipped":0,"pct":93.75},"statements":{"total":166,"covered":130,"skipped":0,"pct":78.31},"branches":{"total":97,"covered":53,"skipped":0,"pct":54.63}}
,"D:\\work\\sentiment-analyzer\\backend\\src\\services\\social-media\\scoring\\normalize-text.ts": {"lines":{"total":20,"covered":20,"skipped":0,"pct":100},"functions":{"total":4,"covered":3,"skipped":0,"pct":75},"statements":{"total":22,"covered":20,"skipped":0,"pct":90.9},"branches":{"total":3,"covered":0,"skipped":0,"pct":0}}
,"D:\\work\\sentiment-analyzer\\backend\\src\\services\\social-media\\scoring\\sarcasm-detector.ts": {"lines":{"total":38,"covered":38,"skipped":0,"pct":100},"functions":{"total":4,"covered":4,"skipped":0,"pct":100},"statements":{"total":42,"covered":42,"skipped":0,"pct":100},"branches":{"total":11,"covered":11,"skipped":0,"pct":100}}
,"D:\\work\\sentiment-analyzer\\backend\\src\\services\\social-media\\scoring\\text-normalizer.ts": {"lines":{"total":9,"covered":9,"skipped":0,"pct":100},"functions":{"total":2,"covered":2,"skipped":0,"pct":100},"statements":{"total":10,"covered":10,"skipped":0,"pct":100},"branches":{"total":0,"covered":0,"skipped":0,"pct":100}}
,"D:\\work\\sentiment-analyzer\\backend\\src\\services\\social-media\\scraper\\discord-scraper.ts": {"lines":{"total":49,"covered":8,"skipped":0,"pct":16.32},"functions":{"total":9,"covered":2,"skipped":0,"pct":22.22},"statements":{"total":57,"covered":8,"skipped":0,"pct":14.03},"branches":{"total":45,"covered":4,"skipped":0,"pct":8.88}}
,"D:\\work\\sentiment-analyzer\\backend\\src\\services\\social-media\\scraper\\reddit-scraper.ts": {"lines":{"total":60,"covered":12,"skipped":0,"pct":20},"functions":{"total":7,"covered":1,"skipped":0,"pct":14.28},"statements":{"total":68,"covered":12,"skipped":0,"pct":17.64},"branches":{"total":48,"covered":8,"skipped":0,"pct":16.66}}
,"D:\\work\\sentiment-analyzer\\backend\\src\\services\\social-media\\scraper\\rss-scraper.ts": {"lines":{"total":51,"covered":6,"skipped":0,"pct":11.76},"functions":{"total":14,"covered":1,"skipped":0,"pct":7.14},"statements":{"total":58,"covered":6,"skipped":0,"pct":10.34},"branches":{"total":33,"covered":1,"skipped":0,"pct":3.03}}
,"D:\\work\\sentiment-analyzer\\backend\\src\\services\\social-media\\scraper\\scraper-manager.ts": {"lines":{"total":77,"covered":67,"skipped":0,"pct":87.01},"functions":{"total":32,"covered":25,"skipped":0,"pct":78.12},"statements":{"total":88,"covered":78,"skipped":0,"pct":88.63},"branches":{"total":6,"covered":3,"skipped":0,"pct":50}}
,"D:\\work\\sentiment-analyzer\\backend\\src\\services\\social-media\\scraper\\telegram-scraper.ts": {"lines":{"total":70,"covered":10,"skipped":0,"pct":14.28},"functions":{"total":14,"covered":2,"skipped":0,"pct":14.28},"statements":{"total":75,"covered":10,"skipped":0,"pct":13.33},"branches":{"total":38,"covered":5,"skipped":0,"pct":13.15}}
,"D:\\work\\sentiment-analyzer\\backend\\src\\services\\social-media\\scraper\\tiktok-scraper.ts": {"lines":{"total":39,"covered":7,"skipped":0,"pct":17.94},"functions":{"total":8,"covered":1,"skipped":0,"pct":12.5},"statements":{"total":41,"covered":7,"skipped":0,"pct":17.07},"branches":{"total":68,"covered":4,"skipped":0,"pct":5.88}}
,"D:\\work\\sentiment-analyzer\\backend\\src\\services\\social-media\\scraper\\twitter-scraper.ts": {"lines":{"total":38,"covered":8,"skipped":0,"pct":21.05},"functions":{"total":9,"covered":1,"skipped":0,"pct":11.11},"statements":{"total":42,"covered":8,"skipped":0,"pct":19.04},"branches":{"total":26,"covered":3,"skipped":0,"pct":11.53}}
,"D:\\work\\sentiment-analyzer\\backend\\src\\services\\social-media\\scraper\\youtube-scraper.ts": {"lines":{"total":43,"covered":6,"skipped":0,"pct":13.95},"functions":{"total":9,"covered":1,"skipped":0,"pct":11.11},"statements":{"total":47,"covered":6,"skipped":0,"pct":12.76},"branches":{"total":35,"covered":2,"skipped":0,"pct":5.71}}
,"D:\\work\\sentiment-analyzer\\backend\\src\\services\\social-media\\trending\\multi-source-calculator.ts": {"lines":{"total":95,"covered":87,"skipped":0,"pct":91.57},"functions":{"total":30,"covered":26,"skipped":0,"pct":86.66},"statements":{"total":124,"covered":109,"skipped":0,"pct":87.9},"branches":{"total":37,"covered":27,"skipped":0,"pct":72.97}}
,"D:\\work\\sentiment-analyzer\\backend\\src\\services\\social-media\\trending\\trending-discovery-engine.ts": {"lines":{"total":72,"covered":71,"skipped":0,"pct":98.61},"functions":{"total":9,"covered":9,"skipped":0,"pct":100},"statements":{"total":78,"covered":76,"skipped":0,"pct":97.43},"branches":{"total":23,"covered":16,"skipped":0,"pct":69.56}}
,"D:\\work\\sentiment-analyzer\\backend\\src\\telemetry\\app-insights-transport.ts": {"lines":{"total":61,"covered":22,"skipped":0,"pct":36.06},"functions":{"total":16,"covered":5,"skipped":0,"pct":31.25},"statements":{"total":72,"covered":26,"skipped":0,"pct":36.11},"branches":{"total":39,"covered":6,"skipped":0,"pct":15.38}}
}
